Building DAG of jobs...
Using shell: /bin/bash
Provided cores: 1
Rules claiming more threads will be scaled down.
Job counts:
	count	jobs
	1	all
	1	all_snps_table
	1	covert_snps_table
	1	nonsyn_snps_table
	1	syn_snps_table
	5

[Fri Aug 17 12:45:42 2018]
rule all_snps_table:
    input: tmp/CH2500/bwa/variant.flatcount, tmp/CH2502/bwa/variant.flatcount, tmp/CH2522/bwa/variant.flatcount, tmp/F1659/bwa/variant.flatcount, tmp/CH2500/bwa/variant.snp-vcf, tmp/CH2502/bwa/variant.snp-vcf, tmp/CH2522/bwa/variant.snp-vcf, tmp/F1659/bwa/variant.snp-vcf, strain_list, Pseudomonas_aeruginosa_PA14_annotation_with_ncRNAs_07_2011_12genes.tab
    output: tmp/all_SNPs.tsv
    jobid: 4

[Fri Aug 17 12:46:51 2018]
Finished job 4.
1 of 5 steps (20%) done

[Fri Aug 17 12:46:51 2018]
rule syn_snps_table:
    input: tmp/all_SNPs.tsv, /net/metagenomics/data/from_moni/old.tzuhao/seq2geno/dev_versions/v4/data/reference/RefCln_UCBPP-PA14.gbk
    output: tmp/syn_SNPs.tab
    jobid: 2

[Fri Aug 17 12:47:27 2018]
Finished job 2.
2 of 5 steps (40%) done

[Fri Aug 17 12:47:27 2018]
rule nonsyn_snps_table:
    input: tmp/all_SNPs.tsv, /net/metagenomics/data/from_moni/old.tzuhao/seq2geno/dev_versions/v4/data/reference/RefCln_UCBPP-PA14.gbk
    output: tmp/non-syn_SNPs.tab
    jobid: 3

[Fri Aug 17 12:47:46 2018]
Finished job 3.
3 of 5 steps (60%) done

[Fri Aug 17 12:47:46 2018]
rule covert_snps_table:
    input: tmp/non-syn_SNPs.tab, tmp/syn_SNPs.tab
    output: /net/metagenomics/data/from_moni/old.tzuhao/seq2geno/dev_versions/v4/results/nonsyn_snps.tab, /net/metagenomics/data/from_moni/old.tzuhao/seq2geno/dev_versions/v4/results/syn_snps.tab
    jobid: 1

[Fri Aug 17 12:49:07 2018]
Finished job 1.
4 of 5 steps (80%) done

[Fri Aug 17 12:49:07 2018]
localrule all:
    input: /net/metagenomics/data/from_moni/old.tzuhao/seq2geno/dev_versions/v4/results/syn_snps.tab, /net/metagenomics/data/from_moni/old.tzuhao/seq2geno/dev_versions/v4/results/nonsyn_snps.tab
    jobid: 0

[Fri Aug 17 12:49:07 2018]
Finished job 0.
5 of 5 steps (100%) done
Complete log: /net/sgi/metagenomics/data/from_moni/old.tzuhao/seq2geno/dev_versions/v4/.snakemake/log/2018-08-17T124538.561517.snakemake.log
