Building DAG of jobs...
Using shell: /bin/bash
Provided cores: 1
Rules claiming more threads will be scaled down.
Job counts:
	count	jobs
	1	all
	1	compute_gpa_table
	2

[Tue Aug 14 15:21:14 2018]
rule compute_gpa_table:
    input: tmp/roary/gene_presence_absence.csv
    output: /net/metagenomics/data/from_moni/old.tzuhao/seq2geno/dev_versions/v4/results/gpa.tab
    jobid: 1

[Tue Aug 14 15:21:20 2018]
Finished job 1.
1 of 2 steps (50%) done

[Tue Aug 14 15:21:20 2018]
localrule all:
    input: /net/metagenomics/data/from_moni/old.tzuhao/seq2geno/dev_versions/v4/results/gpa.tab
    jobid: 0

[Tue Aug 14 15:21:20 2018]
Finished job 0.
2 of 2 steps (100%) done
Complete log: /net/sgi/metagenomics/data/from_moni/old.tzuhao/seq2geno/dev_versions/v4/.snakemake/log/2018-08-14T152112.825985.snakemake.log
