Building DAG of jobs...
Using shell: /bin/bash
Provided cores: 1
Rules claiming more threads will be scaled down.
Job counts:
	count	jobs
	1	all
	4	create_vcf
	1	load_reference
	4	mapping
	4	process_vcf
	4	sort_bam
	18

rule load_reference:
    input: data/reference/RefCln_UCBPP-PA14.fa
    output: data/reference/RefCln_UCBPP-PA14.fa.fai, data/reference/RefCln_UCBPP-PA14.fa.bwt
    jobid: 10

Finished job 10.
1 of 18 steps (6%) done

rule mapping:
    input: data/reference/RefCln_UCBPP-PA14.fa, data/strains/dna/F1659_1.fq.gz, data/strains/dna/F1659_2.fq.gz, data/reference/RefCln_UCBPP-PA14.fa.bwt
    output: tmp/F1659/bwa.raw.bam
    jobid: 15
    wildcards: TMP_D=tmp, strain=F1659, mapper=bwa

Finished job 15.
2 of 18 steps (11%) done

rule sort_bam:
    input: tmp/F1659/bwa.raw.bam
    output: tmp/F1659/bwa.sorted.bam, tmp/F1659/bwa.sorted.bam.bai
    jobid: 11
    wildcards: TMP_D=tmp, strain=F1659, mapper=bwa

Removing temporary output file tmp/F1659/bwa.raw.bam.
Finished job 11.
3 of 18 steps (17%) done

rule create_vcf:
    input: data/reference/RefCln_UCBPP-PA14.fa, data/reference/RefCln_UCBPP-PA14.fa.fai, tmp/F1659/bwa.sorted.bam, tmp/F1659/bwa.sorted.bam.bai
    output: tmp/F1659/bwa.vcf
    jobid: 6
    wildcards: TMP_D=tmp, strain=F1659, mapper=bwa

Removing temporary output file tmp/F1659/bwa.sorted.bam.bai.
Removing temporary output file tmp/F1659/bwa.sorted.bam.
Finished job 6.
4 of 18 steps (22%) done

rule mapping:
    input: data/reference/RefCln_UCBPP-PA14.fa, data/strains/dna/CH2500_1.fq.gz, data/strains/dna/CH2500_2.fq.gz, data/reference/RefCln_UCBPP-PA14.fa.bwt
    output: tmp/CH2500/bwa.raw.bam
    jobid: 17
    wildcards: TMP_D=tmp, strain=CH2500, mapper=bwa

Finished job 17.
5 of 18 steps (28%) done

rule sort_bam:
    input: tmp/CH2500/bwa.raw.bam
    output: tmp/CH2500/bwa.sorted.bam, tmp/CH2500/bwa.sorted.bam.bai
    jobid: 13
    wildcards: TMP_D=tmp, strain=CH2500, mapper=bwa

Removing temporary output file tmp/CH2500/bwa.raw.bam.
Finished job 13.
6 of 18 steps (33%) done

rule create_vcf:
    input: data/reference/RefCln_UCBPP-PA14.fa, data/reference/RefCln_UCBPP-PA14.fa.fai, tmp/CH2500/bwa.sorted.bam, tmp/CH2500/bwa.sorted.bam.bai
    output: tmp/CH2500/bwa.vcf
    jobid: 8
    wildcards: TMP_D=tmp, strain=CH2500, mapper=bwa

Removing temporary output file tmp/CH2500/bwa.sorted.bam.
Removing temporary output file tmp/CH2500/bwa.sorted.bam.bai.
Finished job 8.
7 of 18 steps (39%) done

rule mapping:
    input: data/reference/RefCln_UCBPP-PA14.fa, data/strains/dna/CH2522_1.fq.gz, data/strains/dna/CH2522_2.fq.gz, data/reference/RefCln_UCBPP-PA14.fa.bwt
    output: tmp/CH2522/bwa.raw.bam
    jobid: 14
    wildcards: TMP_D=tmp, strain=CH2522, mapper=bwa

Finished job 14.
8 of 18 steps (44%) done

rule sort_bam:
    input: tmp/CH2522/bwa.raw.bam
    output: tmp/CH2522/bwa.sorted.bam, tmp/CH2522/bwa.sorted.bam.bai
    jobid: 9
    wildcards: TMP_D=tmp, strain=CH2522, mapper=bwa

Removing temporary output file tmp/CH2522/bwa.raw.bam.
Finished job 9.
9 of 18 steps (50%) done

rule create_vcf:
    input: data/reference/RefCln_UCBPP-PA14.fa, data/reference/RefCln_UCBPP-PA14.fa.fai, tmp/CH2522/bwa.sorted.bam, tmp/CH2522/bwa.sorted.bam.bai
    output: tmp/CH2522/bwa.vcf
    jobid: 5
    wildcards: TMP_D=tmp, strain=CH2522, mapper=bwa

Removing temporary output file tmp/CH2522/bwa.sorted.bam.
Removing temporary output file tmp/CH2522/bwa.sorted.bam.bai.
Finished job 5.
10 of 18 steps (56%) done

rule mapping:
    input: data/reference/RefCln_UCBPP-PA14.fa, data/strains/dna/CH2502_1.fq.gz, data/strains/dna/CH2502_2.fq.gz, data/reference/RefCln_UCBPP-PA14.fa.bwt
    output: tmp/CH2502/bwa.raw.bam
    jobid: 16
    wildcards: TMP_D=tmp, strain=CH2502, mapper=bwa

Removing temporary output file data/reference/RefCln_UCBPP-PA14.fa.bwt.
Finished job 16.
11 of 18 steps (61%) done

rule sort_bam:
    input: tmp/CH2502/bwa.raw.bam
    output: tmp/CH2502/bwa.sorted.bam, tmp/CH2502/bwa.sorted.bam.bai
    jobid: 12
    wildcards: TMP_D=tmp, strain=CH2502, mapper=bwa

Removing temporary output file tmp/CH2502/bwa.raw.bam.
Finished job 12.
12 of 18 steps (67%) done

rule create_vcf:
    input: data/reference/RefCln_UCBPP-PA14.fa, data/reference/RefCln_UCBPP-PA14.fa.fai, tmp/CH2502/bwa.sorted.bam, tmp/CH2502/bwa.sorted.bam.bai
    output: tmp/CH2502/bwa.vcf
    jobid: 7
    wildcards: TMP_D=tmp, strain=CH2502, mapper=bwa

Removing temporary output file data/reference/RefCln_UCBPP-PA14.fa.fai.
Removing temporary output file tmp/CH2502/bwa.sorted.bam.bai.
Removing temporary output file tmp/CH2502/bwa.sorted.bam.
Finished job 7.
13 of 18 steps (72%) done

rule process_vcf:
    input: tmp/CH2522/bwa.vcf
    output: tmp/CH2522/bwa.vcf.gz
    jobid: 1
    wildcards: TMP_D=tmp, strains=CH2522, mapper=bwa

Finished job 1.
14 of 18 steps (78%) done

rule process_vcf:
    input: tmp/CH2502/bwa.vcf
    output: tmp/CH2502/bwa.vcf.gz
    jobid: 3
    wildcards: TMP_D=tmp, strains=CH2502, mapper=bwa

Finished job 3.
15 of 18 steps (83%) done

rule process_vcf:
    input: tmp/F1659/bwa.vcf
    output: tmp/F1659/bwa.vcf.gz
    jobid: 2
    wildcards: TMP_D=tmp, strains=F1659, mapper=bwa

Finished job 2.
16 of 18 steps (89%) done

rule process_vcf:
    input: tmp/CH2500/bwa.vcf
    output: tmp/CH2500/bwa.vcf.gz
    jobid: 4
    wildcards: TMP_D=tmp, strains=CH2500, mapper=bwa

Finished job 4.
17 of 18 steps (94%) done

localrule all:
    input: tmp/CH2500/bwa.vcf.gz, tmp/CH2502/bwa.vcf.gz, tmp/CH2522/bwa.vcf.gz, tmp/F1659/bwa.vcf.gz
    jobid: 0

Finished job 0.
18 of 18 steps (100%) done
Complete log: /net/sgi/metagenomics/data/from_moni/old.tzuhao/seq2geno/dev_versions/v3/.snakemake/log/2018-07-09T161607.058362.snakemake.log
