Building DAG of jobs...
Using shell: /bin/bash
Provided cores: 1
Rules claiming more threads will be scaled down.
Job counts:
	count	jobs
	1	all
	2	compress_feat_table
	1	create_and_make_expr_table
	1	for_salmon_create_ref_index
	1	for_salmon_extract_cds_seqs
	10	gene_counts_by_salmon
	1	ng_create_coding_region_bed
	1	ng_detect_var_for_pop
	1	ng_mask_coding_regions
	1	ng_mask_intergenic_regions
	10	ng_paired_read_bwa_mapping
	10	ng_sam2bam
	10	ng_sort_bam
	10	ng_stampy_remapping
	1	split_multi_allelic_sites
	1	vcf_to_snp_tables
	62

[Thu Sep 20 15:40:50 2018]
rule ng_paired_read_bwa_mapping:
    input: data/strains/dna/F1659_1.fq.gz, data/strains/dna/F1659_2.fq.gz, /net/metagenomics/data/from_moni/old.tzuhao/seq2geno/dev_versions/v7/data/reference/RefCln_UCBPP-PA14.fa, /net/metagenomics/data/from_moni/old.tzuhao/seq2geno/dev_versions/v7/data/reference/RefCln_UCBPP-PA14.fa.fai, /net/metagenomics/data/from_moni/old.tzuhao/seq2geno/dev_versions/v7/data/reference/RefCln_UCBPP-PA14.fa.bwt
    output: seq2geno_temp/F1659/stampy/bwa1.sai, seq2geno_temp/F1659/stampy/bwa2.sai, seq2geno_temp/F1659/stampy/pre_bwa.bam
    jobid: 58
    wildcards: TMP_D=seq2geno_temp, strain=F1659

[Thu Sep 20 15:45:57 2018]
Finished job 58.
1 of 62 steps (2%) done

[Thu Sep 20 15:45:57 2018]
rule ng_stampy_remapping:
    input: /net/metagenomics/data/from_moni/old.tzuhao/seq2geno/dev_versions/v7/data/reference/RefCln_UCBPP-PA14.fa.stidx, /net/metagenomics/data/from_moni/old.tzuhao/seq2geno/dev_versions/v7/data/reference/RefCln_UCBPP-PA14.fa.sthash, seq2geno_temp/F1659/stampy/pre_bwa.bam
    output: seq2geno_temp/F1659/stampy/remap.sam
    jobid: 48
    wildcards: TMP_D=seq2geno_temp, strain=F1659

[Thu Sep 20 16:14:28 2018]
Finished job 48.
2 of 62 steps (3%) done

[Thu Sep 20 16:14:28 2018]
rule ng_sam2bam:
    input: seq2geno_temp/F1659/stampy/remap.sam
    output: seq2geno_temp/F1659/stampy/remap.bam
    jobid: 38
    wildcards: TMP_D=seq2geno_temp, strain=F1659

[Thu Sep 20 16:15:23 2018]
Finished job 38.
3 of 62 steps (5%) done

[Thu Sep 20 16:15:23 2018]
rule ng_sort_bam:
    input: seq2geno_temp/F1659/stampy/remap.bam
    output: seq2geno_temp/F1659/stampy/remap_sorted.bam, seq2geno_temp/F1659/stampy/remap_sorted.bam.bai
    jobid: 28
    wildcards: TMP_D=seq2geno_temp, strain=F1659

[Thu Sep 20 16:26:50 2018]
Finished job 28.
4 of 62 steps (6%) done

[Thu Sep 20 16:26:50 2018]
rule ng_paired_read_bwa_mapping:
    input: data/strains/dna/F2167_1.fq.gz, data/strains/dna/F2167_2.fq.gz, /net/metagenomics/data/from_moni/old.tzuhao/seq2geno/dev_versions/v7/data/reference/RefCln_UCBPP-PA14.fa, /net/metagenomics/data/from_moni/old.tzuhao/seq2geno/dev_versions/v7/data/reference/RefCln_UCBPP-PA14.fa.fai, /net/metagenomics/data/from_moni/old.tzuhao/seq2geno/dev_versions/v7/data/reference/RefCln_UCBPP-PA14.fa.bwt
    output: seq2geno_temp/F2167/stampy/bwa1.sai, seq2geno_temp/F2167/stampy/bwa2.sai, seq2geno_temp/F2167/stampy/pre_bwa.bam
    jobid: 54
    wildcards: TMP_D=seq2geno_temp, strain=F2167

[Thu Sep 20 16:32:26 2018]
Finished job 54.
5 of 62 steps (8%) done

[Thu Sep 20 16:32:26 2018]
rule ng_stampy_remapping:
    input: /net/metagenomics/data/from_moni/old.tzuhao/seq2geno/dev_versions/v7/data/reference/RefCln_UCBPP-PA14.fa.stidx, /net/metagenomics/data/from_moni/old.tzuhao/seq2geno/dev_versions/v7/data/reference/RefCln_UCBPP-PA14.fa.sthash, seq2geno_temp/F2167/stampy/pre_bwa.bam
    output: seq2geno_temp/F2167/stampy/remap.sam
    jobid: 44
    wildcards: TMP_D=seq2geno_temp, strain=F2167

[Thu Sep 20 16:57:21 2018]
Finished job 44.
6 of 62 steps (10%) done

[Thu Sep 20 16:57:21 2018]
rule ng_sam2bam:
    input: seq2geno_temp/F2167/stampy/remap.sam
    output: seq2geno_temp/F2167/stampy/remap.bam
    jobid: 34
    wildcards: TMP_D=seq2geno_temp, strain=F2167

[Thu Sep 20 16:58:14 2018]
Finished job 34.
7 of 62 steps (11%) done

[Thu Sep 20 16:58:14 2018]
rule ng_sort_bam:
    input: seq2geno_temp/F2167/stampy/remap.bam
    output: seq2geno_temp/F2167/stampy/remap_sorted.bam, seq2geno_temp/F2167/stampy/remap_sorted.bam.bai
    jobid: 24
    wildcards: TMP_D=seq2geno_temp, strain=F2167

[Thu Sep 20 17:09:56 2018]
Finished job 24.
8 of 62 steps (13%) done

[Thu Sep 20 17:09:56 2018]
rule ng_paired_read_bwa_mapping:
    input: data/strains/dna/MHH15083_1.fq.gz, data/strains/dna/MHH15083_2.fq.gz, /net/metagenomics/data/from_moni/old.tzuhao/seq2geno/dev_versions/v7/data/reference/RefCln_UCBPP-PA14.fa, /net/metagenomics/data/from_moni/old.tzuhao/seq2geno/dev_versions/v7/data/reference/RefCln_UCBPP-PA14.fa.fai, /net/metagenomics/data/from_moni/old.tzuhao/seq2geno/dev_versions/v7/data/reference/RefCln_UCBPP-PA14.fa.bwt
    output: seq2geno_temp/MHH15083/stampy/bwa1.sai, seq2geno_temp/MHH15083/stampy/bwa2.sai, seq2geno_temp/MHH15083/stampy/pre_bwa.bam
    jobid: 56
    wildcards: TMP_D=seq2geno_temp, strain=MHH15083

[Thu Sep 20 17:14:40 2018]
Finished job 56.
9 of 62 steps (15%) done

[Thu Sep 20 17:14:40 2018]
rule ng_stampy_remapping:
    input: /net/metagenomics/data/from_moni/old.tzuhao/seq2geno/dev_versions/v7/data/reference/RefCln_UCBPP-PA14.fa.stidx, /net/metagenomics/data/from_moni/old.tzuhao/seq2geno/dev_versions/v7/data/reference/RefCln_UCBPP-PA14.fa.sthash, seq2geno_temp/MHH15083/stampy/pre_bwa.bam
    output: seq2geno_temp/MHH15083/stampy/remap.sam
    jobid: 46
    wildcards: TMP_D=seq2geno_temp, strain=MHH15083

[Thu Sep 20 17:39:08 2018]
Finished job 46.
10 of 62 steps (16%) done

[Thu Sep 20 17:39:08 2018]
rule ng_sam2bam:
    input: seq2geno_temp/MHH15083/stampy/remap.sam
    output: seq2geno_temp/MHH15083/stampy/remap.bam
    jobid: 36
    wildcards: TMP_D=seq2geno_temp, strain=MHH15083

[Thu Sep 20 17:39:58 2018]
Finished job 36.
11 of 62 steps (18%) done

[Thu Sep 20 17:39:58 2018]
rule ng_sort_bam:
    input: seq2geno_temp/MHH15083/stampy/remap.bam
    output: seq2geno_temp/MHH15083/stampy/remap_sorted.bam, seq2geno_temp/MHH15083/stampy/remap_sorted.bam.bai
    jobid: 26
    wildcards: TMP_D=seq2geno_temp, strain=MHH15083

[Thu Sep 20 17:51:07 2018]
Finished job 26.
12 of 62 steps (19%) done

[Thu Sep 20 17:51:07 2018]
rule ng_paired_read_bwa_mapping:
    input: data/strains/dna/F2097_1.fq.gz, data/strains/dna/F2097_2.fq.gz, /net/metagenomics/data/from_moni/old.tzuhao/seq2geno/dev_versions/v7/data/reference/RefCln_UCBPP-PA14.fa, /net/metagenomics/data/from_moni/old.tzuhao/seq2geno/dev_versions/v7/data/reference/RefCln_UCBPP-PA14.fa.fai, /net/metagenomics/data/from_moni/old.tzuhao/seq2geno/dev_versions/v7/data/reference/RefCln_UCBPP-PA14.fa.bwt
    output: seq2geno_temp/F2097/stampy/bwa1.sai, seq2geno_temp/F2097/stampy/bwa2.sai, seq2geno_temp/F2097/stampy/pre_bwa.bam
    jobid: 57
    wildcards: TMP_D=seq2geno_temp, strain=F2097

[Thu Sep 20 17:55:58 2018]
Finished job 57.
13 of 62 steps (21%) done

[Thu Sep 20 17:55:58 2018]
rule ng_stampy_remapping:
    input: /net/metagenomics/data/from_moni/old.tzuhao/seq2geno/dev_versions/v7/data/reference/RefCln_UCBPP-PA14.fa.stidx, /net/metagenomics/data/from_moni/old.tzuhao/seq2geno/dev_versions/v7/data/reference/RefCln_UCBPP-PA14.fa.sthash, seq2geno_temp/F2097/stampy/pre_bwa.bam
    output: seq2geno_temp/F2097/stampy/remap.sam
    jobid: 47
    wildcards: TMP_D=seq2geno_temp, strain=F2097

[Thu Sep 20 18:17:34 2018]
Finished job 47.
14 of 62 steps (23%) done

[Thu Sep 20 18:17:34 2018]
rule ng_sam2bam:
    input: seq2geno_temp/F2097/stampy/remap.sam
    output: seq2geno_temp/F2097/stampy/remap.bam
    jobid: 37
    wildcards: TMP_D=seq2geno_temp, strain=F2097

[Thu Sep 20 18:18:22 2018]
Finished job 37.
15 of 62 steps (24%) done

[Thu Sep 20 18:18:22 2018]
rule ng_sort_bam:
    input: seq2geno_temp/F2097/stampy/remap.bam
    output: seq2geno_temp/F2097/stampy/remap_sorted.bam, seq2geno_temp/F2097/stampy/remap_sorted.bam.bai
    jobid: 27
    wildcards: TMP_D=seq2geno_temp, strain=F2097

[Thu Sep 20 18:28:19 2018]
Finished job 27.
16 of 62 steps (26%) done

[Thu Sep 20 18:28:19 2018]
rule ng_paired_read_bwa_mapping:
    input: data/strains/dna/MHH14911_1.fq.gz, data/strains/dna/MHH14911_2.fq.gz, /net/metagenomics/data/from_moni/old.tzuhao/seq2geno/dev_versions/v7/data/reference/RefCln_UCBPP-PA14.fa, /net/metagenomics/data/from_moni/old.tzuhao/seq2geno/dev_versions/v7/data/reference/RefCln_UCBPP-PA14.fa.fai, /net/metagenomics/data/from_moni/old.tzuhao/seq2geno/dev_versions/v7/data/reference/RefCln_UCBPP-PA14.fa.bwt
    output: seq2geno_temp/MHH14911/stampy/bwa1.sai, seq2geno_temp/MHH14911/stampy/bwa2.sai, seq2geno_temp/MHH14911/stampy/pre_bwa.bam
    jobid: 53
    wildcards: TMP_D=seq2geno_temp, strain=MHH14911

[Thu Sep 20 18:32:18 2018]
Finished job 53.
17 of 62 steps (27%) done

[Thu Sep 20 18:32:18 2018]
rule ng_stampy_remapping:
    input: /net/metagenomics/data/from_moni/old.tzuhao/seq2geno/dev_versions/v7/data/reference/RefCln_UCBPP-PA14.fa.stidx, /net/metagenomics/data/from_moni/old.tzuhao/seq2geno/dev_versions/v7/data/reference/RefCln_UCBPP-PA14.fa.sthash, seq2geno_temp/MHH14911/stampy/pre_bwa.bam
    output: seq2geno_temp/MHH14911/stampy/remap.sam
    jobid: 43
    wildcards: TMP_D=seq2geno_temp, strain=MHH14911

[Thu Sep 20 18:49:12 2018]
Finished job 43.
18 of 62 steps (29%) done

[Thu Sep 20 18:49:12 2018]
rule ng_sam2bam:
    input: seq2geno_temp/MHH14911/stampy/remap.sam
    output: seq2geno_temp/MHH14911/stampy/remap.bam
    jobid: 33
    wildcards: TMP_D=seq2geno_temp, strain=MHH14911

[Thu Sep 20 18:49:45 2018]
Finished job 33.
19 of 62 steps (31%) done

[Thu Sep 20 18:49:45 2018]
rule ng_sort_bam:
    input: seq2geno_temp/MHH14911/stampy/remap.bam
    output: seq2geno_temp/MHH14911/stampy/remap_sorted.bam, seq2geno_temp/MHH14911/stampy/remap_sorted.bam.bai
    jobid: 23
    wildcards: TMP_D=seq2geno_temp, strain=MHH14911

[Thu Sep 20 18:55:44 2018]
Finished job 23.
20 of 62 steps (32%) done

[Thu Sep 20 18:55:44 2018]
rule ng_paired_read_bwa_mapping:
    input: data/strains/dna/ESP088_1.fq.gz, data/strains/dna/ESP088_2.fq.gz, /net/metagenomics/data/from_moni/old.tzuhao/seq2geno/dev_versions/v7/data/reference/RefCln_UCBPP-PA14.fa, /net/metagenomics/data/from_moni/old.tzuhao/seq2geno/dev_versions/v7/data/reference/RefCln_UCBPP-PA14.fa.fai, /net/metagenomics/data/from_moni/old.tzuhao/seq2geno/dev_versions/v7/data/reference/RefCln_UCBPP-PA14.fa.bwt
    output: seq2geno_temp/ESP088/stampy/bwa1.sai, seq2geno_temp/ESP088/stampy/bwa2.sai, seq2geno_temp/ESP088/stampy/pre_bwa.bam
    jobid: 52
    wildcards: TMP_D=seq2geno_temp, strain=ESP088

[Thu Sep 20 18:59:02 2018]
Finished job 52.
21 of 62 steps (34%) done

[Thu Sep 20 18:59:02 2018]
rule ng_stampy_remapping:
    input: /net/metagenomics/data/from_moni/old.tzuhao/seq2geno/dev_versions/v7/data/reference/RefCln_UCBPP-PA14.fa.stidx, /net/metagenomics/data/from_moni/old.tzuhao/seq2geno/dev_versions/v7/data/reference/RefCln_UCBPP-PA14.fa.sthash, seq2geno_temp/ESP088/stampy/pre_bwa.bam
    output: seq2geno_temp/ESP088/stampy/remap.sam
    jobid: 42
    wildcards: TMP_D=seq2geno_temp, strain=ESP088

[Thu Sep 20 19:16:36 2018]
Finished job 42.
22 of 62 steps (35%) done

[Thu Sep 20 19:16:36 2018]
rule ng_sam2bam:
    input: seq2geno_temp/ESP088/stampy/remap.sam
    output: seq2geno_temp/ESP088/stampy/remap.bam
    jobid: 32
    wildcards: TMP_D=seq2geno_temp, strain=ESP088

[Thu Sep 20 19:17:11 2018]
Finished job 32.
23 of 62 steps (37%) done

[Thu Sep 20 19:17:11 2018]
rule ng_sort_bam:
    input: seq2geno_temp/ESP088/stampy/remap.bam
    output: seq2geno_temp/ESP088/stampy/remap_sorted.bam, seq2geno_temp/ESP088/stampy/remap_sorted.bam.bai
    jobid: 22
    wildcards: TMP_D=seq2geno_temp, strain=ESP088

[Thu Sep 20 19:24:18 2018]
Finished job 22.
24 of 62 steps (39%) done

[Thu Sep 20 19:24:18 2018]
rule ng_paired_read_bwa_mapping:
    input: data/strains/dna/CH2500_1.fq.gz, data/strains/dna/CH2500_2.fq.gz, /net/metagenomics/data/from_moni/old.tzuhao/seq2geno/dev_versions/v7/data/reference/RefCln_UCBPP-PA14.fa, /net/metagenomics/data/from_moni/old.tzuhao/seq2geno/dev_versions/v7/data/reference/RefCln_UCBPP-PA14.fa.fai, /net/metagenomics/data/from_moni/old.tzuhao/seq2geno/dev_versions/v7/data/reference/RefCln_UCBPP-PA14.fa.bwt
    output: seq2geno_temp/CH2500/stampy/bwa1.sai, seq2geno_temp/CH2500/stampy/bwa2.sai, seq2geno_temp/CH2500/stampy/pre_bwa.bam
    jobid: 55
    wildcards: TMP_D=seq2geno_temp, strain=CH2500

[Thu Sep 20 19:27:23 2018]
Finished job 55.
25 of 62 steps (40%) done

[Thu Sep 20 19:27:23 2018]
rule ng_stampy_remapping:
    input: /net/metagenomics/data/from_moni/old.tzuhao/seq2geno/dev_versions/v7/data/reference/RefCln_UCBPP-PA14.fa.stidx, /net/metagenomics/data/from_moni/old.tzuhao/seq2geno/dev_versions/v7/data/reference/RefCln_UCBPP-PA14.fa.sthash, seq2geno_temp/CH2500/stampy/pre_bwa.bam
    output: seq2geno_temp/CH2500/stampy/remap.sam
    jobid: 45
    wildcards: TMP_D=seq2geno_temp, strain=CH2500

[Thu Sep 20 19:42:52 2018]
Finished job 45.
26 of 62 steps (42%) done

[Thu Sep 20 19:42:52 2018]
rule ng_sam2bam:
    input: seq2geno_temp/CH2500/stampy/remap.sam
    output: seq2geno_temp/CH2500/stampy/remap.bam
    jobid: 35
    wildcards: TMP_D=seq2geno_temp, strain=CH2500

[Thu Sep 20 19:43:20 2018]
Finished job 35.
27 of 62 steps (44%) done

[Thu Sep 20 19:43:20 2018]
rule ng_sort_bam:
    input: seq2geno_temp/CH2500/stampy/remap.bam
    output: seq2geno_temp/CH2500/stampy/remap_sorted.bam, seq2geno_temp/CH2500/stampy/remap_sorted.bam.bai
    jobid: 25
    wildcards: TMP_D=seq2geno_temp, strain=CH2500

[Thu Sep 20 19:48:12 2018]
Finished job 25.
28 of 62 steps (45%) done

[Thu Sep 20 19:48:12 2018]
rule ng_paired_read_bwa_mapping:
    input: data/strains/dna/CH2522_1.fq.gz, data/strains/dna/CH2522_2.fq.gz, /net/metagenomics/data/from_moni/old.tzuhao/seq2geno/dev_versions/v7/data/reference/RefCln_UCBPP-PA14.fa, /net/metagenomics/data/from_moni/old.tzuhao/seq2geno/dev_versions/v7/data/reference/RefCln_UCBPP-PA14.fa.fai, /net/metagenomics/data/from_moni/old.tzuhao/seq2geno/dev_versions/v7/data/reference/RefCln_UCBPP-PA14.fa.bwt
    output: seq2geno_temp/CH2522/stampy/bwa1.sai, seq2geno_temp/CH2522/stampy/bwa2.sai, seq2geno_temp/CH2522/stampy/pre_bwa.bam
    jobid: 59
    wildcards: TMP_D=seq2geno_temp, strain=CH2522

[Thu Sep 20 19:51:32 2018]
Finished job 59.
29 of 62 steps (47%) done

[Thu Sep 20 19:51:33 2018]
rule ng_stampy_remapping:
    input: /net/metagenomics/data/from_moni/old.tzuhao/seq2geno/dev_versions/v7/data/reference/RefCln_UCBPP-PA14.fa.stidx, /net/metagenomics/data/from_moni/old.tzuhao/seq2geno/dev_versions/v7/data/reference/RefCln_UCBPP-PA14.fa.sthash, seq2geno_temp/CH2522/stampy/pre_bwa.bam
    output: seq2geno_temp/CH2522/stampy/remap.sam
    jobid: 49
    wildcards: TMP_D=seq2geno_temp, strain=CH2522

[Thu Sep 20 20:06:03 2018]
Finished job 49.
30 of 62 steps (48%) done

[Thu Sep 20 20:06:03 2018]
rule ng_sam2bam:
    input: seq2geno_temp/CH2522/stampy/remap.sam
    output: seq2geno_temp/CH2522/stampy/remap.bam
    jobid: 39
    wildcards: TMP_D=seq2geno_temp, strain=CH2522

[Thu Sep 20 20:06:30 2018]
Finished job 39.
31 of 62 steps (50%) done

[Thu Sep 20 20:06:30 2018]
rule ng_sort_bam:
    input: seq2geno_temp/CH2522/stampy/remap.bam
    output: seq2geno_temp/CH2522/stampy/remap_sorted.bam, seq2geno_temp/CH2522/stampy/remap_sorted.bam.bai
    jobid: 29
    wildcards: TMP_D=seq2geno_temp, strain=CH2522

[Thu Sep 20 20:11:16 2018]
Finished job 29.
32 of 62 steps (52%) done

[Thu Sep 20 20:11:16 2018]
rule ng_paired_read_bwa_mapping:
    input: data/strains/dna/CH2502_1.fq.gz, data/strains/dna/CH2502_2.fq.gz, /net/metagenomics/data/from_moni/old.tzuhao/seq2geno/dev_versions/v7/data/reference/RefCln_UCBPP-PA14.fa, /net/metagenomics/data/from_moni/old.tzuhao/seq2geno/dev_versions/v7/data/reference/RefCln_UCBPP-PA14.fa.fai, /net/metagenomics/data/from_moni/old.tzuhao/seq2geno/dev_versions/v7/data/reference/RefCln_UCBPP-PA14.fa.bwt
    output: seq2geno_temp/CH2502/stampy/bwa1.sai, seq2geno_temp/CH2502/stampy/bwa2.sai, seq2geno_temp/CH2502/stampy/pre_bwa.bam
    jobid: 60
    wildcards: TMP_D=seq2geno_temp, strain=CH2502

[Thu Sep 20 20:14:02 2018]
Finished job 60.
33 of 62 steps (53%) done

[Thu Sep 20 20:14:02 2018]
rule ng_stampy_remapping:
    input: /net/metagenomics/data/from_moni/old.tzuhao/seq2geno/dev_versions/v7/data/reference/RefCln_UCBPP-PA14.fa.stidx, /net/metagenomics/data/from_moni/old.tzuhao/seq2geno/dev_versions/v7/data/reference/RefCln_UCBPP-PA14.fa.sthash, seq2geno_temp/CH2502/stampy/pre_bwa.bam
    output: seq2geno_temp/CH2502/stampy/remap.sam
    jobid: 50
    wildcards: TMP_D=seq2geno_temp, strain=CH2502

[Thu Sep 20 20:26:21 2018]
Finished job 50.
34 of 62 steps (55%) done

[Thu Sep 20 20:26:21 2018]
rule ng_sam2bam:
    input: seq2geno_temp/CH2502/stampy/remap.sam
    output: seq2geno_temp/CH2502/stampy/remap.bam
    jobid: 40
    wildcards: TMP_D=seq2geno_temp, strain=CH2502

[Thu Sep 20 20:26:46 2018]
Finished job 40.
35 of 62 steps (56%) done

[Thu Sep 20 20:26:46 2018]
rule ng_sort_bam:
    input: seq2geno_temp/CH2502/stampy/remap.bam
    output: seq2geno_temp/CH2502/stampy/remap_sorted.bam, seq2geno_temp/CH2502/stampy/remap_sorted.bam.bai
    jobid: 30
    wildcards: TMP_D=seq2geno_temp, strain=CH2502

[Thu Sep 20 20:31:11 2018]
Finished job 30.
36 of 62 steps (58%) done

[Thu Sep 20 20:31:11 2018]
rule ng_paired_read_bwa_mapping:
    input: data/strains/dna/MHH15103_1.fq.gz, data/strains/dna/MHH15103_2.fq.gz, /net/metagenomics/data/from_moni/old.tzuhao/seq2geno/dev_versions/v7/data/reference/RefCln_UCBPP-PA14.fa, /net/metagenomics/data/from_moni/old.tzuhao/seq2geno/dev_versions/v7/data/reference/RefCln_UCBPP-PA14.fa.fai, /net/metagenomics/data/from_moni/old.tzuhao/seq2geno/dev_versions/v7/data/reference/RefCln_UCBPP-PA14.fa.bwt
    output: seq2geno_temp/MHH15103/stampy/bwa1.sai, seq2geno_temp/MHH15103/stampy/bwa2.sai, seq2geno_temp/MHH15103/stampy/pre_bwa.bam
    jobid: 61
    wildcards: TMP_D=seq2geno_temp, strain=MHH15103

[Thu Sep 20 20:34:10 2018]
Finished job 61.
37 of 62 steps (60%) done

[Thu Sep 20 20:34:10 2018]
rule ng_stampy_remapping:
    input: /net/metagenomics/data/from_moni/old.tzuhao/seq2geno/dev_versions/v7/data/reference/RefCln_UCBPP-PA14.fa.stidx, /net/metagenomics/data/from_moni/old.tzuhao/seq2geno/dev_versions/v7/data/reference/RefCln_UCBPP-PA14.fa.sthash, seq2geno_temp/MHH15103/stampy/pre_bwa.bam
    output: seq2geno_temp/MHH15103/stampy/remap.sam
    jobid: 51
    wildcards: TMP_D=seq2geno_temp, strain=MHH15103

[Thu Sep 20 20:46:50 2018]
Finished job 51.
38 of 62 steps (61%) done

[Thu Sep 20 20:46:50 2018]
rule ng_sam2bam:
    input: seq2geno_temp/MHH15103/stampy/remap.sam
    output: seq2geno_temp/MHH15103/stampy/remap.bam
    jobid: 41
    wildcards: TMP_D=seq2geno_temp, strain=MHH15103

[Thu Sep 20 20:47:13 2018]
Finished job 41.
39 of 62 steps (63%) done

[Thu Sep 20 20:47:13 2018]
rule ng_sort_bam:
    input: seq2geno_temp/MHH15103/stampy/remap.bam
    output: seq2geno_temp/MHH15103/stampy/remap_sorted.bam, seq2geno_temp/MHH15103/stampy/remap_sorted.bam.bai
    jobid: 31
    wildcards: TMP_D=seq2geno_temp, strain=MHH15103

[Thu Sep 20 20:51:16 2018]
Finished job 31.
40 of 62 steps (65%) done

[Thu Sep 20 20:51:16 2018]
rule ng_detect_var_for_pop:
    input: /net/metagenomics/data/from_moni/old.tzuhao/seq2geno/dev_versions/v7/data/reference/RefCln_UCBPP-PA14.fa, /net/metagenomics/data/from_moni/old.tzuhao/seq2geno/dev_versions/v7/data/reference/RefCln_UCBPP-PA14.fa.fai, seq2geno_temp/CH2500/stampy/remap_sorted.bam, seq2geno_temp/CH2502/stampy/remap_sorted.bam, seq2geno_temp/CH2522/stampy/remap_sorted.bam, seq2geno_temp/F1659/stampy/remap_sorted.bam, seq2geno_temp/ESP088/stampy/remap_sorted.bam, seq2geno_temp/MHH15083/stampy/remap_sorted.bam, seq2geno_temp/F2167/stampy/remap_sorted.bam, seq2geno_temp/F2097/stampy/remap_sorted.bam, seq2geno_temp/MHH14911/stampy/remap_sorted.bam, seq2geno_temp/MHH15103/stampy/remap_sorted.bam, seq2geno_temp/CH2500/stampy/remap_sorted.bam.bai, seq2geno_temp/CH2502/stampy/remap_sorted.bam.bai, seq2geno_temp/CH2522/stampy/remap_sorted.bam.bai, seq2geno_temp/F1659/stampy/remap_sorted.bam.bai, seq2geno_temp/ESP088/stampy/remap_sorted.bam.bai, seq2geno_temp/MHH15083/stampy/remap_sorted.bam.bai, seq2geno_temp/F2167/stampy/remap_sorted.bam.bai, seq2geno_temp/F2097/stampy/remap_sorted.bam.bai, seq2geno_temp/MHH14911/stampy/remap_sorted.bam.bai, seq2geno_temp/MHH15103/stampy/remap_sorted.bam.bai
    output: seq2geno_temp/freebayes/multisample_raw.vcf.gz, seq2geno_temp/freebayes/multisample_raw.vcf.gz.tbi
    jobid: 20
    wildcards: TMP_D=seq2geno_temp

[Thu Sep 20 21:55:51 2018]
Finished job 20.
41 of 62 steps (66%) done

[Thu Sep 20 21:55:51 2018]
rule split_multi_allelic_sites:
    input: seq2geno_temp/freebayes/multisample_raw.vcf.gz, seq2geno_temp/freebayes/multisample_raw.vcf.gz.tbi
    output: seq2geno_temp/freebayes/multisample.vcf.gz, seq2geno_temp/freebayes/multisample.vcf.gz.tbi
    jobid: 18
    wildcards: TMP_D=seq2geno_temp

[Thu Sep 20 21:56:11 2018]
Finished job 18.
42 of 62 steps (68%) done

[Thu Sep 20 21:56:11 2018]
rule ng_create_coding_region_bed:
    input: /net/metagenomics/data/from_moni/old.tzuhao/seq2geno/dev_versions/v7/data/reference/RefCln_UCBPP-PA14.gbk
    output: seq2geno_temp/freebayes/ref.coding.bed
    jobid: 17
    wildcards: TMP_D=seq2geno_temp

[Thu Sep 20 21:56:18 2018]
Finished job 17.
43 of 62 steps (69%) done

[Thu Sep 20 21:56:18 2018]
rule ng_mask_coding_regions:
    input: seq2geno_temp/freebayes/multisample.vcf.gz, seq2geno_temp/freebayes/ref.coding.bed
    output: seq2geno_temp/freebayes/multisample.vcf.coding.gz, seq2geno_temp/freebayes/multisample.vcf.coding.gz.tbi
    jobid: 6
    wildcards: TMP_D=seq2geno_temp

[Thu Sep 20 21:56:34 2018]
Finished job 6.
44 of 62 steps (71%) done

[Thu Sep 20 21:56:34 2018]
rule ng_mask_intergenic_regions:
    input: seq2geno_temp/freebayes/multisample.vcf.gz, seq2geno_temp/freebayes/ref.coding.bed
    output: seq2geno_temp/freebayes/multisample.vcf.igr.gz, seq2geno_temp/freebayes/multisample.vcf.igr.gz.tbi
    jobid: 5
    wildcards: TMP_D=seq2geno_temp

[Thu Sep 20 21:56:37 2018]
Finished job 5.
45 of 62 steps (73%) done

[Thu Sep 20 21:56:37 2018]
rule vcf_to_snp_tables:
    input: seq2geno_temp/freebayes/multisample.vcf.coding.gz, seq2geno_temp/freebayes/multisample.vcf.igr.gz, /net/metagenomics/data/from_moni/old.tzuhao/seq2geno/dev_versions/v7/data/reference/RefCln_UCBPP-PA14.gbk
    output: /net/metagenomics/data/from_moni/old.tzuhao/seq2geno/dev_versions/v7/results/syn_snps.tab, /net/metagenomics/data/from_moni/old.tzuhao/seq2geno/dev_versions/v7/results/nonsyn_snps.tab
    jobid: 1

[Thu Sep 20 22:19:00 2018]
Finished job 1.
46 of 62 steps (74%) done

[Thu Sep 20 22:19:00 2018]
rule for_salmon_extract_cds_seqs:
    input: /net/metagenomics/data/from_moni/old.tzuhao/seq2geno/dev_versions/v7/data/reference/RefCln_UCBPP-PA14.gbk
    output: seq2geno_temp/reference.cds.fa
    jobid: 21
    wildcards: TMP_D=seq2geno_temp

[Thu Sep 20 22:19:05 2018]
Finished job 21.
47 of 62 steps (76%) done

[Thu Sep 20 22:19:05 2018]
rule for_salmon_create_ref_index:
    input: seq2geno_temp/reference.cds.fa
    output: seq2geno_temp/salmon_index
    jobid: 19
    wildcards: TMP_D=seq2geno_temp

[Thu Sep 20 22:19:17 2018]
Finished job 19.
48 of 62 steps (77%) done

[Thu Sep 20 22:19:17 2018]
rule gene_counts_by_salmon:
    input: data/strains/rna/F1659.fastq.gz, seq2geno_temp/salmon_index
    output: seq2geno_temp/F1659/salmon
    jobid: 7
    wildcards: TMP_D=seq2geno_temp, strain=F1659

[Thu Sep 20 22:19:49 2018]
Finished job 7.
49 of 62 steps (79%) done

[Thu Sep 20 22:19:49 2018]
rule gene_counts_by_salmon:
    input: data/strains/rna/CH2522.fastq.gz, seq2geno_temp/salmon_index
    output: seq2geno_temp/CH2522/salmon
    jobid: 10
    wildcards: TMP_D=seq2geno_temp, strain=CH2522

[Thu Sep 20 22:20:17 2018]
Finished job 10.
50 of 62 steps (81%) done

[Thu Sep 20 22:20:17 2018]
rule gene_counts_by_salmon:
    input: data/strains/rna/MHH15103.fastq.gz, seq2geno_temp/salmon_index
    output: seq2geno_temp/MHH15103/salmon
    jobid: 12
    wildcards: TMP_D=seq2geno_temp, strain=MHH15103

[Thu Sep 20 22:20:42 2018]
Finished job 12.
51 of 62 steps (82%) done

[Thu Sep 20 22:20:42 2018]
rule gene_counts_by_salmon:
    input: data/strains/rna/MHH14911.fastq.gz, seq2geno_temp/salmon_index
    output: seq2geno_temp/MHH14911/salmon
    jobid: 8
    wildcards: TMP_D=seq2geno_temp, strain=MHH14911

[Thu Sep 20 22:21:07 2018]
Finished job 8.
52 of 62 steps (84%) done

[Thu Sep 20 22:21:07 2018]
rule gene_counts_by_salmon:
    input: data/strains/rna/F2167.fastq.gz, seq2geno_temp/salmon_index
    output: seq2geno_temp/F2167/salmon
    jobid: 9
    wildcards: TMP_D=seq2geno_temp, strain=F2167

[Thu Sep 20 22:21:31 2018]
Finished job 9.
53 of 62 steps (85%) done

[Thu Sep 20 22:21:31 2018]
rule gene_counts_by_salmon:
    input: data/strains/rna/CH2502.fastq.gz, seq2geno_temp/salmon_index
    output: seq2geno_temp/CH2502/salmon
    jobid: 16
    wildcards: TMP_D=seq2geno_temp, strain=CH2502

[Thu Sep 20 22:21:54 2018]
Finished job 16.
54 of 62 steps (87%) done

[Thu Sep 20 22:21:54 2018]
rule gene_counts_by_salmon:
    input: data/strains/rna/MHH15083.fastq.gz, seq2geno_temp/salmon_index
    output: seq2geno_temp/MHH15083/salmon
    jobid: 15
    wildcards: TMP_D=seq2geno_temp, strain=MHH15083

[Thu Sep 20 22:22:18 2018]
Finished job 15.
55 of 62 steps (89%) done

[Thu Sep 20 22:22:18 2018]
rule gene_counts_by_salmon:
    input: data/strains/rna/F2097.fastq.gz, seq2geno_temp/salmon_index
    output: seq2geno_temp/F2097/salmon
    jobid: 11
    wildcards: TMP_D=seq2geno_temp, strain=F2097

[Thu Sep 20 22:22:41 2018]
Finished job 11.
56 of 62 steps (90%) done

[Thu Sep 20 22:22:41 2018]
rule gene_counts_by_salmon:
    input: data/strains/rna/CH2500.fastq.gz, seq2geno_temp/salmon_index
    output: seq2geno_temp/CH2500/salmon
    jobid: 14
    wildcards: TMP_D=seq2geno_temp, strain=CH2500

[Thu Sep 20 22:23:00 2018]
Finished job 14.
57 of 62 steps (92%) done

[Thu Sep 20 22:23:00 2018]
rule gene_counts_by_salmon:
    input: data/strains/rna/ESP088.fastq.gz, seq2geno_temp/salmon_index
    output: seq2geno_temp/ESP088/salmon
    jobid: 13
    wildcards: TMP_D=seq2geno_temp, strain=ESP088

[Thu Sep 20 22:23:16 2018]
Finished job 13.
58 of 62 steps (94%) done

[Thu Sep 20 22:23:16 2018]
rule compress_feat_table:
    input: /net/metagenomics/data/from_moni/old.tzuhao/seq2geno/dev_versions/v7/results/syn_snps.tab
    output: /net/metagenomics/data/from_moni/old.tzuhao/seq2geno/dev_versions/v7/results/syn_snps.tab_GROUPS, /net/metagenomics/data/from_moni/old.tzuhao/seq2geno/dev_versions/v7/results/syn_snps.tab_NON-RDNT
    jobid: 3
    wildcards: prefix=/net/metagenomics/data/from_moni/old.tzuhao/seq2geno/dev_versions/v7/results/syn_snps.tab

[Thu Sep 20 22:23:37 2018]
Finished job 3.
59 of 62 steps (95%) done

[Thu Sep 20 22:23:37 2018]
rule compress_feat_table:
    input: /net/metagenomics/data/from_moni/old.tzuhao/seq2geno/dev_versions/v7/results/nonsyn_snps.tab
    output: /net/metagenomics/data/from_moni/old.tzuhao/seq2geno/dev_versions/v7/results/nonsyn_snps.tab_GROUPS, /net/metagenomics/data/from_moni/old.tzuhao/seq2geno/dev_versions/v7/results/nonsyn_snps.tab_NON-RDNT
    jobid: 2
    wildcards: prefix=/net/metagenomics/data/from_moni/old.tzuhao/seq2geno/dev_versions/v7/results/nonsyn_snps.tab

[Thu Sep 20 22:23:55 2018]
Finished job 2.
60 of 62 steps (97%) done

[Thu Sep 20 22:23:55 2018]
rule create_and_make_expr_table:
    input: seq2geno_temp/CH2500/salmon, seq2geno_temp/CH2502/salmon, seq2geno_temp/CH2522/salmon, seq2geno_temp/F1659/salmon, seq2geno_temp/ESP088/salmon, seq2geno_temp/MHH15083/salmon, seq2geno_temp/F2167/salmon, seq2geno_temp/F2097/salmon, seq2geno_temp/MHH14911/salmon, seq2geno_temp/MHH15103/salmon
    output: /net/metagenomics/data/from_moni/old.tzuhao/seq2geno/dev_versions/v7/results/expr.tab
    jobid: 4

[Thu Sep 20 22:23:57 2018]
Finished job 4.
61 of 62 steps (98%) done

[Thu Sep 20 22:23:57 2018]
localrule all:
    input: /net/metagenomics/data/from_moni/old.tzuhao/seq2geno/dev_versions/v7/results/expr.tab, /net/metagenomics/data/from_moni/old.tzuhao/seq2geno/dev_versions/v7/results/syn_snps.tab, /net/metagenomics/data/from_moni/old.tzuhao/seq2geno/dev_versions/v7/results/syn_snps.tab_GROUPS, /net/metagenomics/data/from_moni/old.tzuhao/seq2geno/dev_versions/v7/results/syn_snps.tab_NON-RDNT, /net/metagenomics/data/from_moni/old.tzuhao/seq2geno/dev_versions/v7/results/nonsyn_snps.tab, /net/metagenomics/data/from_moni/old.tzuhao/seq2geno/dev_versions/v7/results/nonsyn_snps.tab_GROUPS, /net/metagenomics/data/from_moni/old.tzuhao/seq2geno/dev_versions/v7/results/nonsyn_snps.tab_NON-RDNT
    jobid: 0

[Thu Sep 20 22:23:57 2018]
Finished job 0.
62 of 62 steps (100%) done
Complete log: /net/sgi/metagenomics/data/from_moni/old.tzuhao/seq2geno/dev_versions/v7/.snakemake/log/2018-09-20T154048.386522.snakemake.log
