Building DAG of jobs...
Using shell: /bin/bash
Provided cores: 1
Rules claiming more threads will be scaled down.
Job counts:
	count	jobs
	1	all
	1	covert_snps_table
	1	nonsyn_snps_table
	1	syn_snps_table
	4

[Tue Aug 21 17:47:56 2018]
rule syn_snps_table:
    input: tmp/DNA_Pool1_final.tab, /net/metagenomics/data/from_moni/old.tzuhao/seq2geno/dev_versions/v4/data/reference/RefCln_UCBPP-PA14.gbk
    output: tmp/syn_SNPs.tab
    jobid: 3

[Tue Aug 21 17:48:28 2018]
Finished job 3.
1 of 4 steps (25%) done

[Tue Aug 21 17:48:28 2018]
rule nonsyn_snps_table:
    input: tmp/DNA_Pool1_final.tab, /net/metagenomics/data/from_moni/old.tzuhao/seq2geno/dev_versions/v4/data/reference/RefCln_UCBPP-PA14.gbk
    output: tmp/non-syn_SNPs.tab
    jobid: 2

[Tue Aug 21 17:49:02 2018]
Finished job 2.
2 of 4 steps (50%) done

[Tue Aug 21 17:49:02 2018]
rule covert_snps_table:
    input: tmp/non-syn_SNPs.tab, tmp/syn_SNPs.tab
    output: /net/metagenomics/data/from_moni/old.tzuhao/seq2geno/dev_versions/v4/results/nonsyn_snps.tab, /net/metagenomics/data/from_moni/old.tzuhao/seq2geno/dev_versions/v4/results/syn_snps.tab
    jobid: 1

[Tue Aug 21 17:49:03 2018]
Finished job 1.
3 of 4 steps (75%) done

[Tue Aug 21 17:49:03 2018]
localrule all:
    input: /net/metagenomics/data/from_moni/old.tzuhao/seq2geno/dev_versions/v4/results/syn_snps.tab, /net/metagenomics/data/from_moni/old.tzuhao/seq2geno/dev_versions/v4/results/nonsyn_snps.tab
    jobid: 0

[Tue Aug 21 17:49:03 2018]
Finished job 0.
4 of 4 steps (100%) done
Complete log: /net/sgi/metagenomics/data/from_moni/old.tzuhao/seq2geno/dev_versions/v5/.snakemake/log/2018-08-21T174750.291904.snakemake.log
