Building DAG of jobs...
Using shell: /bin/bash
Provided cores: 1
Rules claiming more threads will be scaled down.
Job counts:
	count	jobs
	1	all
	1	nonsyn_snps_table
	1	syn_snps_table
	3

rule syn_snps_table:
    input: tmp/all_SNPs.tab, /net/metagenomics/data/from_moni/old.tzuhao/seq2geno/dev_versions/v3/data/reference/RefCln_UCBPP-PA14.gbk
    output: /net/metagenomics/data/from_moni/old.tzuhao/seq2geno/dev_versions/v3/results/syn_snps.tab
    jobid: 2

Finished job 2.
1 of 3 steps (33%) done

rule nonsyn_snps_table:
    input: tmp/all_SNPs.tab, /net/metagenomics/data/from_moni/old.tzuhao/seq2geno/dev_versions/v3/data/reference/RefCln_UCBPP-PA14.gbk
    output: /net/metagenomics/data/from_moni/old.tzuhao/seq2geno/dev_versions/v3/results/nonsyn_snps.tab
    jobid: 3

Finished job 3.
2 of 3 steps (67%) done

localrule all:
    input: results/expr.tab, /net/metagenomics/data/from_moni/old.tzuhao/seq2geno/dev_versions/v3/results/syn_snps.tab, /net/metagenomics/data/from_moni/old.tzuhao/seq2geno/dev_versions/v3/results/nonsyn_snps.tab, /net/metagenomics/data/from_moni/old.tzuhao/seq2geno/dev_versions/v3/results/gpa.tab
    jobid: 0

Finished job 0.
3 of 3 steps (100%) done
Complete log: /net/sgi/metagenomics/data/from_moni/old.tzuhao/seq2geno/dev_versions/v3/.snakemake/log/2018-07-12T112510.890955.snakemake.log
