Building DAG of jobs...
Using shell: /bin/bash
Provided cores: 1
Rules claiming more threads will be scaled down.
Job counts:
	count	jobs
	1	all
	1	all_snps_table
	1	nonsyn_snps_table
	1	syn_snps_table
	4

[Thu Aug 16 11:39:41 2018]
rule all_snps_table:
    input: tmp/CH2500/bwa/variant.flatcount, tmp/CH2502/bwa/variant.flatcount, tmp/CH2522/bwa/variant.flatcount, tmp/F1659/bwa/variant.flatcount, tmp/CH2500/bwa/variant.snp-vcf, tmp/CH2502/bwa/variant.snp-vcf, tmp/CH2522/bwa/variant.snp-vcf, tmp/F1659/bwa/variant.snp-vcf, strain_list, Pseudomonas_aeruginosa_PA14_annotation_with_ncRNAs_07_2011_12genes.tab
    output: tmp/all_SNPs.tab
    jobid: 3

[Thu Aug 16 11:40:24 2018]
Finished job 3.
1 of 4 steps (25%) done

[Thu Aug 16 11:40:24 2018]
rule nonsyn_snps_table:
    input: tmp/all_SNPs.tab, /net/metagenomics/data/from_moni/old.tzuhao/seq2geno/dev_versions/v4/data/reference/RefCln_UCBPP-PA14.gbk
    output: /net/metagenomics/data/from_moni/old.tzuhao/seq2geno/dev_versions/v4/results/nonsyn_snps.tab
    jobid: 2

[Thu Aug 16 11:40:40 2018]
Finished job 2.
2 of 4 steps (50%) done

[Thu Aug 16 11:40:40 2018]
rule syn_snps_table:
    input: tmp/all_SNPs.tab, /net/metagenomics/data/from_moni/old.tzuhao/seq2geno/dev_versions/v4/data/reference/RefCln_UCBPP-PA14.gbk
    output: /net/metagenomics/data/from_moni/old.tzuhao/seq2geno/dev_versions/v4/results/syn_snps.tab
    jobid: 1

[Thu Aug 16 11:41:05 2018]
Finished job 1.
3 of 4 steps (75%) done

[Thu Aug 16 11:41:05 2018]
localrule all:
    input: /net/metagenomics/data/from_moni/old.tzuhao/seq2geno/dev_versions/v4/results/syn_snps.tab, /net/metagenomics/data/from_moni/old.tzuhao/seq2geno/dev_versions/v4/results/nonsyn_snps.tab
    jobid: 0

[Thu Aug 16 11:41:05 2018]
Finished job 0.
4 of 4 steps (100%) done
Complete log: /net/sgi/metagenomics/data/from_moni/old.tzuhao/seq2geno/dev_versions/v4/.snakemake/log/2018-08-16T113935.548680.snakemake.log
