Building DAG of jobs...
Using shell: /bin/bash
Provided cores: 1
Rules claiming more threads will be scaled down.
Job counts:
	count	jobs
	1	all
	1	create_coding_regions_aln
	1	find_best_tree
	1	postprocess_alignment
	4

[Fri Sep 28 10:14:43 2018]
rule create_coding_regions_aln:
    input: seq2geno_temp/CH2500/cons.fa, seq2geno_temp/CH2502/cons.fa, seq2geno_temp/CH2522/cons.fa, seq2geno_temp/F1659/cons.fa, seq2geno_temp/ESP088/cons.fa, seq2geno_temp/MHH15083/cons.fa, seq2geno_temp/F2167/cons.fa, seq2geno_temp/F2097/cons.fa, seq2geno_temp/MHH14911/cons.fa, seq2geno_temp/MHH15103/cons.fa
    output: seq2geno_temp/phylogeny/OneBig.aln
    jobid: 3
    wildcards: TMP_D=seq2geno_temp

[Fri Sep 28 14:03:00 2018]
Finished job 3.
1 of 4 steps (25%) done

[Fri Sep 28 14:03:00 2018]
rule postprocess_alignment:
    input: seq2geno_temp/phylogeny/OneBig.aln
    output: seq2geno_temp/phylogeny/OneBig.var.aln
    jobid: 2
    wildcards: TMP_D=seq2geno_temp

[Fri Sep 28 14:03:24 2018]
Finished job 2.
2 of 4 steps (50%) done

[Fri Sep 28 14:03:24 2018]
rule find_best_tree:
    input: seq2geno_temp/phylogeny/OneBig.var.aln
    output: /net/metagenomics/data/from_moni/old.tzuhao/seq2geno/dev_versions/v7/results/Paeru.nwk
    jobid: 1

[Fri Sep 28 14:05:07 2018]
Finished job 1.
3 of 4 steps (75%) done

[Fri Sep 28 14:05:07 2018]
localrule all:
    input: /net/metagenomics/data/from_moni/old.tzuhao/seq2geno/dev_versions/v7/results/Paeru.nwk
    jobid: 0

[Fri Sep 28 14:05:07 2018]
Finished job 0.
4 of 4 steps (100%) done
Complete log: /net/sgi/metagenomics/data/from_moni/old.tzuhao/seq2geno/dev_versions/v7/.snakemake/log/2018-09-28T101441.938054.snakemake.log
