Building DAG of jobs...
Using shell: /bin/bash
Provided cores: 1
Rules claiming more threads will be scaled down.
Job counts:
	count	jobs
	1	all
	1	ng_create_coding_region_bed
	1	ng_create_vcf
	1	ng_mask_coding_regions
	1	ng_mask_intergenic_regions
	1	ng_multi_sample_vcf
	1	ng_paired_read_bwa_mapping
	1	ng_rename_sample_in_vcf
	1	ng_sam2bam
	1	ng_sort_bam
	1	ng_stampy_remapping
	11

[Fri Sep 14 10:41:23 2018]
rule ng_paired_read_bwa_mapping:
    input: data/strains/dna/ESP088_1.fq.gz, data/strains/dna/ESP088_2.fq.gz, /net/metagenomics/data/from_moni/old.tzuhao/seq2geno/dev_versions/v7/data/reference/RefCln_UCBPP-PA14.fa, /net/metagenomics/data/from_moni/old.tzuhao/seq2geno/dev_versions/v7/data/reference/RefCln_UCBPP-PA14.fa.fai, /net/metagenomics/data/from_moni/old.tzuhao/seq2geno/dev_versions/v7/data/reference/RefCln_UCBPP-PA14.fa.bwt
    output: seq2geno_temp/ESP088/stampy/bwa1.sai, seq2geno_temp/ESP088/stampy/bwa2.sai, seq2geno_temp/ESP088/stampy/pre_bwa.bam
    jobid: 59
    wildcards: TMP_D=seq2geno_temp, strain=ESP088

Terminating processes on user request, this might take some time.
    [Fri Sep 14 10:41:38 2018]
    Error in rule ng_paired_read_bwa_mapping:
        jobid: 59
        output: seq2geno_temp/ESP088/stampy/bwa1.sai, seq2geno_temp/ESP088/stampy/bwa2.sai, seq2geno_temp/ESP088/stampy/pre_bwa.bam

RuleException:
CalledProcessError in line 131 of /net/sgi/metagenomics/data/from_moni/old.tzuhao/seq2geno/dev_versions/v7/ng_DETECT_VARS.smk:
Command ' set -euo pipefail;  
        bwa aln -q10 -t16 /net/metagenomics/data/from_moni/old.tzuhao/seq2geno/dev_versions/v7/data/reference/RefCln_UCBPP-PA14.fa data/strains/dna/ESP088_1.fq.gz         > seq2geno_temp/ESP088/stampy/bwa1.sai

        bwa aln -q10 -t16 /net/metagenomics/data/from_moni/old.tzuhao/seq2geno/dev_versions/v7/data/reference/RefCln_UCBPP-PA14.fa data/strains/dna/ESP088_2.fq.gz         > seq2geno_temp/ESP088/stampy/bwa2.sai 

        bwa sampe /net/metagenomics/data/from_moni/old.tzuhao/seq2geno/dev_versions/v7/data/reference/RefCln_UCBPP-PA14.fa seq2geno_temp/ESP088/stampy/bwa1.sai seq2geno_temp/ESP088/stampy/bwa2.sai         data/strains/dna/ESP088_1.fq.gz data/strains/dna/ESP088_2.fq.gz |         samtools view -bS -@ 16         > seq2geno_temp/ESP088/stampy/pre_bwa.bam ' died with <Signals.SIGINT: 2>.
  File "/net/sgi/metagenomics/data/from_moni/old.tzuhao/seq2geno/dev_versions/v7/ng_DETECT_VARS.smk", line 131, in __rule_ng_paired_read_bwa_mapping
  File "/home/thkuo/miniconda3/envs/ng_seq2geno/lib/python3.6/concurrent/futures/thread.py", line 56, in run
Removing output files of failed job ng_paired_read_bwa_mapping since they might be corrupted:
seq2geno_temp/ESP088/stampy/bwa1.sai
Complete log: /net/sgi/metagenomics/data/from_moni/old.tzuhao/seq2geno/dev_versions/v7/.snakemake/log/2018-09-14T104120.056840.snakemake.log
