Building DAG of jobs...
Using shell: /bin/bash
Provided cores: 1
Rules claiming more threads will be scaled down.
Job counts:
	count	jobs
	1	all
	1	create_indel_table
	2

[Mon Aug 13 15:44:15 2018]
rule create_indel_table:
    input: tmp/indel.list
    output: /net/metagenomics/data/from_moni/old.tzuhao/seq2geno/dev_versions/v4/results/annot.tab, indels_stats.txt
    jobid: 1

[Mon Aug 13 15:44:16 2018]
Finished job 1.
1 of 2 steps (50%) done

[Mon Aug 13 15:44:16 2018]
localrule all:
    input: /net/metagenomics/data/from_moni/old.tzuhao/seq2geno/dev_versions/v4/results/annot.tab
    jobid: 0

[Mon Aug 13 15:44:16 2018]
Finished job 0.
2 of 2 steps (100%) done
Complete log: /net/sgi/metagenomics/data/from_moni/old.tzuhao/seq2geno/dev_versions/v4/.snakemake/log/2018-08-13T154411.737719.snakemake.log
