Building DAG of jobs...
Using shell: /bin/bash
Provided cores: 1
Rules claiming more threads will be scaled down.
Job counts:
	count	jobs
	1	all
	1	compute_gpa_raw_table
	1	compute_gpa_table
	3

rule compute_gpa_raw_table:
    input: tmp/prokka/CH2500.spades.gff, tmp/prokka/CH2502.spades.gff, tmp/prokka/CH2522.spades.gff, tmp/prokka/F1659.spades.gff
    output: tmp/roary/gene_presence_absence.csv
    jobid: 7
    wildcards: TMP_D=tmp

Removing temporary output file tmp/prokka/CH2522.spades.gff.
Removing temporary output file tmp/prokka/CH2500.spades.gff.
Removing temporary output file tmp/prokka/F1659.spades.gff.
Removing temporary output file tmp/prokka/CH2502.spades.gff.
Finished job 7.
1 of 3 steps (33%) done

rule compute_gpa_table:
    input: tmp/roary/gene_presence_absence.csv
    output: /net/metagenomics/data/from_moni/old.tzuhao/seq2geno/dev_versions/v3/results/gpa.tab
    jobid: 3

    Error in rule compute_gpa_table:
        jobid: 3
        output: /net/metagenomics/data/from_moni/old.tzuhao/seq2geno/dev_versions/v3/results/gpa.tab

RuleException:
CalledProcessError in line 12 of /net/sgi/metagenomics/data/from_moni/old.tzuhao/seq2geno/dev_versions/v3/CREATE_GPA_TABLE.smk:
Command ' set -euo pipefail;  Rscript /net/sgi/metagenomics/data/from_moni/old.tzuhao/seq2geno/dev_versions/v3/.snakemake.ej6ocx1b.roary_gpa2bin.R ' returned non-zero exit status 139.
  File "/net/sgi/metagenomics/data/from_moni/old.tzuhao/seq2geno/dev_versions/v3/CREATE_GPA_TABLE.smk", line 12, in __rule_compute_gpa_table
  File "/home/thkuo/miniconda3/envs/phypal/lib/python3.6/concurrent/futures/thread.py", line 55, in run
Shutting down, this might take some time.
Exiting because a job execution failed. Look above for error message
Complete log: /net/sgi/metagenomics/data/from_moni/old.tzuhao/seq2geno/dev_versions/v3/.snakemake/log/2018-07-13T152207.024760.snakemake.log
