Building DAG of jobs...
Job counts:
	count	jobs
	1	all
	1	aln_to_vcf
	1	create_and_make_expr_table
	1	create_indel_table
	1	filter_genes
	1	vcf_to_indels
	6

rule filter_genes:
    input: tmp/roary/gene_presence_absence.csv
    output: core_genes_50.txt
    jobid: 39

awk -v threshold="50" -f indel_detection/filter.awk  < tmp/roary/gene_presence_absence.csv > output[core_genes] 

rule create_and_make_expr_table:
    input: tmp/rpg_dict
    output: /net/metagenomics/data/from_moni/old.tzuhao/seq2geno/dev_versions/v3/results/expr.tab
    jobid: 2

rule aln_to_vcf:
    input: core_genes_50.txt
    output: tmp/indels/vcf.list
    jobid: 22
    wildcards: TMP_D=tmp

RuleException in line 61 of /net/sgi/metagenomics/data/from_moni/old.tzuhao/seq2geno/dev_versions/v3/CREATE_INDEL_TABLE.smk:
NameError: The name 'i' is unknown in this context. Please make sure that you defined that variable. Also note that braces not used for variable access have to be escaped by repeating them, i.e. {{print $1}}
