Building DAG of jobs...
Using shell: /bin/bash
Provided cores: 1
Rules claiming more threads will be scaled down.
Job counts:
	count	jobs
	1	all
	2	compress_feat_table
	1	ng_create_coding_region_bed
	1	ng_detect_var_for_pop
	1	ng_mask_coding_regions
	1	ng_mask_intergenic_regions
	1	split_multi_allelic_sites
	1	vcf_to_snp_tables
	9

[Sun Sep 16 16:34:09 2018]
rule ng_detect_var_for_pop:
    input: /net/metagenomics/data/from_moni/old.tzuhao/seq2geno/dev_versions/v7/data/reference/RefCln_UCBPP-PA14.fa, /net/metagenomics/data/from_moni/old.tzuhao/seq2geno/dev_versions/v7/data/reference/RefCln_UCBPP-PA14.fa.fai, seq2geno_temp/CH2500/stampy/remap_sorted.bam, seq2geno_temp/CH2502/stampy/remap_sorted.bam, seq2geno_temp/CH2522/stampy/remap_sorted.bam, seq2geno_temp/F1659/stampy/remap_sorted.bam, seq2geno_temp/ESP088/stampy/remap_sorted.bam, seq2geno_temp/MHH15083/stampy/remap_sorted.bam, seq2geno_temp/F2167/stampy/remap_sorted.bam, seq2geno_temp/F2097/stampy/remap_sorted.bam, seq2geno_temp/MHH14911/stampy/remap_sorted.bam, seq2geno_temp/MHH15103/stampy/remap_sorted.bam, seq2geno_temp/CH2500/stampy/remap_sorted.bam.bai, seq2geno_temp/CH2502/stampy/remap_sorted.bam.bai, seq2geno_temp/CH2522/stampy/remap_sorted.bam.bai, seq2geno_temp/F1659/stampy/remap_sorted.bam.bai, seq2geno_temp/ESP088/stampy/remap_sorted.bam.bai, seq2geno_temp/MHH15083/stampy/remap_sorted.bam.bai, seq2geno_temp/F2167/stampy/remap_sorted.bam.bai, seq2geno_temp/F2097/stampy/remap_sorted.bam.bai, seq2geno_temp/MHH14911/stampy/remap_sorted.bam.bai, seq2geno_temp/MHH15103/stampy/remap_sorted.bam.bai
    output: seq2geno_temp/freebayes/multisample_raw.vcf.gz, seq2geno_temp/freebayes/multisample_raw.vcf.gz.tbi
    jobid: 21
    wildcards: TMP_D=seq2geno_temp

[Sun Sep 16 16:34:41 2018]
Finished job 21.
1 of 9 steps (11%) done

[Sun Sep 16 16:34:41 2018]
rule ng_create_coding_region_bed:
    input: /net/metagenomics/data/from_moni/old.tzuhao/seq2geno/dev_versions/v7/data/reference/RefCln_UCBPP-PA14.gbk
    output: seq2geno_temp/freebayes/ref.coding.bed
    jobid: 18
    wildcards: TMP_D=seq2geno_temp

[Sun Sep 16 16:34:44 2018]
Finished job 18.
2 of 9 steps (22%) done

[Sun Sep 16 16:34:44 2018]
rule split_multi_allelic_sites:
    input: seq2geno_temp/freebayes/multisample_raw.vcf.gz, seq2geno_temp/freebayes/multisample_raw.vcf.gz.tbi
    output: seq2geno_temp/freebayes/multisample.vcf.gz, seq2geno_temp/freebayes/multisample.vcf.gz.tbi
    jobid: 19
    wildcards: TMP_D=seq2geno_temp

[Sun Sep 16 16:34:44 2018]
Finished job 19.
3 of 9 steps (33%) done

[Sun Sep 16 16:34:44 2018]
rule ng_mask_intergenic_regions:
    input: seq2geno_temp/freebayes/multisample.vcf.gz, seq2geno_temp/freebayes/ref.coding.bed
    output: seq2geno_temp/freebayes/multisample.vcf.igr.gz, seq2geno_temp/freebayes/multisample.vcf.igr.gz.tbi
    jobid: 16
    wildcards: TMP_D=seq2geno_temp

[Sun Sep 16 16:34:45 2018]
Finished job 16.
4 of 9 steps (44%) done

[Sun Sep 16 16:34:45 2018]
rule ng_mask_coding_regions:
    input: seq2geno_temp/freebayes/multisample.vcf.gz, seq2geno_temp/freebayes/ref.coding.bed
    output: seq2geno_temp/freebayes/multisample.vcf.coding.gz, seq2geno_temp/freebayes/multisample.vcf.coding.gz.tbi
    jobid: 15
    wildcards: TMP_D=seq2geno_temp

[Sun Sep 16 16:34:45 2018]
Finished job 15.
5 of 9 steps (56%) done

[Sun Sep 16 16:34:45 2018]
rule vcf_to_snp_tables:
    input: seq2geno_temp/freebayes/multisample.vcf.coding.gz, seq2geno_temp/freebayes/multisample.vcf.igr.gz, /net/metagenomics/data/from_moni/old.tzuhao/seq2geno/dev_versions/v7/data/reference/RefCln_UCBPP-PA14.gbk
    output: /net/metagenomics/data/from_moni/old.tzuhao/seq2geno/dev_versions/v7/results/syn_snps.tab, /net/metagenomics/data/from_moni/old.tzuhao/seq2geno/dev_versions/v7/results/nonsyn_snps.tab
    jobid: 4

    [Sun Sep 16 16:34:46 2018]
    Error in rule vcf_to_snp_tables:
        jobid: 4
        output: /net/metagenomics/data/from_moni/old.tzuhao/seq2geno/dev_versions/v7/results/syn_snps.tab, /net/metagenomics/data/from_moni/old.tzuhao/seq2geno/dev_versions/v7/results/nonsyn_snps.tab

RuleException:
CalledProcessError in line 22 of /net/sgi/metagenomics/data/from_moni/old.tzuhao/seq2geno/dev_versions/v7/ng_CREATE_SNPS_TABLE.smk:
Command ' set -euo pipefail;  /home/thkuo/miniconda3/envs/ng_seq2geno/bin/python /net/sgi/metagenomics/data/from_moni/old.tzuhao/seq2geno/dev_versions/v7/lib/.snakemake.5e4wl4i7.vcf_to_feat_table.py ' returned non-zero exit status 1.
  File "/net/sgi/metagenomics/data/from_moni/old.tzuhao/seq2geno/dev_versions/v7/ng_CREATE_SNPS_TABLE.smk", line 22, in __rule_vcf_to_snp_tables
  File "/home/thkuo/miniconda3/envs/ng_seq2geno/lib/python3.6/concurrent/futures/thread.py", line 56, in run
Shutting down, this might take some time.
Exiting because a job execution failed. Look above for error message
Complete log: /net/sgi/metagenomics/data/from_moni/old.tzuhao/seq2geno/dev_versions/v7/.snakemake/log/2018-09-16T163400.375504.snakemake.log
