Building DAG of jobs...
Using shell: /bin/bash
Provided cores: 1
Rules claiming more threads will be scaled down.
Job counts:
	count	jobs
	1	all
	1	covert_snps_table
	2

[Wed Aug 22 11:08:40 2018]
rule covert_snps_table:
    input: tmp/non-syn_SNPs.tab, tmp/syn_SNPs.tab
    output: /net/metagenomics/data/from_moni/old.tzuhao/seq2geno/dev_versions/v5/results/nonsyn_snps.tab, /net/metagenomics/data/from_moni/old.tzuhao/seq2geno/dev_versions/v5/results/syn_snps.tab
    jobid: 1

[Wed Aug 22 11:09:51 2018]
Finished job 1.
1 of 2 steps (50%) done

[Wed Aug 22 11:09:51 2018]
localrule all:
    input: /net/metagenomics/data/from_moni/old.tzuhao/seq2geno/dev_versions/v5/results/syn_snps.tab, /net/metagenomics/data/from_moni/old.tzuhao/seq2geno/dev_versions/v5/results/nonsyn_snps.tab
    jobid: 0

[Wed Aug 22 11:09:51 2018]
Finished job 0.
2 of 2 steps (100%) done
Complete log: /net/sgi/metagenomics/data/from_moni/old.tzuhao/seq2geno/dev_versions/v5/.snakemake/log/2018-08-22T110835.281685.snakemake.log
