Building DAG of jobs...
Using shell: /bin/bash
Provided cores: 1
Rules claiming more threads will be scaled down.
Job counts:
	count	jobs
	1	all
	1	all_snps_list
	1	aln_to_vcf_per_fam
	4	compress_feat_table
	6	compute_flatcounts
	1	compute_gpa_raw_table
	1	compute_gpa_table
	6	convert_to_sin
	1	covert_snps_table
	1	create_and_make_expr_table
	6	create_assembly
	1	create_coding_regions_aln
	6	create_consensus_sequence
	1	create_dict_file
	6	create_gff
	1	create_indel_table
	1	create_ref_target_seqs
	6	create_vcf
	6	duplicate_gffs
	1	expand_by_family
	1	find_best_tree
	6	for_expr_stampy_remapping
	6	for_tab_copy_files
	6	for_tab_create_vcf
	6	for_tab_paired_read_bwa_mapping
	6	for_tab_sam2bam
	6	for_tab_sort_bam
	6	for_tab_stampy_remapping
	6	gene_counts
	6	index_vcf
	1	nonsyn_snps_table
	6	paired_mapping
	1	postprocess_alignment
	6	rna_mapping_bwa
	6	rna_sam2bam
	6	sort_bam
	1	sort_gene_family
	1	syn_snps_table
	1	vcf_to_indels_per_fam
	1	write_dict_file
	143

[Thu Aug 30 16:47:22 2018]
rule rna_mapping_bwa:
    input: data/strains/rna/F1659.fastq.gz, /net/metagenomics/data/from_moni/old.tzuhao/seq2geno/dev_versions/v5/data/reference/RefCln_UCBPP-PA14.fa, /net/metagenomics/data/from_moni/old.tzuhao/seq2geno/dev_versions/v5/data/reference/RefCln_UCBPP-PA14.fa.stidx, /net/metagenomics/data/from_moni/old.tzuhao/seq2geno/dev_versions/v5/data/reference/RefCln_UCBPP-PA14.fa.sthash, /net/metagenomics/data/from_moni/old.tzuhao/seq2geno/dev_versions/v5/data/reference/RefCln_UCBPP-PA14.fa.bwt, /net/metagenomics/data/from_moni/old.tzuhao/seq2geno/dev_versions/v5/data/reference/RefCln_UCBPP-PA14.fa.fai
    output: .seq2geno_temp/F1659/bwa/rna.sai, .seq2geno_temp/F1659/bwa/rna.bam
    jobid: 137
    wildcards: TMP_D=.seq2geno_temp, strain=F1659

Removing temporary output file .seq2geno_temp/F1659/bwa/rna.sai.
[Thu Aug 30 16:50:07 2018]
Finished job 137.
1 of 143 steps (0.70%) done

[Thu Aug 30 16:50:07 2018]
rule for_expr_stampy_remapping:
    input: /net/metagenomics/data/from_moni/old.tzuhao/seq2geno/dev_versions/v5/data/reference/RefCln_UCBPP-PA14.fa.stidx, /net/metagenomics/data/from_moni/old.tzuhao/seq2geno/dev_versions/v5/data/reference/RefCln_UCBPP-PA14.fa.sthash, .seq2geno_temp/F1659/bwa/rna.bam
    output: .seq2geno_temp/F1659/stampy/rna.sam
    jobid: 113
    wildcards: TMP_D=.seq2geno_temp, strain=F1659

