Building DAG of jobs...
Using shell: /bin/bash
Provided cores: 1
Rules claiming more threads will be scaled down.
Job counts:
	count	jobs
	1	all
	5	aln_to_vcf_per_fam
	1	create_indel_table
	1	expand_by_family
	5	vcf_to_indels_per_fam
	13

[Mon Aug 13 15:34:55 2018]
rule aln_to_vcf_per_fam:
    input: tmp/extracted_proteins_nt/fhuA_3.aln
    output: tmp/extracted_proteins_nt/fhuA_3.vcf
    jobid: 25
    wildcards: fam=fhuA_3

[Mon Aug 13 15:34:56 2018]
Finished job 25.
1 of 13 steps (8%) done

[Mon Aug 13 15:34:56 2018]
rule aln_to_vcf_per_fam:
    input: tmp/extracted_proteins_nt/aaeA_1.aln
    output: tmp/extracted_proteins_nt/aaeA_1.vcf
    jobid: 29
    wildcards: fam=aaeA_1

[Mon Aug 13 15:34:57 2018]
Finished job 29.
2 of 13 steps (15%) done

[Mon Aug 13 15:34:57 2018]
rule aln_to_vcf_per_fam:
    input: tmp/extracted_proteins_nt/aaeA_2.aln
    output: tmp/extracted_proteins_nt/aaeA_2.vcf
    jobid: 28
    wildcards: fam=aaeA_2

[Mon Aug 13 15:34:57 2018]
Finished job 28.
3 of 13 steps (23%) done

[Mon Aug 13 15:34:57 2018]
rule aln_to_vcf_per_fam:
    input: tmp/extracted_proteins_nt/xcpW.aln
    output: tmp/extracted_proteins_nt/xcpW.vcf
    jobid: 27
    wildcards: fam=xcpW

[Mon Aug 13 15:34:58 2018]
Finished job 27.
4 of 13 steps (31%) done

[Mon Aug 13 15:34:58 2018]
rule aln_to_vcf_per_fam:
    input: tmp/extracted_proteins_nt/aaaT.aln
    output: tmp/extracted_proteins_nt/aaaT.vcf
    jobid: 26
    wildcards: fam=aaaT

[Mon Aug 13 15:34:58 2018]
Finished job 26.
5 of 13 steps (38%) done

[Mon Aug 13 15:34:58 2018]
rule vcf_to_indels_per_fam:
    input: tmp/extracted_proteins_nt/fhuA_3.vcf
    output: tmp/extracted_proteins_nt/fhuA_3_indels.txt, tmp/extracted_proteins_nt/fhuA_3_indels.gff, tmp/extracted_proteins_nt/fhuA_3_indel_stats.txt
    jobid: 20
    wildcards: fam=fhuA_3

[Mon Aug 13 15:35:00 2018]
Finished job 20.
6 of 13 steps (46%) done

[Mon Aug 13 15:35:00 2018]
rule vcf_to_indels_per_fam:
    input: tmp/extracted_proteins_nt/aaaT.vcf
    output: tmp/extracted_proteins_nt/aaaT_indels.txt, tmp/extracted_proteins_nt/aaaT_indels.gff, tmp/extracted_proteins_nt/aaaT_indel_stats.txt
    jobid: 21
    wildcards: fam=aaaT

[Mon Aug 13 15:35:01 2018]
Finished job 21.
7 of 13 steps (54%) done

[Mon Aug 13 15:35:01 2018]
rule vcf_to_indels_per_fam:
    input: tmp/extracted_proteins_nt/aaeA_2.vcf
    output: tmp/extracted_proteins_nt/aaeA_2_indels.txt, tmp/extracted_proteins_nt/aaeA_2_indels.gff, tmp/extracted_proteins_nt/aaeA_2_indel_stats.txt
    jobid: 23
    wildcards: fam=aaeA_2

[Mon Aug 13 15:35:02 2018]
Finished job 23.
8 of 13 steps (62%) done

[Mon Aug 13 15:35:02 2018]
rule vcf_to_indels_per_fam:
    input: tmp/extracted_proteins_nt/xcpW.vcf
    output: tmp/extracted_proteins_nt/xcpW_indels.txt, tmp/extracted_proteins_nt/xcpW_indels.gff, tmp/extracted_proteins_nt/xcpW_indel_stats.txt
    jobid: 22
    wildcards: fam=xcpW

[Mon Aug 13 15:35:04 2018]
Finished job 22.
9 of 13 steps (69%) done

[Mon Aug 13 15:35:04 2018]
rule vcf_to_indels_per_fam:
    input: tmp/extracted_proteins_nt/aaeA_1.vcf
    output: tmp/extracted_proteins_nt/aaeA_1_indels.txt, tmp/extracted_proteins_nt/aaeA_1_indels.gff, tmp/extracted_proteins_nt/aaeA_1_indel_stats.txt
    jobid: 24
    wildcards: fam=aaeA_1

[Mon Aug 13 15:35:05 2018]
Finished job 24.
10 of 13 steps (77%) done

[Mon Aug 13 15:35:05 2018]
rule expand_by_family:
    input: tmp/extracted_proteins_nt/aaaT_indels.txt, tmp/extracted_proteins_nt/aaeA_1_indels.txt, tmp/extracted_proteins_nt/fhuA_3_indels.txt, tmp/extracted_proteins_nt/aaeA_2_indels.txt, tmp/extracted_proteins_nt/xcpW_indels.txt
    output: tmp/indel.list
    jobid: 19

[Mon Aug 13 15:35:05 2018]
Finished job 19.
11 of 13 steps (85%) done

[Mon Aug 13 15:35:05 2018]
rule create_indel_table:
    input: tmp/indel.list
    output: /net/metagenomics/data/from_moni/old.tzuhao/seq2geno/dev_versions/v4/results/annot.tab, indels_stats.txt
    jobid: 1

Shutting down, this might take some time.
Exiting because a job execution failed. Look above for error message
Complete log: /net/sgi/metagenomics/data/from_moni/old.tzuhao/seq2geno/dev_versions/v4/.snakemake/log/2018-08-13T153452.268301.snakemake.log
