Building DAG of jobs...
Using shell: /bin/bash
Provided cores: 1
Rules claiming more threads will be scaled down.
Job counts:
	count	jobs
	1	all
	4	create_consensus_sequence
	1	create_ref_target_seqs
	6

rule create_ref_target_seqs:
    input: /net/metagenomics/data/from_moni/old.tzuhao/seq2geno/dev_versions/v3/data/reference/RefCln_UCBPP-PA14.gbk
    output: tmp/reference.target_regions.fa
    jobid: 5
    wildcards: TMP_D=tmp

Finished job 5.
1 of 6 steps (17%) done

rule create_consensus_sequence:
    input: tmp/reference.target_regions.fa, tmp/CH2522/bwa.vcf.gz
    output: tmp/CH2522/bwa.cons.fa
    jobid: 4
    wildcards: TMP_D=tmp, strains=CH2522, mapper=bwa

Finished job 4.
2 of 6 steps (33%) done

rule create_consensus_sequence:
    input: tmp/reference.target_regions.fa, tmp/CH2502/bwa.vcf.gz
    output: tmp/CH2502/bwa.cons.fa
    jobid: 3
    wildcards: TMP_D=tmp, strains=CH2502, mapper=bwa

Finished job 3.
3 of 6 steps (50%) done

rule create_consensus_sequence:
    input: tmp/reference.target_regions.fa, tmp/F1659/bwa.vcf.gz
    output: tmp/F1659/bwa.cons.fa
    jobid: 2
    wildcards: TMP_D=tmp, strains=F1659, mapper=bwa

Finished job 2.
4 of 6 steps (67%) done

rule create_consensus_sequence:
    input: tmp/reference.target_regions.fa, tmp/CH2500/bwa.vcf.gz
    output: tmp/CH2500/bwa.cons.fa
    jobid: 1
    wildcards: TMP_D=tmp, strains=CH2500, mapper=bwa

Finished job 1.
5 of 6 steps (83%) done

localrule all:
    input: tmp/CH2500/bwa.cons.fa, tmp/CH2502/bwa.cons.fa, tmp/CH2522/bwa.cons.fa, tmp/F1659/bwa.cons.fa
    jobid: 0

Removing temporary output file tmp/CH2500/bwa.cons.fa.
Removing temporary output file tmp/F1659/bwa.cons.fa.
Removing temporary output file tmp/CH2502/bwa.cons.fa.
Removing temporary output file tmp/CH2522/bwa.cons.fa.
Finished job 0.
6 of 6 steps (100%) done
Complete log: /net/sgi/metagenomics/data/from_moni/old.tzuhao/seq2geno/dev_versions/v3/.snakemake/log/2018-07-09T211502.439945.snakemake.log
