Building DAG of jobs...
Using shell: /bin/bash
Provided cores: 1
Rules claiming more threads will be scaled down.
Job counts:
	count	jobs
	1	all
	1	compute_gpa_raw_table
	1	compute_gpa_table
	4	create_gff
	7

rule create_gff:
    input: tmp/CH2500/spades.assem.fa
    output: tmp/prokka/CH2500.spades.gff
    jobid: 7
    wildcards: TMP_D=tmp, strain=CH2500, assembler=spades

    Error in rule create_gff:
        jobid: 7
        output: tmp/prokka/CH2500.spades.gff

RuleException:
CalledProcessError in line 39 of /net/sgi/metagenomics/data/from_moni/old.tzuhao/seq2geno/dev_versions/v3/COUNT_GPA.smk:
Command ' set -euo pipefail;  prokka --cpus 16 --force --prefix CH2500 --locustag CH2500 --outdir tmp/prokka/CH2500 tmp/CH2500/spades.assem.fa;cp -s tmp/prokka/CH2500/CH2500.gff tmp/prokka/CH2500.spades.gff ' returned non-zero exit status 1.
  File "/net/sgi/metagenomics/data/from_moni/old.tzuhao/seq2geno/dev_versions/v3/COUNT_GPA.smk", line 39, in __rule_create_gff
  File "/home/thkuo/miniconda3/envs/phypal/lib/python3.6/concurrent/futures/thread.py", line 55, in run
Shutting down, this might take some time.
Exiting because a job execution failed. Look above for error message
Complete log: /net/sgi/metagenomics/data/from_moni/old.tzuhao/seq2geno/dev_versions/v3/.snakemake/log/2018-07-10T153825.792554.snakemake.log
