Building DAG of jobs...
Job counts:
	count	jobs
	1	all
	1	aln_to_vcf
	1	create_and_make_expr_table
	1	create_indel_table
	1	make_gene_family_alignment
	1	sort_gene_family
	1	vcf_to_indels
	7

rule create_and_make_expr_table:
    input: tmp/rpg_dict
    output: /net/metagenomics/data/from_moni/old.tzuhao/seq2geno/dev_versions/v3/results/expr.tab
    jobid: 1

rule sort_gene_family:
    input: core_genes_50.txt, tmp/roary/clustered_proteins, tmp/prokka/CH2500/CH2500.ffn, tmp/prokka/CH2502/CH2502.ffn, tmp/prokka/CH2522/CH2522.ffn, tmp/prokka/F1659/F1659.ffn
    output: tmp/extracted_protein_nt/families.list
    jobid: 57
    wildcards: TMP_D=tmp, extracted_proteins_dir=extracted_protein_nt

python indel_detection/gene_clusters2multi_fasta.py tmp/extracted_protein_nt <(head -n $(wc -l $core_genes | cut -f1 -d" ") tmp/roary/clustered_proteins) tmp/prokka/CH2500/CH2500.ffn tmp/prokka/CH2502/CH2502.ffn tmp/prokka/CH2522/CH2522.ffn tmp/prokka/F1659/F1659.ffn;ls tmp/extracted_protein_nt|grep fasta$ > tmp/extracted_protein_nt/families.list 

rule make_gene_family_alignment:
    input: tmp/extracted_protein_nt/families.list
    output: tmp/extracted_protein_nt/families_aln.list
    jobid: 44
    wildcards: TMP_D=tmp

RuleException in line 43 of /net/sgi/metagenomics/data/from_moni/old.tzuhao/seq2geno/dev_versions/v3/CREATE_INDEL_TABLE.smk:
'OutputFiles' object has no attribute ''seq_aln_files_list''
