Building DAG of jobs...
Using shell: /bin/bash
Provided cores: 1
Rules claiming more threads will be scaled down.
Job counts:
	count	jobs
	1	all
	1	compress_feat_table
	1	create_indel_table
	3

[Mon Sep  3 12:20:42 2018]
rule create_indel_table:
    input: seq2geno_temp/indel.list
    output: /net/metagenomics/data/from_moni/old.tzuhao/seq2geno/dev_versions/v5/results/annot.tab, indels_stats.txt
    jobid: 2

[Mon Sep  3 12:25:22 2018]
Finished job 2.
1 of 3 steps (33%) done

[Mon Sep  3 12:25:22 2018]
rule compress_feat_table:
    input: /net/metagenomics/data/from_moni/old.tzuhao/seq2geno/dev_versions/v5/results/annot.tab
    output: /net/metagenomics/data/from_moni/old.tzuhao/seq2geno/dev_versions/v5/results/annot.tab_GROUPS, /net/metagenomics/data/from_moni/old.tzuhao/seq2geno/dev_versions/v5/results/annot.tab_NON-RDNT
    jobid: 3
    wildcards: prefix=/net/metagenomics/data/from_moni/old.tzuhao/seq2geno/dev_versions/v5/results/annot.tab

    [Mon Sep  3 12:25:25 2018]
    Error in rule compress_feat_table:
        jobid: 3
        output: /net/metagenomics/data/from_moni/old.tzuhao/seq2geno/dev_versions/v5/results/annot.tab_GROUPS, /net/metagenomics/data/from_moni/old.tzuhao/seq2geno/dev_versions/v5/results/annot.tab_NON-RDNT

RuleException:
CalledProcessError in line 57 of /net/sgi/metagenomics/data/from_moni/old.tzuhao/seq2geno/dev_versions/v5/MAIN.smk:
Command ' set -euo pipefail;  /home/thkuo/miniconda3/envs/seq2geno/bin/python /net/sgi/metagenomics/data/from_moni/old.tzuhao/seq2geno/dev_versions/v5/lib/.snakemake.qfvy4boa.featCompress.py ' returned non-zero exit status 1.
  File "/net/sgi/metagenomics/data/from_moni/old.tzuhao/seq2geno/dev_versions/v5/MAIN.smk", line 57, in __rule_compress_feat_table
  File "/home/thkuo/miniconda3/envs/seq2geno/lib/python3.6/concurrent/futures/thread.py", line 56, in run
Shutting down, this might take some time.
Exiting because a job execution failed. Look above for error message
Complete log: /net/sgi/metagenomics/data/from_moni/old.tzuhao/seq2geno/dev_versions/v5/.snakemake/log/2018-09-03T111505.590425.snakemake.log
