Building DAG of jobs...
Using shell: /bin/bash
Provided cores: 1
Rules claiming more threads will be scaled down.
Job counts:
	count	jobs
	1	all
	10	create_consensus_sequence
	1	for_consensus_create_ref_regional_seq
	1	ng_create_coding_region_bed
	1	ng_detect_var_for_pop
	1	ng_mask_coding_regions
	10	ng_paired_read_bwa_mapping
	10	ng_sam2bam
	10	ng_sort_bam
	10	ng_stampy_remapping
	1	split_multi_allelic_sites
	56

[Fri Sep 28 09:58:43 2018]
rule ng_paired_read_bwa_mapping:
    input: data/strains/dna/ESP088_1.fq.gz, data/strains/dna/ESP088_2.fq.gz, /net/metagenomics/data/from_moni/old.tzuhao/seq2geno/dev_versions/v7/data/reference/RefCln_UCBPP-PA14.fa, /net/metagenomics/data/from_moni/old.tzuhao/seq2geno/dev_versions/v7/data/reference/RefCln_UCBPP-PA14.fa.fai, /net/metagenomics/data/from_moni/old.tzuhao/seq2geno/dev_versions/v7/data/reference/RefCln_UCBPP-PA14.fa.bwt
    output: seq2geno_temp/ESP088/stampy/bwa1.sai, seq2geno_temp/ESP088/stampy/bwa2.sai, seq2geno_temp/ESP088/stampy/pre_bwa.bam
    jobid: 48
    wildcards: TMP_D=seq2geno_temp, strain=ESP088

Removing temporary output file seq2geno_temp/ESP088/stampy/bwa1.sai.
Removing temporary output file seq2geno_temp/ESP088/stampy/bwa2.sai.
[Fri Sep 28 09:58:44 2018]
Finished job 48.
1 of 56 steps (2%) done

[Fri Sep 28 09:58:44 2018]
rule ng_paired_read_bwa_mapping:
    input: data/strains/dna/F1659_1.fq.gz, data/strains/dna/F1659_2.fq.gz, /net/metagenomics/data/from_moni/old.tzuhao/seq2geno/dev_versions/v7/data/reference/RefCln_UCBPP-PA14.fa, /net/metagenomics/data/from_moni/old.tzuhao/seq2geno/dev_versions/v7/data/reference/RefCln_UCBPP-PA14.fa.fai, /net/metagenomics/data/from_moni/old.tzuhao/seq2geno/dev_versions/v7/data/reference/RefCln_UCBPP-PA14.fa.bwt
    output: seq2geno_temp/F1659/stampy/bwa1.sai, seq2geno_temp/F1659/stampy/bwa2.sai, seq2geno_temp/F1659/stampy/pre_bwa.bam
    jobid: 47
    wildcards: TMP_D=seq2geno_temp, strain=F1659

Removing temporary output file seq2geno_temp/F1659/stampy/bwa1.sai.
Removing temporary output file seq2geno_temp/F1659/stampy/bwa2.sai.
[Fri Sep 28 09:58:44 2018]
Finished job 47.
2 of 56 steps (4%) done

[Fri Sep 28 09:58:44 2018]
rule ng_stampy_remapping:
    input: /net/metagenomics/data/from_moni/old.tzuhao/seq2geno/dev_versions/v7/data/reference/RefCln_UCBPP-PA14.fa.stidx, /net/metagenomics/data/from_moni/old.tzuhao/seq2geno/dev_versions/v7/data/reference/RefCln_UCBPP-PA14.fa.sthash, seq2geno_temp/F1659/stampy/pre_bwa.bam
    output: seq2geno_temp/F1659/stampy/remap.sam
    jobid: 37
    wildcards: TMP_D=seq2geno_temp, strain=F1659

Removing temporary output file seq2geno_temp/F1659/stampy/pre_bwa.bam.
[Fri Sep 28 09:58:44 2018]
Finished job 37.
3 of 56 steps (5%) done

[Fri Sep 28 09:58:44 2018]
rule ng_stampy_remapping:
    input: /net/metagenomics/data/from_moni/old.tzuhao/seq2geno/dev_versions/v7/data/reference/RefCln_UCBPP-PA14.fa.stidx, /net/metagenomics/data/from_moni/old.tzuhao/seq2geno/dev_versions/v7/data/reference/RefCln_UCBPP-PA14.fa.sthash, seq2geno_temp/ESP088/stampy/pre_bwa.bam
    output: seq2geno_temp/ESP088/stampy/remap.sam
    jobid: 38
    wildcards: TMP_D=seq2geno_temp, strain=ESP088

Removing temporary output file seq2geno_temp/ESP088/stampy/pre_bwa.bam.
[Fri Sep 28 09:58:45 2018]
Finished job 38.
4 of 56 steps (7%) done

[Fri Sep 28 09:58:45 2018]
rule ng_paired_read_bwa_mapping:
    input: data/strains/dna/F2097_1.fq.gz, data/strains/dna/F2097_2.fq.gz, /net/metagenomics/data/from_moni/old.tzuhao/seq2geno/dev_versions/v7/data/reference/RefCln_UCBPP-PA14.fa, /net/metagenomics/data/from_moni/old.tzuhao/seq2geno/dev_versions/v7/data/reference/RefCln_UCBPP-PA14.fa.fai, /net/metagenomics/data/from_moni/old.tzuhao/seq2geno/dev_versions/v7/data/reference/RefCln_UCBPP-PA14.fa.bwt
    output: seq2geno_temp/F2097/stampy/bwa1.sai, seq2geno_temp/F2097/stampy/bwa2.sai, seq2geno_temp/F2097/stampy/pre_bwa.bam
    jobid: 53
    wildcards: TMP_D=seq2geno_temp, strain=F2097

Removing temporary output file seq2geno_temp/F2097/stampy/bwa1.sai.
Removing temporary output file seq2geno_temp/F2097/stampy/bwa2.sai.
[Fri Sep 28 09:58:45 2018]
Finished job 53.
5 of 56 steps (9%) done

[Fri Sep 28 09:58:45 2018]
rule ng_stampy_remapping:
    input: /net/metagenomics/data/from_moni/old.tzuhao/seq2geno/dev_versions/v7/data/reference/RefCln_UCBPP-PA14.fa.stidx, /net/metagenomics/data/from_moni/old.tzuhao/seq2geno/dev_versions/v7/data/reference/RefCln_UCBPP-PA14.fa.sthash, seq2geno_temp/F2097/stampy/pre_bwa.bam
    output: seq2geno_temp/F2097/stampy/remap.sam
    jobid: 43
    wildcards: TMP_D=seq2geno_temp, strain=F2097

Removing temporary output file seq2geno_temp/F2097/stampy/pre_bwa.bam.
[Fri Sep 28 09:58:45 2018]
Finished job 43.
6 of 56 steps (11%) done

[Fri Sep 28 09:58:45 2018]
rule ng_sam2bam:
    input: seq2geno_temp/F2097/stampy/remap.sam
    output: seq2geno_temp/F2097/stampy/remap.bam
    jobid: 33
    wildcards: TMP_D=seq2geno_temp, strain=F2097

Removing temporary output file seq2geno_temp/F2097/stampy/remap.sam.
[Fri Sep 28 09:58:45 2018]
Finished job 33.
7 of 56 steps (12%) done

[Fri Sep 28 09:58:45 2018]
rule for_consensus_create_ref_regional_seq:
    input: /net/metagenomics/data/from_moni/old.tzuhao/seq2geno/dev_versions/v7/data/reference/RefCln_UCBPP-PA14.gbk
    output: seq2geno_temp/reference.target_regions.fa
    jobid: 12
    wildcards: TMP_D=seq2geno_temp

[Fri Sep 28 09:58:45 2018]
Finished job 12.
8 of 56 steps (14%) done

[Fri Sep 28 09:58:45 2018]
rule ng_sam2bam:
    input: seq2geno_temp/F1659/stampy/remap.sam
    output: seq2geno_temp/F1659/stampy/remap.bam
    jobid: 27
    wildcards: TMP_D=seq2geno_temp, strain=F1659

Removing temporary output file seq2geno_temp/F1659/stampy/remap.sam.
[Fri Sep 28 09:58:46 2018]
Finished job 27.
9 of 56 steps (16%) done

[Fri Sep 28 09:58:46 2018]
rule ng_create_coding_region_bed:
    input: /net/metagenomics/data/from_moni/old.tzuhao/seq2geno/dev_versions/v7/data/reference/RefCln_UCBPP-PA14.gbk
    output: seq2geno_temp/freebayes/ref.coding.bed
    jobid: 13
    wildcards: TMP_D=seq2geno_temp

[Fri Sep 28 09:58:46 2018]
Finished job 13.
10 of 56 steps (18%) done

[Fri Sep 28 09:58:46 2018]
rule ng_paired_read_bwa_mapping:
    input: data/strains/dna/F2167_1.fq.gz, data/strains/dna/F2167_2.fq.gz, /net/metagenomics/data/from_moni/old.tzuhao/seq2geno/dev_versions/v7/data/reference/RefCln_UCBPP-PA14.fa, /net/metagenomics/data/from_moni/old.tzuhao/seq2geno/dev_versions/v7/data/reference/RefCln_UCBPP-PA14.fa.fai, /net/metagenomics/data/from_moni/old.tzuhao/seq2geno/dev_versions/v7/data/reference/RefCln_UCBPP-PA14.fa.bwt
    output: seq2geno_temp/F2167/stampy/bwa1.sai, seq2geno_temp/F2167/stampy/bwa2.sai, seq2geno_temp/F2167/stampy/pre_bwa.bam
    jobid: 46
    wildcards: TMP_D=seq2geno_temp, strain=F2167

Removing temporary output file seq2geno_temp/F2167/stampy/bwa1.sai.
Removing temporary output file seq2geno_temp/F2167/stampy/bwa2.sai.
[Fri Sep 28 09:58:46 2018]
Finished job 46.
11 of 56 steps (20%) done

[Fri Sep 28 09:58:46 2018]
rule ng_paired_read_bwa_mapping:
    input: data/strains/dna/CH2522_1.fq.gz, data/strains/dna/CH2522_2.fq.gz, /net/metagenomics/data/from_moni/old.tzuhao/seq2geno/dev_versions/v7/data/reference/RefCln_UCBPP-PA14.fa, /net/metagenomics/data/from_moni/old.tzuhao/seq2geno/dev_versions/v7/data/reference/RefCln_UCBPP-PA14.fa.fai, /net/metagenomics/data/from_moni/old.tzuhao/seq2geno/dev_versions/v7/data/reference/RefCln_UCBPP-PA14.fa.bwt
    output: seq2geno_temp/CH2522/stampy/bwa1.sai, seq2geno_temp/CH2522/stampy/bwa2.sai, seq2geno_temp/CH2522/stampy/pre_bwa.bam
    jobid: 55
    wildcards: TMP_D=seq2geno_temp, strain=CH2522

Removing temporary output file seq2geno_temp/CH2522/stampy/bwa1.sai.
Removing temporary output file seq2geno_temp/CH2522/stampy/bwa2.sai.
[Fri Sep 28 09:58:47 2018]
Finished job 55.
12 of 56 steps (21%) done

[Fri Sep 28 09:58:47 2018]
rule ng_sort_bam:
    input: seq2geno_temp/F2097/stampy/remap.bam
    output: seq2geno_temp/F2097/stampy/remap_sorted.bam, seq2geno_temp/F2097/stampy/remap_sorted.bam.bai
    jobid: 23
    wildcards: TMP_D=seq2geno_temp, strain=F2097

Removing temporary output file seq2geno_temp/F2097/stampy/remap.bam.
[Fri Sep 28 09:58:47 2018]
Finished job 23.
13 of 56 steps (23%) done

[Fri Sep 28 09:58:47 2018]
rule ng_stampy_remapping:
    input: /net/metagenomics/data/from_moni/old.tzuhao/seq2geno/dev_versions/v7/data/reference/RefCln_UCBPP-PA14.fa.stidx, /net/metagenomics/data/from_moni/old.tzuhao/seq2geno/dev_versions/v7/data/reference/RefCln_UCBPP-PA14.fa.sthash, seq2geno_temp/CH2522/stampy/pre_bwa.bam
    output: seq2geno_temp/CH2522/stampy/remap.sam
    jobid: 45
    wildcards: TMP_D=seq2geno_temp, strain=CH2522

Removing temporary output file seq2geno_temp/CH2522/stampy/pre_bwa.bam.
[Fri Sep 28 09:58:47 2018]
Finished job 45.
14 of 56 steps (25%) done

[Fri Sep 28 09:58:47 2018]
rule ng_stampy_remapping:
    input: /net/metagenomics/data/from_moni/old.tzuhao/seq2geno/dev_versions/v7/data/reference/RefCln_UCBPP-PA14.fa.stidx, /net/metagenomics/data/from_moni/old.tzuhao/seq2geno/dev_versions/v7/data/reference/RefCln_UCBPP-PA14.fa.sthash, seq2geno_temp/F2167/stampy/pre_bwa.bam
    output: seq2geno_temp/F2167/stampy/remap.sam
    jobid: 36
    wildcards: TMP_D=seq2geno_temp, strain=F2167

Removing temporary output file seq2geno_temp/F2167/stampy/pre_bwa.bam.
[Fri Sep 28 09:58:47 2018]
Finished job 36.
15 of 56 steps (27%) done

[Fri Sep 28 09:58:47 2018]
rule ng_sam2bam:
    input: seq2geno_temp/ESP088/stampy/remap.sam
    output: seq2geno_temp/ESP088/stampy/remap.bam
    jobid: 28
    wildcards: TMP_D=seq2geno_temp, strain=ESP088

Removing temporary output file seq2geno_temp/ESP088/stampy/remap.sam.
[Fri Sep 28 09:58:47 2018]
Finished job 28.
16 of 56 steps (29%) done

[Fri Sep 28 09:58:47 2018]
rule ng_paired_read_bwa_mapping:
    input: data/strains/dna/CH2500_1.fq.gz, data/strains/dna/CH2500_2.fq.gz, /net/metagenomics/data/from_moni/old.tzuhao/seq2geno/dev_versions/v7/data/reference/RefCln_UCBPP-PA14.fa, /net/metagenomics/data/from_moni/old.tzuhao/seq2geno/dev_versions/v7/data/reference/RefCln_UCBPP-PA14.fa.fai, /net/metagenomics/data/from_moni/old.tzuhao/seq2geno/dev_versions/v7/data/reference/RefCln_UCBPP-PA14.fa.bwt
    output: seq2geno_temp/CH2500/stampy/bwa1.sai, seq2geno_temp/CH2500/stampy/bwa2.sai, seq2geno_temp/CH2500/stampy/pre_bwa.bam
    jobid: 52
    wildcards: TMP_D=seq2geno_temp, strain=CH2500

Removing temporary output file seq2geno_temp/CH2500/stampy/bwa1.sai.
Removing temporary output file seq2geno_temp/CH2500/stampy/bwa2.sai.
[Fri Sep 28 09:58:48 2018]
Finished job 52.
17 of 56 steps (30%) done

[Fri Sep 28 09:58:48 2018]
rule ng_paired_read_bwa_mapping:
    input: data/strains/dna/MHH15103_1.fq.gz, data/strains/dna/MHH15103_2.fq.gz, /net/metagenomics/data/from_moni/old.tzuhao/seq2geno/dev_versions/v7/data/reference/RefCln_UCBPP-PA14.fa, /net/metagenomics/data/from_moni/old.tzuhao/seq2geno/dev_versions/v7/data/reference/RefCln_UCBPP-PA14.fa.fai, /net/metagenomics/data/from_moni/old.tzuhao/seq2geno/dev_versions/v7/data/reference/RefCln_UCBPP-PA14.fa.bwt
    output: seq2geno_temp/MHH15103/stampy/bwa1.sai, seq2geno_temp/MHH15103/stampy/bwa2.sai, seq2geno_temp/MHH15103/stampy/pre_bwa.bam
    jobid: 54
    wildcards: TMP_D=seq2geno_temp, strain=MHH15103

Removing temporary output file seq2geno_temp/MHH15103/stampy/bwa1.sai.
Removing temporary output file seq2geno_temp/MHH15103/stampy/bwa2.sai.
[Fri Sep 28 09:58:48 2018]
Finished job 54.
18 of 56 steps (32%) done

[Fri Sep 28 09:58:48 2018]
rule ng_stampy_remapping:
    input: /net/metagenomics/data/from_moni/old.tzuhao/seq2geno/dev_versions/v7/data/reference/RefCln_UCBPP-PA14.fa.stidx, /net/metagenomics/data/from_moni/old.tzuhao/seq2geno/dev_versions/v7/data/reference/RefCln_UCBPP-PA14.fa.sthash, seq2geno_temp/MHH15103/stampy/pre_bwa.bam
    output: seq2geno_temp/MHH15103/stampy/remap.sam
    jobid: 44
    wildcards: TMP_D=seq2geno_temp, strain=MHH15103

Removing temporary output file seq2geno_temp/MHH15103/stampy/pre_bwa.bam.
[Fri Sep 28 09:58:48 2018]
Finished job 44.
19 of 56 steps (34%) done

[Fri Sep 28 09:58:48 2018]
rule ng_sam2bam:
    input: seq2geno_temp/MHH15103/stampy/remap.sam
    output: seq2geno_temp/MHH15103/stampy/remap.bam
    jobid: 34
    wildcards: TMP_D=seq2geno_temp, strain=MHH15103

Removing temporary output file seq2geno_temp/MHH15103/stampy/remap.sam.
[Fri Sep 28 09:58:48 2018]
Finished job 34.
20 of 56 steps (36%) done

[Fri Sep 28 09:58:48 2018]
rule ng_sort_bam:
    input: seq2geno_temp/MHH15103/stampy/remap.bam
    output: seq2geno_temp/MHH15103/stampy/remap_sorted.bam, seq2geno_temp/MHH15103/stampy/remap_sorted.bam.bai
    jobid: 24
    wildcards: TMP_D=seq2geno_temp, strain=MHH15103

Removing temporary output file seq2geno_temp/MHH15103/stampy/remap.bam.
[Fri Sep 28 09:58:49 2018]
Finished job 24.
21 of 56 steps (38%) done

[Fri Sep 28 09:58:49 2018]
rule ng_paired_read_bwa_mapping:
    input: data/strains/dna/MHH15083_1.fq.gz, data/strains/dna/MHH15083_2.fq.gz, /net/metagenomics/data/from_moni/old.tzuhao/seq2geno/dev_versions/v7/data/reference/RefCln_UCBPP-PA14.fa, /net/metagenomics/data/from_moni/old.tzuhao/seq2geno/dev_versions/v7/data/reference/RefCln_UCBPP-PA14.fa.fai, /net/metagenomics/data/from_moni/old.tzuhao/seq2geno/dev_versions/v7/data/reference/RefCln_UCBPP-PA14.fa.bwt
    output: seq2geno_temp/MHH15083/stampy/bwa1.sai, seq2geno_temp/MHH15083/stampy/bwa2.sai, seq2geno_temp/MHH15083/stampy/pre_bwa.bam
    jobid: 51
    wildcards: TMP_D=seq2geno_temp, strain=MHH15083

Removing temporary output file seq2geno_temp/MHH15083/stampy/bwa1.sai.
Removing temporary output file seq2geno_temp/MHH15083/stampy/bwa2.sai.
[Fri Sep 28 09:58:49 2018]
Finished job 51.
22 of 56 steps (39%) done

[Fri Sep 28 09:58:49 2018]
rule ng_stampy_remapping:
    input: /net/metagenomics/data/from_moni/old.tzuhao/seq2geno/dev_versions/v7/data/reference/RefCln_UCBPP-PA14.fa.stidx, /net/metagenomics/data/from_moni/old.tzuhao/seq2geno/dev_versions/v7/data/reference/RefCln_UCBPP-PA14.fa.sthash, seq2geno_temp/MHH15083/stampy/pre_bwa.bam
    output: seq2geno_temp/MHH15083/stampy/remap.sam
    jobid: 41
    wildcards: TMP_D=seq2geno_temp, strain=MHH15083

Removing temporary output file seq2geno_temp/MHH15083/stampy/pre_bwa.bam.
[Fri Sep 28 09:58:49 2018]
Finished job 41.
23 of 56 steps (41%) done

[Fri Sep 28 09:58:49 2018]
rule ng_sam2bam:
    input: seq2geno_temp/MHH15083/stampy/remap.sam
    output: seq2geno_temp/MHH15083/stampy/remap.bam
    jobid: 31
    wildcards: TMP_D=seq2geno_temp, strain=MHH15083

Removing temporary output file seq2geno_temp/MHH15083/stampy/remap.sam.
[Fri Sep 28 09:58:49 2018]
Finished job 31.
24 of 56 steps (43%) done

[Fri Sep 28 09:58:49 2018]
rule ng_sort_bam:
    input: seq2geno_temp/MHH15083/stampy/remap.bam
    output: seq2geno_temp/MHH15083/stampy/remap_sorted.bam, seq2geno_temp/MHH15083/stampy/remap_sorted.bam.bai
    jobid: 21
    wildcards: TMP_D=seq2geno_temp, strain=MHH15083

Removing temporary output file seq2geno_temp/MHH15083/stampy/remap.bam.
[Fri Sep 28 09:58:50 2018]
Finished job 21.
25 of 56 steps (45%) done

[Fri Sep 28 09:58:50 2018]
rule ng_stampy_remapping:
    input: /net/metagenomics/data/from_moni/old.tzuhao/seq2geno/dev_versions/v7/data/reference/RefCln_UCBPP-PA14.fa.stidx, /net/metagenomics/data/from_moni/old.tzuhao/seq2geno/dev_versions/v7/data/reference/RefCln_UCBPP-PA14.fa.sthash, seq2geno_temp/CH2500/stampy/pre_bwa.bam
    output: seq2geno_temp/CH2500/stampy/remap.sam
    jobid: 42
    wildcards: TMP_D=seq2geno_temp, strain=CH2500

Removing temporary output file seq2geno_temp/CH2500/stampy/pre_bwa.bam.
[Fri Sep 28 09:58:50 2018]
Finished job 42.
26 of 56 steps (46%) done

[Fri Sep 28 09:58:50 2018]
rule ng_sam2bam:
    input: seq2geno_temp/CH2500/stampy/remap.sam
    output: seq2geno_temp/CH2500/stampy/remap.bam
    jobid: 32
    wildcards: TMP_D=seq2geno_temp, strain=CH2500

Removing temporary output file seq2geno_temp/CH2500/stampy/remap.sam.
[Fri Sep 28 09:58:50 2018]
Finished job 32.
27 of 56 steps (48%) done

[Fri Sep 28 09:58:50 2018]
rule ng_sort_bam:
    input: seq2geno_temp/CH2500/stampy/remap.bam
    output: seq2geno_temp/CH2500/stampy/remap_sorted.bam, seq2geno_temp/CH2500/stampy/remap_sorted.bam.bai
    jobid: 22
    wildcards: TMP_D=seq2geno_temp, strain=CH2500

Removing temporary output file seq2geno_temp/CH2500/stampy/remap.bam.
[Fri Sep 28 09:58:50 2018]
Finished job 22.
28 of 56 steps (50%) done

[Fri Sep 28 09:58:50 2018]
rule ng_paired_read_bwa_mapping:
    input: data/strains/dna/MHH14911_1.fq.gz, data/strains/dna/MHH14911_2.fq.gz, /net/metagenomics/data/from_moni/old.tzuhao/seq2geno/dev_versions/v7/data/reference/RefCln_UCBPP-PA14.fa, /net/metagenomics/data/from_moni/old.tzuhao/seq2geno/dev_versions/v7/data/reference/RefCln_UCBPP-PA14.fa.fai, /net/metagenomics/data/from_moni/old.tzuhao/seq2geno/dev_versions/v7/data/reference/RefCln_UCBPP-PA14.fa.bwt
    output: seq2geno_temp/MHH14911/stampy/bwa1.sai, seq2geno_temp/MHH14911/stampy/bwa2.sai, seq2geno_temp/MHH14911/stampy/pre_bwa.bam
    jobid: 49
    wildcards: TMP_D=seq2geno_temp, strain=MHH14911

Removing temporary output file seq2geno_temp/MHH14911/stampy/bwa1.sai.
Removing temporary output file seq2geno_temp/MHH14911/stampy/bwa2.sai.
[Fri Sep 28 09:58:51 2018]
Finished job 49.
29 of 56 steps (52%) done

[Fri Sep 28 09:58:51 2018]
rule ng_stampy_remapping:
    input: /net/metagenomics/data/from_moni/old.tzuhao/seq2geno/dev_versions/v7/data/reference/RefCln_UCBPP-PA14.fa.stidx, /net/metagenomics/data/from_moni/old.tzuhao/seq2geno/dev_versions/v7/data/reference/RefCln_UCBPP-PA14.fa.sthash, seq2geno_temp/MHH14911/stampy/pre_bwa.bam
    output: seq2geno_temp/MHH14911/stampy/remap.sam
    jobid: 39
    wildcards: TMP_D=seq2geno_temp, strain=MHH14911

Removing temporary output file seq2geno_temp/MHH14911/stampy/pre_bwa.bam.
[Fri Sep 28 09:58:51 2018]
Finished job 39.
30 of 56 steps (54%) done

[Fri Sep 28 09:58:51 2018]
rule ng_sam2bam:
    input: seq2geno_temp/MHH14911/stampy/remap.sam
    output: seq2geno_temp/MHH14911/stampy/remap.bam
    jobid: 29
    wildcards: TMP_D=seq2geno_temp, strain=MHH14911

Removing temporary output file seq2geno_temp/MHH14911/stampy/remap.sam.
[Fri Sep 28 09:58:51 2018]
Finished job 29.
31 of 56 steps (55%) done

[Fri Sep 28 09:58:51 2018]
rule ng_sort_bam:
    input: seq2geno_temp/MHH14911/stampy/remap.bam
    output: seq2geno_temp/MHH14911/stampy/remap_sorted.bam, seq2geno_temp/MHH14911/stampy/remap_sorted.bam.bai
    jobid: 19
    wildcards: TMP_D=seq2geno_temp, strain=MHH14911

Removing temporary output file seq2geno_temp/MHH14911/stampy/remap.bam.
[Fri Sep 28 09:58:51 2018]
Finished job 19.
32 of 56 steps (57%) done

[Fri Sep 28 09:58:51 2018]
rule ng_paired_read_bwa_mapping:
    input: data/strains/dna/CH2502_1.fq.gz, data/strains/dna/CH2502_2.fq.gz, /net/metagenomics/data/from_moni/old.tzuhao/seq2geno/dev_versions/v7/data/reference/RefCln_UCBPP-PA14.fa, /net/metagenomics/data/from_moni/old.tzuhao/seq2geno/dev_versions/v7/data/reference/RefCln_UCBPP-PA14.fa.fai, /net/metagenomics/data/from_moni/old.tzuhao/seq2geno/dev_versions/v7/data/reference/RefCln_UCBPP-PA14.fa.bwt
    output: seq2geno_temp/CH2502/stampy/bwa1.sai, seq2geno_temp/CH2502/stampy/bwa2.sai, seq2geno_temp/CH2502/stampy/pre_bwa.bam
    jobid: 50
    wildcards: TMP_D=seq2geno_temp, strain=CH2502

Removing temporary output file seq2geno_temp/CH2502/stampy/bwa1.sai.
Removing temporary output file seq2geno_temp/CH2502/stampy/bwa2.sai.
[Fri Sep 28 09:58:52 2018]
Finished job 50.
33 of 56 steps (59%) done

[Fri Sep 28 09:58:52 2018]
rule ng_stampy_remapping:
    input: /net/metagenomics/data/from_moni/old.tzuhao/seq2geno/dev_versions/v7/data/reference/RefCln_UCBPP-PA14.fa.stidx, /net/metagenomics/data/from_moni/old.tzuhao/seq2geno/dev_versions/v7/data/reference/RefCln_UCBPP-PA14.fa.sthash, seq2geno_temp/CH2502/stampy/pre_bwa.bam
    output: seq2geno_temp/CH2502/stampy/remap.sam
    jobid: 40
    wildcards: TMP_D=seq2geno_temp, strain=CH2502

Removing temporary output file seq2geno_temp/CH2502/stampy/pre_bwa.bam.
[Fri Sep 28 09:58:52 2018]
Finished job 40.
34 of 56 steps (61%) done

[Fri Sep 28 09:58:52 2018]
rule ng_sam2bam:
    input: seq2geno_temp/CH2502/stampy/remap.sam
    output: seq2geno_temp/CH2502/stampy/remap.bam
    jobid: 30
    wildcards: TMP_D=seq2geno_temp, strain=CH2502

Removing temporary output file seq2geno_temp/CH2502/stampy/remap.sam.
[Fri Sep 28 09:58:52 2018]
Finished job 30.
35 of 56 steps (62%) done

[Fri Sep 28 09:58:52 2018]
rule ng_sort_bam:
    input: seq2geno_temp/CH2502/stampy/remap.bam
    output: seq2geno_temp/CH2502/stampy/remap_sorted.bam, seq2geno_temp/CH2502/stampy/remap_sorted.bam.bai
    jobid: 20
    wildcards: TMP_D=seq2geno_temp, strain=CH2502

Removing temporary output file seq2geno_temp/CH2502/stampy/remap.bam.
[Fri Sep 28 09:58:52 2018]
Finished job 20.
36 of 56 steps (64%) done

[Fri Sep 28 09:58:52 2018]
rule ng_sort_bam:
    input: seq2geno_temp/ESP088/stampy/remap.bam
    output: seq2geno_temp/ESP088/stampy/remap_sorted.bam, seq2geno_temp/ESP088/stampy/remap_sorted.bam.bai
    jobid: 18
    wildcards: TMP_D=seq2geno_temp, strain=ESP088

Removing temporary output file seq2geno_temp/ESP088/stampy/remap.bam.
[Fri Sep 28 09:58:53 2018]
Finished job 18.
37 of 56 steps (66%) done

[Fri Sep 28 09:58:53 2018]
rule ng_sort_bam:
    input: seq2geno_temp/F1659/stampy/remap.bam
    output: seq2geno_temp/F1659/stampy/remap_sorted.bam, seq2geno_temp/F1659/stampy/remap_sorted.bam.bai
    jobid: 17
    wildcards: TMP_D=seq2geno_temp, strain=F1659

Removing temporary output file seq2geno_temp/F1659/stampy/remap.bam.
[Fri Sep 28 09:58:53 2018]
Finished job 17.
38 of 56 steps (68%) done

[Fri Sep 28 09:58:53 2018]
rule ng_sam2bam:
    input: seq2geno_temp/CH2522/stampy/remap.sam
    output: seq2geno_temp/CH2522/stampy/remap.bam
    jobid: 35
    wildcards: TMP_D=seq2geno_temp, strain=CH2522

Removing temporary output file seq2geno_temp/CH2522/stampy/remap.sam.
[Fri Sep 28 09:58:53 2018]
Finished job 35.
39 of 56 steps (70%) done

[Fri Sep 28 09:58:53 2018]
rule ng_sort_bam:
    input: seq2geno_temp/CH2522/stampy/remap.bam
    output: seq2geno_temp/CH2522/stampy/remap_sorted.bam, seq2geno_temp/CH2522/stampy/remap_sorted.bam.bai
    jobid: 25
    wildcards: TMP_D=seq2geno_temp, strain=CH2522

Removing temporary output file seq2geno_temp/CH2522/stampy/remap.bam.
[Fri Sep 28 09:58:53 2018]
Finished job 25.
40 of 56 steps (71%) done

[Fri Sep 28 09:58:53 2018]
rule ng_sam2bam:
    input: seq2geno_temp/F2167/stampy/remap.sam
    output: seq2geno_temp/F2167/stampy/remap.bam
    jobid: 26
    wildcards: TMP_D=seq2geno_temp, strain=F2167

Removing temporary output file seq2geno_temp/F2167/stampy/remap.sam.
[Fri Sep 28 09:58:53 2018]
Finished job 26.
41 of 56 steps (73%) done

[Fri Sep 28 09:58:53 2018]
rule ng_sort_bam:
    input: seq2geno_temp/F2167/stampy/remap.bam
    output: seq2geno_temp/F2167/stampy/remap_sorted.bam, seq2geno_temp/F2167/stampy/remap_sorted.bam.bai
    jobid: 16
    wildcards: TMP_D=seq2geno_temp, strain=F2167

Removing temporary output file seq2geno_temp/F2167/stampy/remap.bam.
[Fri Sep 28 09:58:54 2018]
Finished job 16.
42 of 56 steps (75%) done

[Fri Sep 28 09:58:54 2018]
rule ng_detect_var_for_pop:
    input: /net/metagenomics/data/from_moni/old.tzuhao/seq2geno/dev_versions/v7/data/reference/RefCln_UCBPP-PA14.fa, /net/metagenomics/data/from_moni/old.tzuhao/seq2geno/dev_versions/v7/data/reference/RefCln_UCBPP-PA14.fa.fai, seq2geno_temp/CH2500/stampy/remap_sorted.bam, seq2geno_temp/CH2502/stampy/remap_sorted.bam, seq2geno_temp/CH2522/stampy/remap_sorted.bam, seq2geno_temp/F1659/stampy/remap_sorted.bam, seq2geno_temp/ESP088/stampy/remap_sorted.bam, seq2geno_temp/MHH15083/stampy/remap_sorted.bam, seq2geno_temp/F2167/stampy/remap_sorted.bam, seq2geno_temp/F2097/stampy/remap_sorted.bam, seq2geno_temp/MHH14911/stampy/remap_sorted.bam, seq2geno_temp/MHH15103/stampy/remap_sorted.bam, seq2geno_temp/CH2500/stampy/remap_sorted.bam.bai, seq2geno_temp/CH2502/stampy/remap_sorted.bam.bai, seq2geno_temp/CH2522/stampy/remap_sorted.bam.bai, seq2geno_temp/F1659/stampy/remap_sorted.bam.bai, seq2geno_temp/ESP088/stampy/remap_sorted.bam.bai, seq2geno_temp/MHH15083/stampy/remap_sorted.bam.bai, seq2geno_temp/F2167/stampy/remap_sorted.bam.bai, seq2geno_temp/F2097/stampy/remap_sorted.bam.bai, seq2geno_temp/MHH14911/stampy/remap_sorted.bam.bai, seq2geno_temp/MHH15103/stampy/remap_sorted.bam.bai
    output: seq2geno_temp/freebayes/multisample_raw.vcf.gz, seq2geno_temp/freebayes/multisample_raw.vcf.gz.tbi
    jobid: 15
    wildcards: TMP_D=seq2geno_temp

Removing temporary output file seq2geno_temp/F2167/stampy/remap_sorted.bam.bai.
Removing temporary output file seq2geno_temp/F2167/stampy/remap_sorted.bam.
Removing temporary output file seq2geno_temp/F1659/stampy/remap_sorted.bam.bai.
Removing temporary output file seq2geno_temp/F1659/stampy/remap_sorted.bam.
Removing temporary output file seq2geno_temp/ESP088/stampy/remap_sorted.bam.bai.
Removing temporary output file seq2geno_temp/ESP088/stampy/remap_sorted.bam.
Removing temporary output file seq2geno_temp/MHH14911/stampy/remap_sorted.bam.
Removing temporary output file seq2geno_temp/MHH14911/stampy/remap_sorted.bam.bai.
Removing temporary output file seq2geno_temp/CH2502/stampy/remap_sorted.bam.
Removing temporary output file seq2geno_temp/CH2502/stampy/remap_sorted.bam.bai.
Removing temporary output file seq2geno_temp/MHH15083/stampy/remap_sorted.bam.bai.
Removing temporary output file seq2geno_temp/MHH15083/stampy/remap_sorted.bam.
Removing temporary output file seq2geno_temp/CH2500/stampy/remap_sorted.bam.bai.
Removing temporary output file seq2geno_temp/CH2500/stampy/remap_sorted.bam.
Removing temporary output file seq2geno_temp/F2097/stampy/remap_sorted.bam.bai.
Removing temporary output file seq2geno_temp/F2097/stampy/remap_sorted.bam.
Removing temporary output file seq2geno_temp/MHH15103/stampy/remap_sorted.bam.
Removing temporary output file seq2geno_temp/MHH15103/stampy/remap_sorted.bam.bai.
Removing temporary output file seq2geno_temp/CH2522/stampy/remap_sorted.bam.bai.
Removing temporary output file seq2geno_temp/CH2522/stampy/remap_sorted.bam.
[Fri Sep 28 09:58:54 2018]
Finished job 15.
43 of 56 steps (77%) done

[Fri Sep 28 09:58:54 2018]
rule split_multi_allelic_sites:
    input: seq2geno_temp/freebayes/multisample_raw.vcf.gz, seq2geno_temp/freebayes/multisample_raw.vcf.gz.tbi
    output: seq2geno_temp/freebayes/multisample.vcf.gz, seq2geno_temp/freebayes/multisample.vcf.gz.tbi
    jobid: 14
    wildcards: TMP_D=seq2geno_temp

[Fri Sep 28 09:58:55 2018]
Finished job 14.
44 of 56 steps (79%) done

[Fri Sep 28 09:58:55 2018]
rule ng_mask_coding_regions:
    input: seq2geno_temp/freebayes/multisample.vcf.gz, seq2geno_temp/freebayes/ref.coding.bed
    output: seq2geno_temp/freebayes/multisample.vcf.coding.gz, seq2geno_temp/freebayes/multisample.vcf.coding.gz.tbi
    jobid: 11
    wildcards: TMP_D=seq2geno_temp

Removing temporary output file seq2geno_temp/freebayes/ref.coding.bed.
[Fri Sep 28 09:58:55 2018]
Finished job 11.
45 of 56 steps (80%) done

[Fri Sep 28 09:58:55 2018]
rule create_consensus_sequence:
    input: seq2geno_temp/reference.target_regions.fa, seq2geno_temp/freebayes/multisample.vcf.coding.gz, seq2geno_temp/freebayes/multisample.vcf.coding.gz.tbi
    output: seq2geno_temp/F2097/cons.fa
    jobid: 5
    wildcards: TMP_D=seq2geno_temp, strain=F2097

[Fri Sep 28 09:58:55 2018]
Finished job 5.
46 of 56 steps (82%) done

[Fri Sep 28 09:58:55 2018]
rule create_consensus_sequence:
    input: seq2geno_temp/reference.target_regions.fa, seq2geno_temp/freebayes/multisample.vcf.coding.gz, seq2geno_temp/freebayes/multisample.vcf.coding.gz.tbi
    output: seq2geno_temp/CH2502/cons.fa
    jobid: 4
    wildcards: TMP_D=seq2geno_temp, strain=CH2502

[Fri Sep 28 09:58:55 2018]
Finished job 4.
47 of 56 steps (84%) done

[Fri Sep 28 09:58:55 2018]
rule create_consensus_sequence:
    input: seq2geno_temp/reference.target_regions.fa, seq2geno_temp/freebayes/multisample.vcf.coding.gz, seq2geno_temp/freebayes/multisample.vcf.coding.gz.tbi
    output: seq2geno_temp/MHH14911/cons.fa
    jobid: 8
    wildcards: TMP_D=seq2geno_temp, strain=MHH14911

[Fri Sep 28 09:58:55 2018]
Finished job 8.
48 of 56 steps (86%) done

[Fri Sep 28 09:58:55 2018]
rule create_consensus_sequence:
    input: seq2geno_temp/reference.target_regions.fa, seq2geno_temp/freebayes/multisample.vcf.coding.gz, seq2geno_temp/freebayes/multisample.vcf.coding.gz.tbi
    output: seq2geno_temp/MHH15083/cons.fa
    jobid: 9
    wildcards: TMP_D=seq2geno_temp, strain=MHH15083

[Fri Sep 28 09:58:55 2018]
Finished job 9.
49 of 56 steps (88%) done

[Fri Sep 28 09:58:55 2018]
rule create_consensus_sequence:
    input: seq2geno_temp/reference.target_regions.fa, seq2geno_temp/freebayes/multisample.vcf.coding.gz, seq2geno_temp/freebayes/multisample.vcf.coding.gz.tbi
    output: seq2geno_temp/MHH15103/cons.fa
    jobid: 10
    wildcards: TMP_D=seq2geno_temp, strain=MHH15103

[Fri Sep 28 09:58:56 2018]
Finished job 10.
50 of 56 steps (89%) done

[Fri Sep 28 09:58:56 2018]
rule create_consensus_sequence:
    input: seq2geno_temp/reference.target_regions.fa, seq2geno_temp/freebayes/multisample.vcf.coding.gz, seq2geno_temp/freebayes/multisample.vcf.coding.gz.tbi
    output: seq2geno_temp/CH2500/cons.fa
    jobid: 7
    wildcards: TMP_D=seq2geno_temp, strain=CH2500

[Fri Sep 28 09:58:56 2018]
Finished job 7.
51 of 56 steps (91%) done

[Fri Sep 28 09:58:56 2018]
rule create_consensus_sequence:
    input: seq2geno_temp/reference.target_regions.fa, seq2geno_temp/freebayes/multisample.vcf.coding.gz, seq2geno_temp/freebayes/multisample.vcf.coding.gz.tbi
    output: seq2geno_temp/ESP088/cons.fa
    jobid: 1
    wildcards: TMP_D=seq2geno_temp, strain=ESP088

[Fri Sep 28 09:58:56 2018]
Finished job 1.
52 of 56 steps (93%) done

[Fri Sep 28 09:58:56 2018]
rule create_consensus_sequence:
    input: seq2geno_temp/reference.target_regions.fa, seq2geno_temp/freebayes/multisample.vcf.coding.gz, seq2geno_temp/freebayes/multisample.vcf.coding.gz.tbi
    output: seq2geno_temp/F1659/cons.fa
    jobid: 3
    wildcards: TMP_D=seq2geno_temp, strain=F1659

[Fri Sep 28 09:58:56 2018]
Finished job 3.
53 of 56 steps (95%) done

[Fri Sep 28 09:58:56 2018]
rule create_consensus_sequence:
    input: seq2geno_temp/reference.target_regions.fa, seq2geno_temp/freebayes/multisample.vcf.coding.gz, seq2geno_temp/freebayes/multisample.vcf.coding.gz.tbi
    output: seq2geno_temp/F2167/cons.fa
    jobid: 6
    wildcards: TMP_D=seq2geno_temp, strain=F2167

[Fri Sep 28 09:58:56 2018]
Finished job 6.
54 of 56 steps (96%) done

[Fri Sep 28 09:58:56 2018]
rule create_consensus_sequence:
    input: seq2geno_temp/reference.target_regions.fa, seq2geno_temp/freebayes/multisample.vcf.coding.gz, seq2geno_temp/freebayes/multisample.vcf.coding.gz.tbi
    output: seq2geno_temp/CH2522/cons.fa
    jobid: 2
    wildcards: TMP_D=seq2geno_temp, strain=CH2522

[Fri Sep 28 09:58:56 2018]
Finished job 2.
55 of 56 steps (98%) done

[Fri Sep 28 09:58:56 2018]
localrule all:
    input: seq2geno_temp/CH2500/cons.fa, seq2geno_temp/CH2502/cons.fa, seq2geno_temp/CH2522/cons.fa, seq2geno_temp/F1659/cons.fa, seq2geno_temp/ESP088/cons.fa, seq2geno_temp/MHH15083/cons.fa, seq2geno_temp/F2167/cons.fa, seq2geno_temp/F2097/cons.fa, seq2geno_temp/MHH14911/cons.fa, seq2geno_temp/MHH15103/cons.fa
    jobid: 0

[Fri Sep 28 09:58:56 2018]
Finished job 0.
56 of 56 steps (100%) done
Complete log: /net/sgi/metagenomics/data/from_moni/old.tzuhao/seq2geno/dev_versions/v7/.snakemake/log/2018-09-28T095841.242276.snakemake.log
