Building DAG of jobs...
Using shell: /bin/bash
Provided cores: 1
Rules claiming more threads will be scaled down.
Job counts:
	count	jobs
	1	all
	1	create_indel_table
	1	expand_by_family
	3	vcf_to_indels_per_fam
	6

[Mon Aug 13 11:14:28 2018]
rule vcf_to_indels_per_fam:
    input: tmp/extracted_proteins_nt/aaaT.vcf
    output: tmp/extracted_proteins_nt/aaaT_indels.txt, tmp/extracted_proteins_nt/aaaT_indels.gff, tmp/extracted_proteins_nt/aaaT_indel_stats.txt
    jobid: 20
    wildcards: fam=aaaT

[Mon Aug 13 11:14:30 2018]
Finished job 20.
1 of 6 steps (17%) done

[Mon Aug 13 11:14:30 2018]
rule vcf_to_indels_per_fam:
    input: tmp/extracted_proteins_nt/aaeA_2.vcf
    output: tmp/extracted_proteins_nt/aaeA_2_indels.txt, tmp/extracted_proteins_nt/aaeA_2_indels.gff, tmp/extracted_proteins_nt/aaeA_2_indel_stats.txt
    jobid: 22
    wildcards: fam=aaeA_2

[Mon Aug 13 11:14:31 2018]
Finished job 22.
2 of 6 steps (33%) done

[Mon Aug 13 11:14:31 2018]
rule vcf_to_indels_per_fam:
    input: tmp/extracted_proteins_nt/aaeA_1.vcf
    output: tmp/extracted_proteins_nt/aaeA_1_indels.txt, tmp/extracted_proteins_nt/aaeA_1_indels.gff, tmp/extracted_proteins_nt/aaeA_1_indel_stats.txt
    jobid: 21
    wildcards: fam=aaeA_1

[Mon Aug 13 11:14:32 2018]
Finished job 21.
3 of 6 steps (50%) done

[Mon Aug 13 11:14:32 2018]
rule expand_by_family:
    input: tmp/extracted_proteins_nt/aaeA_2_indels.txt, tmp/extracted_proteins_nt/aaeA_1_indels.txt, tmp/extracted_proteins_nt/aaaT_indels.txt
    output: tmp/indel.list
    jobid: 19

[Mon Aug 13 11:14:32 2018]
Finished job 19.
4 of 6 steps (67%) done

[Mon Aug 13 11:14:32 2018]
rule create_indel_table:
    input: tmp/roary/gene_presence_absence.Rtab, tmp/indel.list
    output: /net/metagenomics/data/from_moni/old.tzuhao/seq2geno/dev_versions/v4/results/annot.tab, indel_annot.txt, indels_stats.txt, roary_PA14_abricate.txt
    jobid: 1

    [Mon Aug 13 11:14:34 2018]
    Error in rule create_indel_table:
        jobid: 1
        output: /net/metagenomics/data/from_moni/old.tzuhao/seq2geno/dev_versions/v4/results/annot.tab, indel_annot.txt, indels_stats.txt, roary_PA14_abricate.txt

RuleException:
CalledProcessError in line 78 of /net/sgi/metagenomics/data/from_moni/old.tzuhao/seq2geno/dev_versions/v4/CREATE_INDEL_TABLE.smk:
Command ' set -euo pipefail;  
        source activate py27
        python indel_detection/generate_indel_features.py         <(cut -f1 tmp/roary/gene_presence_absence.Rtab| tail -n+2 )         /net/metagenomics/data/from_moni/old.tzuhao/seq2geno/dev_versions/v4/results/annot.tab indel_annot.txt         indels_stats.txt roary_PA14_abricate.txt 
        source deactivate ' returned non-zero exit status 1.
  File "/net/sgi/metagenomics/data/from_moni/old.tzuhao/seq2geno/dev_versions/v4/CREATE_INDEL_TABLE.smk", line 78, in __rule_create_indel_table
  File "/home/thkuo/miniconda3/envs/phypal/lib/python3.6/concurrent/futures/thread.py", line 55, in run
Shutting down, this might take some time.
Exiting because a job execution failed. Look above for error message
Complete log: /net/sgi/metagenomics/data/from_moni/old.tzuhao/seq2geno/dev_versions/v4/.snakemake/log/2018-08-13T111426.415748.snakemake.log
