Building DAG of jobs...
Using shell: /bin/bash
Provided cores: 1
Rules claiming more threads will be scaled down.
Job counts:
	count	jobs
	1	all
	1	for_tab_compute_annot_file
	2

[Tue Sep  4 15:37:53 2018]
rule for_tab_compute_annot_file:
    input: /net/metagenomics/data/from_moni/old.tzuhao/seq2geno/dev_versions/v5/data/reference/RefCln_UCBPP-PA14.gbk
    output: annotations_for_snps.tab
    jobid: 1

Waiting at most 5 seconds for missing files.
MissingOutputException in line 27 of /net/sgi/metagenomics/data/from_moni/old.tzuhao/seq2geno/dev_versions/v5/test.smk:
Missing files after 5 seconds:
annotations_for_snps.tab
This might be due to filesystem latency. If that is the case, consider to increase the wait time with --latency-wait.
Shutting down, this might take some time.
Exiting because a job execution failed. Look above for error message
Complete log: /net/sgi/metagenomics/data/from_moni/old.tzuhao/seq2geno/dev_versions/v5/.snakemake/log/2018-09-04T153753.039883.snakemake.log
