Building DAG of jobs...
Using shell: /bin/bash
Provided cores: 1
Rules claiming more threads will be scaled down.
Job counts:
	count	jobs
	1	all
	1	ng_paired_read_bwa_mapping
	2

[Fri Sep 14 16:33:07 2018]
rule ng_paired_read_bwa_mapping:
    input: data/strains/dna/CH2500_1.fq.gz, data/strains/dna/CH2500_2.fq.gz, /net/metagenomics/data/from_moni/old.tzuhao/seq2geno/dev_versions/v7/data/reference/RefCln_UCBPP-PA14.fa, /net/metagenomics/data/from_moni/old.tzuhao/seq2geno/dev_versions/v7/data/reference/RefCln_UCBPP-PA14.fa.fai, /net/metagenomics/data/from_moni/old.tzuhao/seq2geno/dev_versions/v7/data/reference/RefCln_UCBPP-PA14.fa.bwt
    output: seq2geno_temp/CH2500/stampy/bwa1.sai, seq2geno_temp/CH2500/stampy/bwa2.sai, seq2geno_temp/CH2500/stampy/pre_bwa.bam
    jobid: 1
    wildcards: TMP_D=seq2geno_temp, strain=CH2500

    [Fri Sep 14 16:35:11 2018]
    Error in rule ng_paired_read_bwa_mapping:
        jobid: 1
        output: seq2geno_temp/CH2500/stampy/bwa1.sai, seq2geno_temp/CH2500/stampy/bwa2.sai, seq2geno_temp/CH2500/stampy/pre_bwa.bam

RuleException:
CalledProcessError in line 131 of /net/sgi/metagenomics/data/from_moni/old.tzuhao/seq2geno/dev_versions/v7/ng_DETECT_VARS.smk:
Command ' set -euo pipefail;  
        bwa aln -q10 -t16 /net/metagenomics/data/from_moni/old.tzuhao/seq2geno/dev_versions/v7/data/reference/RefCln_UCBPP-PA14.fa data/strains/dna/CH2500_1.fq.gz         > seq2geno_temp/CH2500/stampy/bwa1.sai

        bwa aln -q10 -t16 /net/metagenomics/data/from_moni/old.tzuhao/seq2geno/dev_versions/v7/data/reference/RefCln_UCBPP-PA14.fa data/strains/dna/CH2500_2.fq.gz         > seq2geno_temp/CH2500/stampy/bwa2.sai 

        bwa sampe -r '@RG	ID:foo	SM:bar'          /net/metagenomics/data/from_moni/old.tzuhao/seq2geno/dev_versions/v7/data/reference/RefCln_UCBPP-PA14.fa seq2geno_temp/CH2500/stampy/bwa1.sai seq2geno_temp/CH2500/stampy/bwa2.sai         data/strains/dna/CH2500_1.fq.gz data/strains/dna/CH2500_2.fq.gz |         samtools view -bS -@ 16         > seq2geno_temp/CH2500/stampy/pre_bwa.bam ' returned non-zero exit status 1.
  File "/net/sgi/metagenomics/data/from_moni/old.tzuhao/seq2geno/dev_versions/v7/ng_DETECT_VARS.smk", line 131, in __rule_ng_paired_read_bwa_mapping
  File "/home/thkuo/miniconda3/envs/ng_seq2geno/lib/python3.6/concurrent/futures/thread.py", line 56, in run
Removing output files of failed job ng_paired_read_bwa_mapping since they might be corrupted:
seq2geno_temp/CH2500/stampy/bwa1.sai, seq2geno_temp/CH2500/stampy/bwa2.sai, seq2geno_temp/CH2500/stampy/pre_bwa.bam
Shutting down, this might take some time.
Exiting because a job execution failed. Look above for error message
Complete log: /net/sgi/metagenomics/data/from_moni/old.tzuhao/seq2geno/dev_versions/v7/.snakemake/log/2018-09-14T163306.366509.snakemake.log
