Building DAG of jobs...
Using shell: /bin/bash
Provided cores: 1
Rules claiming more threads will be scaled down.
Job counts:
	count	jobs
	1	all
	1	ng_create_coding_region_bed
	1	ng_mask_coding_regions
	1	ng_mask_intergenic_regions
	4

[Thu Sep 13 22:40:14 2018]
rule ng_create_coding_region_bed:
    input: /net/metagenomics/data/from_moni/old.tzuhao/seq2geno/dev_versions/v7/data/reference/RefCln_UCBPP-PA14.gbk
    output: seq2geno_temp/ref.coding.bed
    jobid: 3
    wildcards: TMP_D=seq2geno_temp

[Thu Sep 13 22:40:18 2018]
Finished job 3.
1 of 4 steps (25%) done

[Thu Sep 13 22:40:18 2018]
rule ng_mask_coding_regions:
    input: seq2geno_temp/multi_sample_vcf.gz, seq2geno_temp/ref.coding.bed
    output: seq2geno_temp/multi_sample_vcf.coding.gz, seq2geno_temp/multi_sample_vcf.coding.gz.tbi
    jobid: 2
    wildcards: TMP_D=seq2geno_temp

[Thu Sep 13 22:40:27 2018]
Finished job 2.
2 of 4 steps (50%) done

[Thu Sep 13 22:40:27 2018]
rule ng_mask_intergenic_regions:
    input: seq2geno_temp/multi_sample_vcf.gz, seq2geno_temp/ref.coding.bed
    output: seq2geno_temp/multi_sample_vcf.igr.gz, seq2geno_temp/multi_sample_vcf.igr.gz.tbi
    jobid: 1
    wildcards: TMP_D=seq2geno_temp

Removing temporary output file seq2geno_temp/ref.coding.bed.
[Thu Sep 13 22:40:30 2018]
Finished job 1.
3 of 4 steps (75%) done

[Thu Sep 13 22:40:30 2018]
localrule all:
    input: seq2geno_temp/multi_sample_vcf.coding.gz, seq2geno_temp/multi_sample_vcf.igr.gz
    jobid: 0

[Thu Sep 13 22:40:30 2018]
Finished job 0.
4 of 4 steps (100%) done
Complete log: /net/sgi/metagenomics/data/from_moni/old.tzuhao/seq2geno/dev_versions/v7/.snakemake/log/2018-09-13T224012.533940.snakemake.log
