Building DAG of jobs...
Using shell: /bin/bash
Provided cores: 1
Rules claiming more threads will be scaled down.
Job counts:
	count	jobs
	1	all
	1	create_indel_table
	1	expand_by_family
	5	vcf_to_indels_per_fam
	8

[Tue Aug 14 15:28:30 2018]
rule vcf_to_indels_per_fam:
    input: tmp/extracted_proteins_nt/fhuA_3.vcf
    output: tmp/extracted_proteins_nt/fhuA_3_indels.txt, tmp/extracted_proteins_nt/fhuA_3_indels.gff, tmp/extracted_proteins_nt/fhuA_3_indel_stats.txt
    jobid: 21
    wildcards: fam=fhuA_3

[Tue Aug 14 15:28:32 2018]
Finished job 21.
1 of 8 steps (12%) done

[Tue Aug 14 15:28:32 2018]
rule vcf_to_indels_per_fam:
    input: tmp/extracted_proteins_nt/aaaT.vcf
    output: tmp/extracted_proteins_nt/aaaT_indels.txt, tmp/extracted_proteins_nt/aaaT_indels.gff, tmp/extracted_proteins_nt/aaaT_indel_stats.txt
    jobid: 24
    wildcards: fam=aaaT

[Tue Aug 14 15:28:34 2018]
Finished job 24.
2 of 8 steps (25%) done

[Tue Aug 14 15:28:34 2018]
rule vcf_to_indels_per_fam:
    input: tmp/extracted_proteins_nt/aaeA_2.vcf
    output: tmp/extracted_proteins_nt/aaeA_2_indels.txt, tmp/extracted_proteins_nt/aaeA_2_indels.gff, tmp/extracted_proteins_nt/aaeA_2_indel_stats.txt
    jobid: 23
    wildcards: fam=aaeA_2

[Tue Aug 14 15:28:36 2018]
Finished job 23.
3 of 8 steps (38%) done

[Tue Aug 14 15:28:36 2018]
rule vcf_to_indels_per_fam:
    input: tmp/extracted_proteins_nt/xcpW.vcf
    output: tmp/extracted_proteins_nt/xcpW_indels.txt, tmp/extracted_proteins_nt/xcpW_indels.gff, tmp/extracted_proteins_nt/xcpW_indel_stats.txt
    jobid: 22
    wildcards: fam=xcpW

[Tue Aug 14 15:28:38 2018]
Finished job 22.
4 of 8 steps (50%) done

[Tue Aug 14 15:28:38 2018]
rule vcf_to_indels_per_fam:
    input: tmp/extracted_proteins_nt/aaeA_1.vcf
    output: tmp/extracted_proteins_nt/aaeA_1_indels.txt, tmp/extracted_proteins_nt/aaeA_1_indels.gff, tmp/extracted_proteins_nt/aaeA_1_indel_stats.txt
    jobid: 25
    wildcards: fam=aaeA_1

[Tue Aug 14 15:28:40 2018]
Finished job 25.
5 of 8 steps (62%) done

[Tue Aug 14 15:28:40 2018]
rule expand_by_family:
    input: tmp/extracted_proteins_nt/xcpW_indels.txt, tmp/extracted_proteins_nt/aaeA_2_indels.txt, tmp/extracted_proteins_nt/aaaT_indels.txt, tmp/extracted_proteins_nt/aaeA_1_indels.txt, tmp/extracted_proteins_nt/fhuA_3_indels.txt
    output: tmp/indel.list
    jobid: 20

[Tue Aug 14 15:28:40 2018]
Finished job 20.
6 of 8 steps (75%) done

[Tue Aug 14 15:28:40 2018]
rule create_indel_table:
    input: tmp/indel.list
    output: /net/metagenomics/data/from_moni/old.tzuhao/seq2geno/dev_versions/v4/results/annot.tab, indels_stats.txt
    jobid: 1

[Tue Aug 14 15:28:42 2018]
Finished job 1.
7 of 8 steps (88%) done

[Tue Aug 14 15:28:42 2018]
localrule all:
    input: /net/metagenomics/data/from_moni/old.tzuhao/seq2geno/dev_versions/v4/results/annot.tab, /net/metagenomics/data/from_moni/old.tzuhao/seq2geno/dev_versions/v4/results/gpa.tab
    jobid: 0

[Tue Aug 14 15:28:42 2018]
Finished job 0.
8 of 8 steps (100%) done
Complete log: /net/sgi/metagenomics/data/from_moni/old.tzuhao/seq2geno/dev_versions/v4/.snakemake/log/2018-08-14T152827.125761.snakemake.log
