Building DAG of jobs...
Using shell: /bin/bash
Provided cores: 1
Rules claiming more threads will be scaled down.
Job counts:
	count	jobs
	1	all
	1	create_vcf
	1	process_vcf
	1	sort_bam
	4

rule sort_bam:
    input: tmp/CH2500/bwa.raw.bam
    output: tmp/CH2500/bwa.sorted.bam, tmp/CH2500/bwa.sorted.bam.bai
    jobid: 4
    wildcards: TMP_D=tmp, strain=CH2500, mapper=bwa

Removing temporary output file tmp/CH2500/bwa.raw.bam.
Finished job 4.
1 of 4 steps (25%) done

rule create_vcf:
    input: data/reference/RefCln_UCBPP-PA14.fa, data/reference/RefCln_UCBPP-PA14.fa.fai, tmp/CH2500/bwa.sorted.bam, tmp/CH2500/bwa.sorted.bam.bai
    output: tmp/CH2500/bwa.vcf
    jobid: 2
    wildcards: TMP_D=tmp, strain=CH2500, mapper=bwa

Removing temporary output file data/reference/RefCln_UCBPP-PA14.fa.fai.
Removing temporary output file tmp/CH2500/bwa.sorted.bam.bai.
Removing temporary output file tmp/CH2500/bwa.sorted.bam.
Finished job 2.
2 of 4 steps (50%) done

rule process_vcf:
    input: tmp/CH2500/bwa.vcf
    output: tmp/CH2500/bwa.vcf.gz
    jobid: 1
    wildcards: TMP_D=tmp, strains=CH2500, mapper=bwa

Finished job 1.
3 of 4 steps (75%) done

localrule all:
    input: tmp/CH2500/bwa.vcf.gz
    jobid: 0

Finished job 0.
4 of 4 steps (100%) done
Complete log: /net/sgi/metagenomics/data/from_moni/old.tzuhao/seq2geno/dev_versions/v3/.snakemake/log/2018-07-09T160523.461245.snakemake.log
