Building DAG of jobs...
Using shell: /bin/bash
Provided cores: 1
Rules claiming more threads will be scaled down.
Job counts:
	count	jobs
	1	all
	1	sort_gene_family
	2

rule sort_gene_family:
    input: tmp/roary/gene_presence_absence.csv, tmp/prokka/CH2500/CH2500.ffn, tmp/prokka/CH2502/CH2502.ffn, tmp/prokka/CH2522/CH2522.ffn, tmp/prokka/F1659/F1659.ffn
    output: tmp/aln.list
    jobid: 3
    wildcards: TMP_D=tmp

Finished job 3.
1 of 2 steps (50%) done

localrule all:
    input: /net/metagenomics/data/from_moni/old.tzuhao/seq2geno/dev_versions/v3/results/expr.tab, /net/metagenomics/data/from_moni/old.tzuhao/seq2geno/dev_versions/v3/results/syn_snps.tab, /net/metagenomics/data/from_moni/old.tzuhao/seq2geno/dev_versions/v3/results/nonsyn_snps.tab, /net/metagenomics/data/from_moni/old.tzuhao/seq2geno/dev_versions/v3/results/gpa.tab, tmp/aln.list
    jobid: 0

Finished job 0.
2 of 2 steps (100%) done
Complete log: /net/sgi/metagenomics/data/from_moni/old.tzuhao/seq2geno/dev_versions/v3/.snakemake/log/2018-07-15T154227.236601.snakemake.log
