Building DAG of jobs...
Using shell: /bin/bash
Provided cores: 1
Rules claiming more threads will be scaled down.
Job counts:
	count	jobs
	1	all
	2	compress_feat_table
	1	ng_create_coding_region_bed
	1	ng_detect_var_for_pop
	1	ng_mask_coding_regions
	1	ng_mask_intergenic_regions
	7	ng_paired_read_bwa_mapping
	7	ng_sam2bam
	7	ng_sort_bam
	7	ng_stampy_remapping
	1	split_multi_allelic_sites
	1	vcf_to_snp_tables
	37

[Sun Sep 16 16:47:47 2018]
rule ng_paired_read_bwa_mapping:
    input: data/strains/dna/F1659_1.fq.gz, data/strains/dna/F1659_2.fq.gz, /net/metagenomics/data/from_moni/old.tzuhao/seq2geno/dev_versions/v7/data/reference/RefCln_UCBPP-PA14.fa, /net/metagenomics/data/from_moni/old.tzuhao/seq2geno/dev_versions/v7/data/reference/RefCln_UCBPP-PA14.fa.fai, /net/metagenomics/data/from_moni/old.tzuhao/seq2geno/dev_versions/v7/data/reference/RefCln_UCBPP-PA14.fa.bwt
    output: seq2geno_temp/F1659/stampy/bwa1.sai, seq2geno_temp/F1659/stampy/bwa2.sai, seq2geno_temp/F1659/stampy/pre_bwa.bam
    jobid: 61
    wildcards: TMP_D=seq2geno_temp, strain=F1659

[Sun Sep 16 16:52:03 2018]
Finished job 61.
1 of 37 steps (3%) done

[Sun Sep 16 16:52:03 2018]
rule ng_stampy_remapping:
    input: /net/metagenomics/data/from_moni/old.tzuhao/seq2geno/dev_versions/v7/data/reference/RefCln_UCBPP-PA14.fa.stidx, /net/metagenomics/data/from_moni/old.tzuhao/seq2geno/dev_versions/v7/data/reference/RefCln_UCBPP-PA14.fa.sthash, seq2geno_temp/F1659/stampy/pre_bwa.bam
    output: seq2geno_temp/F1659/stampy/remap.sam
    jobid: 51
    wildcards: TMP_D=seq2geno_temp, strain=F1659

[Sun Sep 16 17:09:31 2018]
Finished job 51.
2 of 37 steps (5%) done

[Sun Sep 16 17:09:31 2018]
rule ng_sam2bam:
    input: seq2geno_temp/F1659/stampy/remap.sam
    output: seq2geno_temp/F1659/stampy/remap.bam
    jobid: 41
    wildcards: TMP_D=seq2geno_temp, strain=F1659

[Sun Sep 16 17:10:15 2018]
Finished job 41.
3 of 37 steps (8%) done

[Sun Sep 16 17:10:15 2018]
rule ng_sort_bam:
    input: seq2geno_temp/F1659/stampy/remap.bam
    output: seq2geno_temp/F1659/stampy/remap_sorted.bam, seq2geno_temp/F1659/stampy/remap_sorted.bam.bai
    jobid: 31
    wildcards: TMP_D=seq2geno_temp, strain=F1659

[Sun Sep 16 17:23:07 2018]
Finished job 31.
4 of 37 steps (11%) done

[Sun Sep 16 17:23:07 2018]
rule ng_paired_read_bwa_mapping:
    input: data/strains/dna/F2167_1.fq.gz, data/strains/dna/F2167_2.fq.gz, /net/metagenomics/data/from_moni/old.tzuhao/seq2geno/dev_versions/v7/data/reference/RefCln_UCBPP-PA14.fa, /net/metagenomics/data/from_moni/old.tzuhao/seq2geno/dev_versions/v7/data/reference/RefCln_UCBPP-PA14.fa.fai, /net/metagenomics/data/from_moni/old.tzuhao/seq2geno/dev_versions/v7/data/reference/RefCln_UCBPP-PA14.fa.bwt
    output: seq2geno_temp/F2167/stampy/bwa1.sai, seq2geno_temp/F2167/stampy/bwa2.sai, seq2geno_temp/F2167/stampy/pre_bwa.bam
    jobid: 57
    wildcards: TMP_D=seq2geno_temp, strain=F2167

[Sun Sep 16 17:27:59 2018]
Finished job 57.
5 of 37 steps (14%) done

[Sun Sep 16 17:27:59 2018]
rule ng_stampy_remapping:
    input: /net/metagenomics/data/from_moni/old.tzuhao/seq2geno/dev_versions/v7/data/reference/RefCln_UCBPP-PA14.fa.stidx, /net/metagenomics/data/from_moni/old.tzuhao/seq2geno/dev_versions/v7/data/reference/RefCln_UCBPP-PA14.fa.sthash, seq2geno_temp/F2167/stampy/pre_bwa.bam
    output: seq2geno_temp/F2167/stampy/remap.sam
    jobid: 47
    wildcards: TMP_D=seq2geno_temp, strain=F2167

[Sun Sep 16 17:41:26 2018]
Finished job 47.
6 of 37 steps (16%) done

[Sun Sep 16 17:41:26 2018]
rule ng_sam2bam:
    input: seq2geno_temp/F2167/stampy/remap.sam
    output: seq2geno_temp/F2167/stampy/remap.bam
    jobid: 37
    wildcards: TMP_D=seq2geno_temp, strain=F2167

[Sun Sep 16 17:42:10 2018]
Finished job 37.
7 of 37 steps (19%) done

[Sun Sep 16 17:42:10 2018]
rule ng_sort_bam:
    input: seq2geno_temp/F2167/stampy/remap.bam
    output: seq2geno_temp/F2167/stampy/remap_sorted.bam, seq2geno_temp/F2167/stampy/remap_sorted.bam.bai
    jobid: 27
    wildcards: TMP_D=seq2geno_temp, strain=F2167

[Sun Sep 16 17:55:16 2018]
Finished job 27.
8 of 37 steps (22%) done

[Sun Sep 16 17:55:16 2018]
rule ng_paired_read_bwa_mapping:
    input: data/strains/dna/F2097_1.fq.gz, data/strains/dna/F2097_2.fq.gz, /net/metagenomics/data/from_moni/old.tzuhao/seq2geno/dev_versions/v7/data/reference/RefCln_UCBPP-PA14.fa, /net/metagenomics/data/from_moni/old.tzuhao/seq2geno/dev_versions/v7/data/reference/RefCln_UCBPP-PA14.fa.fai, /net/metagenomics/data/from_moni/old.tzuhao/seq2geno/dev_versions/v7/data/reference/RefCln_UCBPP-PA14.fa.bwt
    output: seq2geno_temp/F2097/stampy/bwa1.sai, seq2geno_temp/F2097/stampy/bwa2.sai, seq2geno_temp/F2097/stampy/pre_bwa.bam
    jobid: 58
    wildcards: TMP_D=seq2geno_temp, strain=F2097

[Sun Sep 16 17:59:28 2018]
Finished job 58.
9 of 37 steps (24%) done

[Sun Sep 16 17:59:28 2018]
rule ng_stampy_remapping:
    input: /net/metagenomics/data/from_moni/old.tzuhao/seq2geno/dev_versions/v7/data/reference/RefCln_UCBPP-PA14.fa.stidx, /net/metagenomics/data/from_moni/old.tzuhao/seq2geno/dev_versions/v7/data/reference/RefCln_UCBPP-PA14.fa.sthash, seq2geno_temp/F2097/stampy/pre_bwa.bam
    output: seq2geno_temp/F2097/stampy/remap.sam
    jobid: 48
    wildcards: TMP_D=seq2geno_temp, strain=F2097

[Sun Sep 16 18:11:06 2018]
Finished job 48.
10 of 37 steps (27%) done

[Sun Sep 16 18:11:06 2018]
rule ng_sam2bam:
    input: seq2geno_temp/F2097/stampy/remap.sam
    output: seq2geno_temp/F2097/stampy/remap.bam
    jobid: 38
    wildcards: TMP_D=seq2geno_temp, strain=F2097

[Sun Sep 16 18:11:47 2018]
Finished job 38.
11 of 37 steps (30%) done

[Sun Sep 16 18:11:47 2018]
rule ng_sort_bam:
    input: seq2geno_temp/F2097/stampy/remap.bam
    output: seq2geno_temp/F2097/stampy/remap_sorted.bam, seq2geno_temp/F2097/stampy/remap_sorted.bam.bai
    jobid: 28
    wildcards: TMP_D=seq2geno_temp, strain=F2097

[Sun Sep 16 18:22:58 2018]
Finished job 28.
12 of 37 steps (32%) done

[Sun Sep 16 18:22:58 2018]
rule ng_paired_read_bwa_mapping:
    input: data/strains/dna/MHH14911_1.fq.gz, data/strains/dna/MHH14911_2.fq.gz, /net/metagenomics/data/from_moni/old.tzuhao/seq2geno/dev_versions/v7/data/reference/RefCln_UCBPP-PA14.fa, /net/metagenomics/data/from_moni/old.tzuhao/seq2geno/dev_versions/v7/data/reference/RefCln_UCBPP-PA14.fa.fai, /net/metagenomics/data/from_moni/old.tzuhao/seq2geno/dev_versions/v7/data/reference/RefCln_UCBPP-PA14.fa.bwt
    output: seq2geno_temp/MHH14911/stampy/bwa1.sai, seq2geno_temp/MHH14911/stampy/bwa2.sai, seq2geno_temp/MHH14911/stampy/pre_bwa.bam
    jobid: 55
    wildcards: TMP_D=seq2geno_temp, strain=MHH14911

[Sun Sep 16 18:26:19 2018]
Finished job 55.
13 of 37 steps (35%) done

[Sun Sep 16 18:26:19 2018]
rule ng_stampy_remapping:
    input: /net/metagenomics/data/from_moni/old.tzuhao/seq2geno/dev_versions/v7/data/reference/RefCln_UCBPP-PA14.fa.stidx, /net/metagenomics/data/from_moni/old.tzuhao/seq2geno/dev_versions/v7/data/reference/RefCln_UCBPP-PA14.fa.sthash, seq2geno_temp/MHH14911/stampy/pre_bwa.bam
    output: seq2geno_temp/MHH14911/stampy/remap.sam
    jobid: 45
    wildcards: TMP_D=seq2geno_temp, strain=MHH14911

[Sun Sep 16 18:35:25 2018]
Finished job 45.
14 of 37 steps (38%) done

[Sun Sep 16 18:35:25 2018]
rule ng_sam2bam:
    input: seq2geno_temp/MHH14911/stampy/remap.sam
    output: seq2geno_temp/MHH14911/stampy/remap.bam
    jobid: 35
    wildcards: TMP_D=seq2geno_temp, strain=MHH14911

[Sun Sep 16 18:35:50 2018]
Finished job 35.
15 of 37 steps (41%) done

[Sun Sep 16 18:35:50 2018]
rule ng_sort_bam:
    input: seq2geno_temp/MHH14911/stampy/remap.bam
    output: seq2geno_temp/MHH14911/stampy/remap_sorted.bam, seq2geno_temp/MHH14911/stampy/remap_sorted.bam.bai
    jobid: 25
    wildcards: TMP_D=seq2geno_temp, strain=MHH14911

[Sun Sep 16 18:42:21 2018]
Finished job 25.
16 of 37 steps (43%) done

[Sun Sep 16 18:42:21 2018]
rule ng_paired_read_bwa_mapping:
    input: data/strains/dna/CH2522_1.fq.gz, data/strains/dna/CH2522_2.fq.gz, /net/metagenomics/data/from_moni/old.tzuhao/seq2geno/dev_versions/v7/data/reference/RefCln_UCBPP-PA14.fa, /net/metagenomics/data/from_moni/old.tzuhao/seq2geno/dev_versions/v7/data/reference/RefCln_UCBPP-PA14.fa.fai, /net/metagenomics/data/from_moni/old.tzuhao/seq2geno/dev_versions/v7/data/reference/RefCln_UCBPP-PA14.fa.bwt
    output: seq2geno_temp/CH2522/stampy/bwa1.sai, seq2geno_temp/CH2522/stampy/bwa2.sai, seq2geno_temp/CH2522/stampy/pre_bwa.bam
    jobid: 52
    wildcards: TMP_D=seq2geno_temp, strain=CH2522

[Sun Sep 16 18:45:12 2018]
Finished job 52.
17 of 37 steps (46%) done

[Sun Sep 16 18:45:12 2018]
rule ng_stampy_remapping:
    input: /net/metagenomics/data/from_moni/old.tzuhao/seq2geno/dev_versions/v7/data/reference/RefCln_UCBPP-PA14.fa.stidx, /net/metagenomics/data/from_moni/old.tzuhao/seq2geno/dev_versions/v7/data/reference/RefCln_UCBPP-PA14.fa.sthash, seq2geno_temp/CH2522/stampy/pre_bwa.bam
    output: seq2geno_temp/CH2522/stampy/remap.sam
    jobid: 42
    wildcards: TMP_D=seq2geno_temp, strain=CH2522

[Sun Sep 16 18:53:44 2018]
Finished job 42.
18 of 37 steps (49%) done

[Sun Sep 16 18:53:44 2018]
rule ng_sam2bam:
    input: seq2geno_temp/CH2522/stampy/remap.sam
    output: seq2geno_temp/CH2522/stampy/remap.bam
    jobid: 32
    wildcards: TMP_D=seq2geno_temp, strain=CH2522

[Sun Sep 16 18:54:06 2018]
Finished job 32.
19 of 37 steps (51%) done

[Sun Sep 16 18:54:06 2018]
rule ng_sort_bam:
    input: seq2geno_temp/CH2522/stampy/remap.bam
    output: seq2geno_temp/CH2522/stampy/remap_sorted.bam, seq2geno_temp/CH2522/stampy/remap_sorted.bam.bai
    jobid: 22
    wildcards: TMP_D=seq2geno_temp, strain=CH2522

[Sun Sep 16 18:59:17 2018]
Finished job 22.
20 of 37 steps (54%) done

[Sun Sep 16 18:59:17 2018]
rule ng_paired_read_bwa_mapping:
    input: data/strains/dna/CH2502_1.fq.gz, data/strains/dna/CH2502_2.fq.gz, /net/metagenomics/data/from_moni/old.tzuhao/seq2geno/dev_versions/v7/data/reference/RefCln_UCBPP-PA14.fa, /net/metagenomics/data/from_moni/old.tzuhao/seq2geno/dev_versions/v7/data/reference/RefCln_UCBPP-PA14.fa.fai, /net/metagenomics/data/from_moni/old.tzuhao/seq2geno/dev_versions/v7/data/reference/RefCln_UCBPP-PA14.fa.bwt
    output: seq2geno_temp/CH2502/stampy/bwa1.sai, seq2geno_temp/CH2502/stampy/bwa2.sai, seq2geno_temp/CH2502/stampy/pre_bwa.bam
    jobid: 56
    wildcards: TMP_D=seq2geno_temp, strain=CH2502

[Sun Sep 16 19:01:38 2018]
Finished job 56.
21 of 37 steps (57%) done

[Sun Sep 16 19:01:38 2018]
rule ng_stampy_remapping:
    input: /net/metagenomics/data/from_moni/old.tzuhao/seq2geno/dev_versions/v7/data/reference/RefCln_UCBPP-PA14.fa.stidx, /net/metagenomics/data/from_moni/old.tzuhao/seq2geno/dev_versions/v7/data/reference/RefCln_UCBPP-PA14.fa.sthash, seq2geno_temp/CH2502/stampy/pre_bwa.bam
    output: seq2geno_temp/CH2502/stampy/remap.sam
    jobid: 46
    wildcards: TMP_D=seq2geno_temp, strain=CH2502

[Sun Sep 16 19:09:01 2018]
Finished job 46.
22 of 37 steps (59%) done

[Sun Sep 16 19:09:01 2018]
rule ng_sam2bam:
    input: seq2geno_temp/CH2502/stampy/remap.sam
    output: seq2geno_temp/CH2502/stampy/remap.bam
    jobid: 36
    wildcards: TMP_D=seq2geno_temp, strain=CH2502

[Sun Sep 16 19:09:21 2018]
Finished job 36.
23 of 37 steps (62%) done

[Sun Sep 16 19:09:21 2018]
rule ng_sort_bam:
    input: seq2geno_temp/CH2502/stampy/remap.bam
    output: seq2geno_temp/CH2502/stampy/remap_sorted.bam, seq2geno_temp/CH2502/stampy/remap_sorted.bam.bai
    jobid: 26
    wildcards: TMP_D=seq2geno_temp, strain=CH2502

[Sun Sep 16 19:14:10 2018]
Finished job 26.
24 of 37 steps (65%) done

[Sun Sep 16 19:14:10 2018]
rule ng_paired_read_bwa_mapping:
    input: data/strains/dna/MHH15103_1.fq.gz, data/strains/dna/MHH15103_2.fq.gz, /net/metagenomics/data/from_moni/old.tzuhao/seq2geno/dev_versions/v7/data/reference/RefCln_UCBPP-PA14.fa, /net/metagenomics/data/from_moni/old.tzuhao/seq2geno/dev_versions/v7/data/reference/RefCln_UCBPP-PA14.fa.fai, /net/metagenomics/data/from_moni/old.tzuhao/seq2geno/dev_versions/v7/data/reference/RefCln_UCBPP-PA14.fa.bwt
    output: seq2geno_temp/MHH15103/stampy/bwa1.sai, seq2geno_temp/MHH15103/stampy/bwa2.sai, seq2geno_temp/MHH15103/stampy/pre_bwa.bam
    jobid: 53
    wildcards: TMP_D=seq2geno_temp, strain=MHH15103

[Sun Sep 16 19:16:38 2018]
Finished job 53.
25 of 37 steps (68%) done

[Sun Sep 16 19:16:38 2018]
rule ng_stampy_remapping:
    input: /net/metagenomics/data/from_moni/old.tzuhao/seq2geno/dev_versions/v7/data/reference/RefCln_UCBPP-PA14.fa.stidx, /net/metagenomics/data/from_moni/old.tzuhao/seq2geno/dev_versions/v7/data/reference/RefCln_UCBPP-PA14.fa.sthash, seq2geno_temp/MHH15103/stampy/pre_bwa.bam
    output: seq2geno_temp/MHH15103/stampy/remap.sam
    jobid: 43
    wildcards: TMP_D=seq2geno_temp, strain=MHH15103

[Sun Sep 16 19:23:46 2018]
Finished job 43.
26 of 37 steps (70%) done

[Sun Sep 16 19:23:46 2018]
rule ng_sam2bam:
    input: seq2geno_temp/MHH15103/stampy/remap.sam
    output: seq2geno_temp/MHH15103/stampy/remap.bam
    jobid: 33
    wildcards: TMP_D=seq2geno_temp, strain=MHH15103

[Sun Sep 16 19:24:05 2018]
Finished job 33.
27 of 37 steps (73%) done

[Sun Sep 16 19:24:05 2018]
rule ng_sort_bam:
    input: seq2geno_temp/MHH15103/stampy/remap.bam
    output: seq2geno_temp/MHH15103/stampy/remap_sorted.bam, seq2geno_temp/MHH15103/stampy/remap_sorted.bam.bai
    jobid: 23
    wildcards: TMP_D=seq2geno_temp, strain=MHH15103

[Sun Sep 16 19:28:27 2018]
Finished job 23.
28 of 37 steps (76%) done

[Sun Sep 16 19:28:28 2018]
rule ng_detect_var_for_pop:
    input: /net/metagenomics/data/from_moni/old.tzuhao/seq2geno/dev_versions/v7/data/reference/RefCln_UCBPP-PA14.fa, /net/metagenomics/data/from_moni/old.tzuhao/seq2geno/dev_versions/v7/data/reference/RefCln_UCBPP-PA14.fa.fai, seq2geno_temp/CH2500/stampy/remap_sorted.bam, seq2geno_temp/CH2502/stampy/remap_sorted.bam, seq2geno_temp/CH2522/stampy/remap_sorted.bam, seq2geno_temp/F1659/stampy/remap_sorted.bam, seq2geno_temp/ESP088/stampy/remap_sorted.bam, seq2geno_temp/MHH15083/stampy/remap_sorted.bam, seq2geno_temp/F2167/stampy/remap_sorted.bam, seq2geno_temp/F2097/stampy/remap_sorted.bam, seq2geno_temp/MHH14911/stampy/remap_sorted.bam, seq2geno_temp/MHH15103/stampy/remap_sorted.bam, seq2geno_temp/CH2500/stampy/remap_sorted.bam.bai, seq2geno_temp/CH2502/stampy/remap_sorted.bam.bai, seq2geno_temp/CH2522/stampy/remap_sorted.bam.bai, seq2geno_temp/F1659/stampy/remap_sorted.bam.bai, seq2geno_temp/ESP088/stampy/remap_sorted.bam.bai, seq2geno_temp/MHH15083/stampy/remap_sorted.bam.bai, seq2geno_temp/F2167/stampy/remap_sorted.bam.bai, seq2geno_temp/F2097/stampy/remap_sorted.bam.bai, seq2geno_temp/MHH14911/stampy/remap_sorted.bam.bai, seq2geno_temp/MHH15103/stampy/remap_sorted.bam.bai
    output: seq2geno_temp/freebayes/multisample_raw.vcf.gz, seq2geno_temp/freebayes/multisample_raw.vcf.gz.tbi
    jobid: 20
    wildcards: TMP_D=seq2geno_temp

[Sun Sep 16 20:12:57 2018]
Finished job 20.
29 of 37 steps (78%) done

[Sun Sep 16 20:12:57 2018]
rule split_multi_allelic_sites:
    input: seq2geno_temp/freebayes/multisample_raw.vcf.gz, seq2geno_temp/freebayes/multisample_raw.vcf.gz.tbi
    output: seq2geno_temp/freebayes/multisample.vcf.gz, seq2geno_temp/freebayes/multisample.vcf.gz.tbi
    jobid: 17
    wildcards: TMP_D=seq2geno_temp

[Sun Sep 16 20:13:17 2018]
Finished job 17.
30 of 37 steps (81%) done

[Sun Sep 16 20:13:17 2018]
rule ng_create_coding_region_bed:
    input: /net/metagenomics/data/from_moni/old.tzuhao/seq2geno/dev_versions/v7/data/reference/RefCln_UCBPP-PA14.gbk
    output: seq2geno_temp/freebayes/ref.coding.bed
    jobid: 18
    wildcards: TMP_D=seq2geno_temp

[Sun Sep 16 20:13:19 2018]
Finished job 18.
31 of 37 steps (84%) done

[Sun Sep 16 20:13:19 2018]
rule ng_mask_coding_regions:
    input: seq2geno_temp/freebayes/multisample.vcf.gz, seq2geno_temp/freebayes/ref.coding.bed
    output: seq2geno_temp/freebayes/multisample.vcf.coding.gz, seq2geno_temp/freebayes/multisample.vcf.coding.gz.tbi
    jobid: 5
    wildcards: TMP_D=seq2geno_temp

[Sun Sep 16 20:13:33 2018]
Finished job 5.
32 of 37 steps (86%) done

[Sun Sep 16 20:13:33 2018]
rule ng_mask_intergenic_regions:
    input: seq2geno_temp/freebayes/multisample.vcf.gz, seq2geno_temp/freebayes/ref.coding.bed
    output: seq2geno_temp/freebayes/multisample.vcf.igr.gz, seq2geno_temp/freebayes/multisample.vcf.igr.gz.tbi
    jobid: 6
    wildcards: TMP_D=seq2geno_temp

[Sun Sep 16 20:13:38 2018]
Finished job 6.
33 of 37 steps (89%) done

[Sun Sep 16 20:13:38 2018]
rule vcf_to_snp_tables:
    input: seq2geno_temp/freebayes/multisample.vcf.coding.gz, seq2geno_temp/freebayes/multisample.vcf.igr.gz, /net/metagenomics/data/from_moni/old.tzuhao/seq2geno/dev_versions/v7/data/reference/RefCln_UCBPP-PA14.gbk
    output: /net/metagenomics/data/from_moni/old.tzuhao/seq2geno/dev_versions/v7/results/syn_snps.tab, /net/metagenomics/data/from_moni/old.tzuhao/seq2geno/dev_versions/v7/results/nonsyn_snps.tab
    jobid: 1

    [Sun Sep 16 20:13:39 2018]
    Error in rule vcf_to_snp_tables:
        jobid: 1
        output: /net/metagenomics/data/from_moni/old.tzuhao/seq2geno/dev_versions/v7/results/syn_snps.tab, /net/metagenomics/data/from_moni/old.tzuhao/seq2geno/dev_versions/v7/results/nonsyn_snps.tab

RuleException:
CalledProcessError in line 22 of /net/sgi/metagenomics/data/from_moni/old.tzuhao/seq2geno/dev_versions/v7/ng_CREATE_SNPS_TABLE.smk:
Command ' set -euo pipefail;  /home/thkuo/miniconda3/envs/ng_seq2geno/bin/python /net/sgi/metagenomics/data/from_moni/old.tzuhao/seq2geno/dev_versions/v7/lib/.snakemake.s_q9y6q8.vcf_to_feat_table.py ' returned non-zero exit status 1.
  File "/net/sgi/metagenomics/data/from_moni/old.tzuhao/seq2geno/dev_versions/v7/ng_CREATE_SNPS_TABLE.smk", line 22, in __rule_vcf_to_snp_tables
  File "/home/thkuo/miniconda3/envs/ng_seq2geno/lib/python3.6/concurrent/futures/thread.py", line 56, in run
Shutting down, this might take some time.
Exiting because a job execution failed. Look above for error message
Complete log: /net/sgi/metagenomics/data/from_moni/old.tzuhao/seq2geno/dev_versions/v7/.snakemake/log/2018-09-16T164744.480473.snakemake.log
