Building DAG of jobs...
Using shell: /bin/bash
Provided cores: 1
Rules claiming more threads will be scaled down.
Job counts:
	count	jobs
	1	all
	1	ng_create_multi_sample_vcf
	3	ng_paired_read_bwa_mapping
	3	ng_sam2bam
	3	ng_sort_bam
	3	ng_stampy_remapping
	14

[Sat Sep 15 06:44:32 2018]
rule ng_paired_read_bwa_mapping:
    input: data/strains/dna/MHH15083_1.fq.gz, data/strains/dna/MHH15083_2.fq.gz, /net/metagenomics/data/from_moni/old.tzuhao/seq2geno/dev_versions/v7/data/reference/RefCln_UCBPP-PA14.fa, /net/metagenomics/data/from_moni/old.tzuhao/seq2geno/dev_versions/v7/data/reference/RefCln_UCBPP-PA14.fa.fai, /net/metagenomics/data/from_moni/old.tzuhao/seq2geno/dev_versions/v7/data/reference/RefCln_UCBPP-PA14.fa.bwt
    output: seq2geno_temp/MHH15083/stampy/bwa1.sai, seq2geno_temp/MHH15083/stampy/bwa2.sai, seq2geno_temp/MHH15083/stampy/pre_bwa.bam
    jobid: 13
    wildcards: TMP_D=seq2geno_temp, strain=MHH15083

[Sat Sep 15 06:49:29 2018]
Finished job 13.
1 of 14 steps (7%) done

[Sat Sep 15 06:49:29 2018]
rule ng_stampy_remapping:
    input: /net/metagenomics/data/from_moni/old.tzuhao/seq2geno/dev_versions/v7/data/reference/RefCln_UCBPP-PA14.fa.stidx, /net/metagenomics/data/from_moni/old.tzuhao/seq2geno/dev_versions/v7/data/reference/RefCln_UCBPP-PA14.fa.sthash, seq2geno_temp/MHH15083/stampy/pre_bwa.bam
    output: seq2geno_temp/MHH15083/stampy/remap.sam
    jobid: 10
    wildcards: TMP_D=seq2geno_temp, strain=MHH15083

[Sat Sep 15 07:13:41 2018]
Finished job 10.
2 of 14 steps (14%) done

[Sat Sep 15 07:13:41 2018]
rule ng_sam2bam:
    input: seq2geno_temp/MHH15083/stampy/remap.sam
    output: seq2geno_temp/MHH15083/stampy/remap.bam
    jobid: 7
    wildcards: TMP_D=seq2geno_temp, strain=MHH15083

[Sat Sep 15 07:14:36 2018]
Finished job 7.
3 of 14 steps (21%) done

[Sat Sep 15 07:14:36 2018]
rule ng_sort_bam:
    input: seq2geno_temp/MHH15083/stampy/remap.bam
    output: seq2geno_temp/MHH15083/stampy/remap_sorted.bam, seq2geno_temp/MHH15083/stampy/remap_sorted.bam.bai
    jobid: 4
    wildcards: TMP_D=seq2geno_temp, strain=MHH15083

[Sat Sep 15 07:25:42 2018]
Finished job 4.
4 of 14 steps (29%) done

[Sat Sep 15 07:25:42 2018]
rule ng_paired_read_bwa_mapping:
    input: data/strains/dna/ESP088_1.fq.gz, data/strains/dna/ESP088_2.fq.gz, /net/metagenomics/data/from_moni/old.tzuhao/seq2geno/dev_versions/v7/data/reference/RefCln_UCBPP-PA14.fa, /net/metagenomics/data/from_moni/old.tzuhao/seq2geno/dev_versions/v7/data/reference/RefCln_UCBPP-PA14.fa.fai, /net/metagenomics/data/from_moni/old.tzuhao/seq2geno/dev_versions/v7/data/reference/RefCln_UCBPP-PA14.fa.bwt
    output: seq2geno_temp/ESP088/stampy/bwa1.sai, seq2geno_temp/ESP088/stampy/bwa2.sai, seq2geno_temp/ESP088/stampy/pre_bwa.bam
    jobid: 11
    wildcards: TMP_D=seq2geno_temp, strain=ESP088

[Sat Sep 15 07:29:02 2018]
Finished job 11.
5 of 14 steps (36%) done

[Sat Sep 15 07:29:03 2018]
rule ng_stampy_remapping:
    input: /net/metagenomics/data/from_moni/old.tzuhao/seq2geno/dev_versions/v7/data/reference/RefCln_UCBPP-PA14.fa.stidx, /net/metagenomics/data/from_moni/old.tzuhao/seq2geno/dev_versions/v7/data/reference/RefCln_UCBPP-PA14.fa.sthash, seq2geno_temp/ESP088/stampy/pre_bwa.bam
    output: seq2geno_temp/ESP088/stampy/remap.sam
    jobid: 8
    wildcards: TMP_D=seq2geno_temp, strain=ESP088

[Sat Sep 15 07:47:34 2018]
Finished job 8.
6 of 14 steps (43%) done

[Sat Sep 15 07:47:34 2018]
rule ng_sam2bam:
    input: seq2geno_temp/ESP088/stampy/remap.sam
    output: seq2geno_temp/ESP088/stampy/remap.bam
    jobid: 5
    wildcards: TMP_D=seq2geno_temp, strain=ESP088

[Sat Sep 15 07:48:13 2018]
Finished job 5.
7 of 14 steps (50%) done

[Sat Sep 15 07:48:13 2018]
rule ng_sort_bam:
    input: seq2geno_temp/ESP088/stampy/remap.bam
    output: seq2geno_temp/ESP088/stampy/remap_sorted.bam, seq2geno_temp/ESP088/stampy/remap_sorted.bam.bai
    jobid: 2
    wildcards: TMP_D=seq2geno_temp, strain=ESP088

[Sat Sep 15 07:55:18 2018]
Finished job 2.
8 of 14 steps (57%) done

[Sat Sep 15 07:55:18 2018]
rule ng_paired_read_bwa_mapping:
    input: data/strains/dna/CH2500_1.fq.gz, data/strains/dna/CH2500_2.fq.gz, /net/metagenomics/data/from_moni/old.tzuhao/seq2geno/dev_versions/v7/data/reference/RefCln_UCBPP-PA14.fa, /net/metagenomics/data/from_moni/old.tzuhao/seq2geno/dev_versions/v7/data/reference/RefCln_UCBPP-PA14.fa.fai, /net/metagenomics/data/from_moni/old.tzuhao/seq2geno/dev_versions/v7/data/reference/RefCln_UCBPP-PA14.fa.bwt
    output: seq2geno_temp/CH2500/stampy/bwa1.sai, seq2geno_temp/CH2500/stampy/bwa2.sai, seq2geno_temp/CH2500/stampy/pre_bwa.bam
    jobid: 12
    wildcards: TMP_D=seq2geno_temp, strain=CH2500

[Sat Sep 15 07:58:32 2018]
Finished job 12.
9 of 14 steps (64%) done

[Sat Sep 15 07:58:32 2018]
rule ng_stampy_remapping:
    input: /net/metagenomics/data/from_moni/old.tzuhao/seq2geno/dev_versions/v7/data/reference/RefCln_UCBPP-PA14.fa.stidx, /net/metagenomics/data/from_moni/old.tzuhao/seq2geno/dev_versions/v7/data/reference/RefCln_UCBPP-PA14.fa.sthash, seq2geno_temp/CH2500/stampy/pre_bwa.bam
    output: seq2geno_temp/CH2500/stampy/remap.sam
    jobid: 9
    wildcards: TMP_D=seq2geno_temp, strain=CH2500

[Sat Sep 15 08:14:57 2018]
Finished job 9.
10 of 14 steps (71%) done

[Sat Sep 15 08:14:57 2018]
rule ng_sam2bam:
    input: seq2geno_temp/CH2500/stampy/remap.sam
    output: seq2geno_temp/CH2500/stampy/remap.bam
    jobid: 6
    wildcards: TMP_D=seq2geno_temp, strain=CH2500

[Sat Sep 15 08:15:26 2018]
Finished job 6.
11 of 14 steps (79%) done

[Sat Sep 15 08:15:26 2018]
rule ng_sort_bam:
    input: seq2geno_temp/CH2500/stampy/remap.bam
    output: seq2geno_temp/CH2500/stampy/remap_sorted.bam, seq2geno_temp/CH2500/stampy/remap_sorted.bam.bai
    jobid: 3
    wildcards: TMP_D=seq2geno_temp, strain=CH2500

[Sat Sep 15 08:20:20 2018]
Finished job 3.
12 of 14 steps (86%) done

[Sat Sep 15 08:20:20 2018]
rule ng_create_multi_sample_vcf:
    input: /net/metagenomics/data/from_moni/old.tzuhao/seq2geno/dev_versions/v7/data/reference/RefCln_UCBPP-PA14.fa, /net/metagenomics/data/from_moni/old.tzuhao/seq2geno/dev_versions/v7/data/reference/RefCln_UCBPP-PA14.fa.fai, seq2geno_temp/CH2500/stampy/remap_sorted.bam, seq2geno_temp/ESP088/stampy/remap_sorted.bam, seq2geno_temp/MHH15083/stampy/remap_sorted.bam, seq2geno_temp/CH2500/stampy/remap_sorted.bam.bai, seq2geno_temp/ESP088/stampy/remap_sorted.bam.bai, seq2geno_temp/MHH15083/stampy/remap_sorted.bam.bai
    output: seq2geno_temp/freebayes/multisample_vcf.gz, seq2geno_temp/freebayes/multisample_vcf.gz.tbi
    jobid: 1
    wildcards: TMP_D=seq2geno_temp

[Sat Sep 15 08:33:55 2018]
Finished job 1.
13 of 14 steps (93%) done

[Sat Sep 15 08:33:55 2018]
localrule all:
    input: seq2geno_temp/freebayes/multisample_vcf.gz
    jobid: 0

[Sat Sep 15 08:33:55 2018]
Finished job 0.
14 of 14 steps (100%) done
Complete log: /net/sgi/metagenomics/data/from_moni/old.tzuhao/seq2geno/dev_versions/v7/.snakemake/log/2018-09-15T064430.477345.snakemake.log
