Building DAG of jobs...
Job counts:
	count	jobs
	1	all
	1	all_snps_list
	4	compute_flatcounts
	1	covert_snps_table
	1	create_dict_file
	4	for_tab_copy_vcf
	4	for_tab_create_vcf
	4	for_tab_paired_read_bwa_mapping
	4	for_tab_sam2bam
	4	for_tab_sort_bam
	4	for_tab_stampy_remapping
	1	nonsyn_snps_table
	1	syn_snps_table
	34

[Tue Aug 21 14:25:32 2018]
rule for_tab_paired_read_bwa_mapping:
    input: data/strains/dna/F1659_1.fq.gz, data/strains/dna/F1659_2.fq.gz, /net/metagenomics/data/from_moni/old.tzuhao/seq2geno/dev_versions/v4/data/reference/RefCln_UCBPP-PA14.fa, /net/metagenomics/data/from_moni/old.tzuhao/seq2geno/dev_versions/v4/data/reference/RefCln_UCBPP-PA14.fa.fai, /net/metagenomics/data/from_moni/old.tzuhao/seq2geno/dev_versions/v4/data/reference/RefCln_UCBPP-PA14.fa.bwt
    output: tmp/F1659/bwa/dna1.bwa.sai, tmp/F1659/bwa/dna2.bwa.sai, tmp/F1659/bwa/dna.bwa.bam
    jobid: 25
    wildcards: TMP_D=tmp, strain=F1659, mapper=bwa


        bwa aln -q10 -t16 /net/metagenomics/data/from_moni/old.tzuhao/seq2geno/dev_versions/v4/data/reference/RefCln_UCBPP-PA14.fa data/strains/dna/F1659_1.fq.gz         > tmp/F1659/bwa/dna1.bwa.sai

        bwa aln -q10 -t16 /net/metagenomics/data/from_moni/old.tzuhao/seq2geno/dev_versions/v4/data/reference/RefCln_UCBPP-PA14.fa data/strains/dna/F1659_2.fq.gz         > tmp/F1659/bwa/dna2.bwa.sai 

        bwa sampe /net/metagenomics/data/from_moni/old.tzuhao/seq2geno/dev_versions/v4/data/reference/RefCln_UCBPP-PA14.fa tmp/F1659/bwa/dna1.bwa.sai tmp/F1659/bwa/dna2.bwa.sai         data/strains/dna/F1659_1.fq.gz data/strains/dna/F1659_2.fq.gz |         samtools view -bS -@ 16         > tmp/F1659/bwa/dna.bwa.bam
        

[Tue Aug 21 14:25:32 2018]
rule for_tab_paired_read_bwa_mapping:
    input: data/strains/dna/CH2500_1.fq.gz, data/strains/dna/CH2500_2.fq.gz, /net/metagenomics/data/from_moni/old.tzuhao/seq2geno/dev_versions/v4/data/reference/RefCln_UCBPP-PA14.fa, /net/metagenomics/data/from_moni/old.tzuhao/seq2geno/dev_versions/v4/data/reference/RefCln_UCBPP-PA14.fa.fai, /net/metagenomics/data/from_moni/old.tzuhao/seq2geno/dev_versions/v4/data/reference/RefCln_UCBPP-PA14.fa.bwt
    output: tmp/CH2500/bwa/dna1.bwa.sai, tmp/CH2500/bwa/dna2.bwa.sai, tmp/CH2500/bwa/dna.bwa.bam
    jobid: 24
    wildcards: TMP_D=tmp, strain=CH2500, mapper=bwa


        bwa aln -q10 -t16 /net/metagenomics/data/from_moni/old.tzuhao/seq2geno/dev_versions/v4/data/reference/RefCln_UCBPP-PA14.fa data/strains/dna/CH2500_1.fq.gz         > tmp/CH2500/bwa/dna1.bwa.sai

        bwa aln -q10 -t16 /net/metagenomics/data/from_moni/old.tzuhao/seq2geno/dev_versions/v4/data/reference/RefCln_UCBPP-PA14.fa data/strains/dna/CH2500_2.fq.gz         > tmp/CH2500/bwa/dna2.bwa.sai 

        bwa sampe /net/metagenomics/data/from_moni/old.tzuhao/seq2geno/dev_versions/v4/data/reference/RefCln_UCBPP-PA14.fa tmp/CH2500/bwa/dna1.bwa.sai tmp/CH2500/bwa/dna2.bwa.sai         data/strains/dna/CH2500_1.fq.gz data/strains/dna/CH2500_2.fq.gz |         samtools view -bS -@ 16         > tmp/CH2500/bwa/dna.bwa.bam
        

[Tue Aug 21 14:25:32 2018]
rule for_tab_paired_read_bwa_mapping:
    input: data/strains/dna/CH2502_1.fq.gz, data/strains/dna/CH2502_2.fq.gz, /net/metagenomics/data/from_moni/old.tzuhao/seq2geno/dev_versions/v4/data/reference/RefCln_UCBPP-PA14.fa, /net/metagenomics/data/from_moni/old.tzuhao/seq2geno/dev_versions/v4/data/reference/RefCln_UCBPP-PA14.fa.fai, /net/metagenomics/data/from_moni/old.tzuhao/seq2geno/dev_versions/v4/data/reference/RefCln_UCBPP-PA14.fa.bwt
    output: tmp/CH2502/bwa/dna1.bwa.sai, tmp/CH2502/bwa/dna2.bwa.sai, tmp/CH2502/bwa/dna.bwa.bam
    jobid: 29
    wildcards: TMP_D=tmp, strain=CH2502, mapper=bwa


        bwa aln -q10 -t16 /net/metagenomics/data/from_moni/old.tzuhao/seq2geno/dev_versions/v4/data/reference/RefCln_UCBPP-PA14.fa data/strains/dna/CH2502_1.fq.gz         > tmp/CH2502/bwa/dna1.bwa.sai

        bwa aln -q10 -t16 /net/metagenomics/data/from_moni/old.tzuhao/seq2geno/dev_versions/v4/data/reference/RefCln_UCBPP-PA14.fa data/strains/dna/CH2502_2.fq.gz         > tmp/CH2502/bwa/dna2.bwa.sai 

        bwa sampe /net/metagenomics/data/from_moni/old.tzuhao/seq2geno/dev_versions/v4/data/reference/RefCln_UCBPP-PA14.fa tmp/CH2502/bwa/dna1.bwa.sai tmp/CH2502/bwa/dna2.bwa.sai         data/strains/dna/CH2502_1.fq.gz data/strains/dna/CH2502_2.fq.gz |         samtools view -bS -@ 16         > tmp/CH2502/bwa/dna.bwa.bam
        

[Tue Aug 21 14:25:32 2018]
rule for_tab_paired_read_bwa_mapping:
    input: data/strains/dna/CH2522_1.fq.gz, data/strains/dna/CH2522_2.fq.gz, /net/metagenomics/data/from_moni/old.tzuhao/seq2geno/dev_versions/v4/data/reference/RefCln_UCBPP-PA14.fa, /net/metagenomics/data/from_moni/old.tzuhao/seq2geno/dev_versions/v4/data/reference/RefCln_UCBPP-PA14.fa.fai, /net/metagenomics/data/from_moni/old.tzuhao/seq2geno/dev_versions/v4/data/reference/RefCln_UCBPP-PA14.fa.bwt
    output: tmp/CH2522/bwa/dna1.bwa.sai, tmp/CH2522/bwa/dna2.bwa.sai, tmp/CH2522/bwa/dna.bwa.bam
    jobid: 30
    wildcards: TMP_D=tmp, strain=CH2522, mapper=bwa


        bwa aln -q10 -t16 /net/metagenomics/data/from_moni/old.tzuhao/seq2geno/dev_versions/v4/data/reference/RefCln_UCBPP-PA14.fa data/strains/dna/CH2522_1.fq.gz         > tmp/CH2522/bwa/dna1.bwa.sai

        bwa aln -q10 -t16 /net/metagenomics/data/from_moni/old.tzuhao/seq2geno/dev_versions/v4/data/reference/RefCln_UCBPP-PA14.fa data/strains/dna/CH2522_2.fq.gz         > tmp/CH2522/bwa/dna2.bwa.sai 

        bwa sampe /net/metagenomics/data/from_moni/old.tzuhao/seq2geno/dev_versions/v4/data/reference/RefCln_UCBPP-PA14.fa tmp/CH2522/bwa/dna1.bwa.sai tmp/CH2522/bwa/dna2.bwa.sai         data/strains/dna/CH2522_1.fq.gz data/strains/dna/CH2522_2.fq.gz |         samtools view -bS -@ 16         > tmp/CH2522/bwa/dna.bwa.bam
        

[Tue Aug 21 14:25:32 2018]
rule for_tab_stampy_remapping:
    input: /net/metagenomics/data/from_moni/old.tzuhao/seq2geno/dev_versions/v4/data/reference/RefCln_UCBPP-PA14.fa.stidx, /net/metagenomics/data/from_moni/old.tzuhao/seq2geno/dev_versions/v4/data/reference/RefCln_UCBPP-PA14.fa.sthash, tmp/CH2502/bwa/dna.bwa.bam
    output: tmp/CH2502/bwa/st_paired.sam
    jobid: 20
    wildcards: TMP_D=tmp, strain=CH2502, mapper=bwa


        source activate py27
        /home/thkuo/bin/stampy-1.0.23/stampy.py         -g /net/metagenomics/data/from_moni/old.tzuhao/seq2geno/dev_versions/v4/data/reference/RefCln_UCBPP-PA14.fa -h /net/metagenomics/data/from_moni/old.tzuhao/seq2geno/dev_versions/v4/data/reference/RefCln_UCBPP-PA14.fa         -t16  --bamkeepgoodreads -M  tmp/CH2502/bwa/dna.bwa.bam        > tmp/CH2502/bwa/st_paired.sam
        

[Tue Aug 21 14:25:32 2018]
rule for_tab_stampy_remapping:
    input: /net/metagenomics/data/from_moni/old.tzuhao/seq2geno/dev_versions/v4/data/reference/RefCln_UCBPP-PA14.fa.stidx, /net/metagenomics/data/from_moni/old.tzuhao/seq2geno/dev_versions/v4/data/reference/RefCln_UCBPP-PA14.fa.sthash, tmp/CH2500/bwa/dna.bwa.bam
    output: tmp/CH2500/bwa/st_paired.sam
    jobid: 15
    wildcards: TMP_D=tmp, strain=CH2500, mapper=bwa


        source activate py27
        /home/thkuo/bin/stampy-1.0.23/stampy.py         -g /net/metagenomics/data/from_moni/old.tzuhao/seq2geno/dev_versions/v4/data/reference/RefCln_UCBPP-PA14.fa -h /net/metagenomics/data/from_moni/old.tzuhao/seq2geno/dev_versions/v4/data/reference/RefCln_UCBPP-PA14.fa         -t16  --bamkeepgoodreads -M  tmp/CH2500/bwa/dna.bwa.bam        > tmp/CH2500/bwa/st_paired.sam
        

[Tue Aug 21 14:25:32 2018]
rule for_tab_stampy_remapping:
    input: /net/metagenomics/data/from_moni/old.tzuhao/seq2geno/dev_versions/v4/data/reference/RefCln_UCBPP-PA14.fa.stidx, /net/metagenomics/data/from_moni/old.tzuhao/seq2geno/dev_versions/v4/data/reference/RefCln_UCBPP-PA14.fa.sthash, tmp/CH2522/bwa/dna.bwa.bam
    output: tmp/CH2522/bwa/st_paired.sam
    jobid: 21
    wildcards: TMP_D=tmp, strain=CH2522, mapper=bwa


        source activate py27
        /home/thkuo/bin/stampy-1.0.23/stampy.py         -g /net/metagenomics/data/from_moni/old.tzuhao/seq2geno/dev_versions/v4/data/reference/RefCln_UCBPP-PA14.fa -h /net/metagenomics/data/from_moni/old.tzuhao/seq2geno/dev_versions/v4/data/reference/RefCln_UCBPP-PA14.fa         -t16  --bamkeepgoodreads -M  tmp/CH2522/bwa/dna.bwa.bam        > tmp/CH2522/bwa/st_paired.sam
        

[Tue Aug 21 14:25:32 2018]
rule for_tab_stampy_remapping:
    input: /net/metagenomics/data/from_moni/old.tzuhao/seq2geno/dev_versions/v4/data/reference/RefCln_UCBPP-PA14.fa.stidx, /net/metagenomics/data/from_moni/old.tzuhao/seq2geno/dev_versions/v4/data/reference/RefCln_UCBPP-PA14.fa.sthash, tmp/F1659/bwa/dna.bwa.bam
    output: tmp/F1659/bwa/st_paired.sam
    jobid: 16
    wildcards: TMP_D=tmp, strain=F1659, mapper=bwa


        source activate py27
        /home/thkuo/bin/stampy-1.0.23/stampy.py         -g /net/metagenomics/data/from_moni/old.tzuhao/seq2geno/dev_versions/v4/data/reference/RefCln_UCBPP-PA14.fa -h /net/metagenomics/data/from_moni/old.tzuhao/seq2geno/dev_versions/v4/data/reference/RefCln_UCBPP-PA14.fa         -t16  --bamkeepgoodreads -M  tmp/F1659/bwa/dna.bwa.bam        > tmp/F1659/bwa/st_paired.sam
        

[Tue Aug 21 14:25:32 2018]
rule for_tab_sam2bam:
    input: tmp/CH2500/bwa/st_paired.sam
    output: tmp/CH2500/bwa/st_paired.bam
    jobid: 31
    wildcards: TMP_D=tmp, strain=CH2500, mapper=bwa


        samtools view -bS -@ 16         tmp/CH2500/bwa/st_paired.sam > tmp/CH2500/bwa/st_paired.bam
        

[Tue Aug 21 14:25:32 2018]
rule compute_flatcounts:
    input: tmp/CH2500/bwa/st_paired.sam
    output: tmp/CH2500/bwa/st_variant.flatcount, tmp/CH2500/bwa/st_variant.sin, tmp/CH2500/bwa/st_variant.art
    jobid: 7
    wildcards: TMP_D=tmp, strain=CH2500, mapper=bwa


        sam2art.pl -s 2 -p -4 tmp/CH2500/bwa/st_paired.sam > tmp/CH2500/bwa/st_variant.art 
        sam2art.pl -s 2 -l -p -4 tmp/CH2500/bwa/st_paired.sam > tmp/CH2500/bwa/st_variant.sin
        sam2art.pl -f -s 2 -p tmp/CH2500/bwa/st_paired.sam > tmp/CH2500/bwa/st_variant.flatcount
        

[Tue Aug 21 14:25:32 2018]
rule compute_flatcounts:
    input: tmp/CH2502/bwa/st_paired.sam
    output: tmp/CH2502/bwa/st_variant.flatcount, tmp/CH2502/bwa/st_variant.sin, tmp/CH2502/bwa/st_variant.art
    jobid: 12
    wildcards: TMP_D=tmp, strain=CH2502, mapper=bwa


        sam2art.pl -s 2 -p -4 tmp/CH2502/bwa/st_paired.sam > tmp/CH2502/bwa/st_variant.art 
        sam2art.pl -s 2 -l -p -4 tmp/CH2502/bwa/st_paired.sam > tmp/CH2502/bwa/st_variant.sin
        sam2art.pl -f -s 2 -p tmp/CH2502/bwa/st_paired.sam > tmp/CH2502/bwa/st_variant.flatcount
        

[Tue Aug 21 14:25:32 2018]
rule for_tab_sam2bam:
    input: tmp/CH2502/bwa/st_paired.sam
    output: tmp/CH2502/bwa/st_paired.bam
    jobid: 33
    wildcards: TMP_D=tmp, strain=CH2502, mapper=bwa


        samtools view -bS -@ 16         tmp/CH2502/bwa/st_paired.sam > tmp/CH2502/bwa/st_paired.bam
        

[Tue Aug 21 14:25:32 2018]
rule for_tab_sam2bam:
    input: tmp/F1659/bwa/st_paired.sam
    output: tmp/F1659/bwa/st_paired.bam
    jobid: 32
    wildcards: TMP_D=tmp, strain=F1659, mapper=bwa


        samtools view -bS -@ 16         tmp/F1659/bwa/st_paired.sam > tmp/F1659/bwa/st_paired.bam
        

[Tue Aug 21 14:25:32 2018]
rule compute_flatcounts:
    input: tmp/F1659/bwa/st_paired.sam
    output: tmp/F1659/bwa/st_variant.flatcount, tmp/F1659/bwa/st_variant.sin, tmp/F1659/bwa/st_variant.art
    jobid: 8
    wildcards: TMP_D=tmp, strain=F1659, mapper=bwa


        sam2art.pl -s 2 -p -4 tmp/F1659/bwa/st_paired.sam > tmp/F1659/bwa/st_variant.art 
        sam2art.pl -s 2 -l -p -4 tmp/F1659/bwa/st_paired.sam > tmp/F1659/bwa/st_variant.sin
        sam2art.pl -f -s 2 -p tmp/F1659/bwa/st_paired.sam > tmp/F1659/bwa/st_variant.flatcount
        

[Tue Aug 21 14:25:32 2018]
rule compute_flatcounts:
    input: tmp/CH2522/bwa/st_paired.sam
    output: tmp/CH2522/bwa/st_variant.flatcount, tmp/CH2522/bwa/st_variant.sin, tmp/CH2522/bwa/st_variant.art
    jobid: 13
    wildcards: TMP_D=tmp, strain=CH2522, mapper=bwa


        sam2art.pl -s 2 -p -4 tmp/CH2522/bwa/st_paired.sam > tmp/CH2522/bwa/st_variant.art 
        sam2art.pl -s 2 -l -p -4 tmp/CH2522/bwa/st_paired.sam > tmp/CH2522/bwa/st_variant.sin
        sam2art.pl -f -s 2 -p tmp/CH2522/bwa/st_paired.sam > tmp/CH2522/bwa/st_variant.flatcount
        

[Tue Aug 21 14:25:32 2018]
rule for_tab_sam2bam:
    input: tmp/CH2522/bwa/st_paired.sam
    output: tmp/CH2522/bwa/st_paired.bam
    jobid: 34
    wildcards: TMP_D=tmp, strain=CH2522, mapper=bwa


        samtools view -bS -@ 16         tmp/CH2522/bwa/st_paired.sam > tmp/CH2522/bwa/st_paired.bam
        

[Tue Aug 21 14:25:32 2018]
rule for_tab_sort_bam:
    input: tmp/F1659/bwa/st_paired.bam
    output: tmp/F1659/bwa/st_sorted.bam, tmp/F1659/bwa/st_sorted.bam.bai
    jobid: 26
    wildcards: TMP_D=tmp, strain=F1659, mapper=bwa


        bamtools sort -in tmp/F1659/bwa/st_paired.bam -out tmp/F1659/bwa/st_sorted.bam
        samtools index tmp/F1659/bwa/st_sorted.bam
        

[Tue Aug 21 14:25:32 2018]
rule for_tab_sort_bam:
    input: tmp/CH2502/bwa/st_paired.bam
    output: tmp/CH2502/bwa/st_sorted.bam, tmp/CH2502/bwa/st_sorted.bam.bai
    jobid: 27
    wildcards: TMP_D=tmp, strain=CH2502, mapper=bwa


        bamtools sort -in tmp/CH2502/bwa/st_paired.bam -out tmp/CH2502/bwa/st_sorted.bam
        samtools index tmp/CH2502/bwa/st_sorted.bam
        

[Tue Aug 21 14:25:32 2018]
rule for_tab_sort_bam:
    input: tmp/CH2522/bwa/st_paired.bam
    output: tmp/CH2522/bwa/st_sorted.bam, tmp/CH2522/bwa/st_sorted.bam.bai
    jobid: 28
    wildcards: TMP_D=tmp, strain=CH2522, mapper=bwa


        bamtools sort -in tmp/CH2522/bwa/st_paired.bam -out tmp/CH2522/bwa/st_sorted.bam
        samtools index tmp/CH2522/bwa/st_sorted.bam
        

[Tue Aug 21 14:25:32 2018]
rule for_tab_sort_bam:
    input: tmp/CH2500/bwa/st_paired.bam
    output: tmp/CH2500/bwa/st_sorted.bam, tmp/CH2500/bwa/st_sorted.bam.bai
    jobid: 23
    wildcards: TMP_D=tmp, strain=CH2500, mapper=bwa


        bamtools sort -in tmp/CH2500/bwa/st_paired.bam -out tmp/CH2500/bwa/st_sorted.bam
        samtools index tmp/CH2500/bwa/st_sorted.bam
        

[Tue Aug 21 14:25:32 2018]
rule for_tab_create_vcf:
    input: /net/metagenomics/data/from_moni/old.tzuhao/seq2geno/dev_versions/v4/data/reference/RefCln_UCBPP-PA14.fa, /net/metagenomics/data/from_moni/old.tzuhao/seq2geno/dev_versions/v4/data/reference/RefCln_UCBPP-PA14.fa.fai, tmp/CH2522/bwa/st_sorted.bam, tmp/CH2522/bwa/st_sorted.bam.bai
    output: tmp/CH2522/bwa/st_vcf.bcf, tmp/CH2522/bwa/st_variant.snp-vcf
    jobid: 19
    wildcards: TMP_D=tmp, strain=CH2522, mapper=bwa


        samtools mpileup -uf /net/metagenomics/data/from_moni/old.tzuhao/seq2geno/dev_versions/v4/data/reference/RefCln_UCBPP-PA14.fa tmp/CH2522/bwa/st_sorted.bam | bcftools view -bvcg - > tmp/CH2522/bwa/st_vcf.bcf
        bcftools view tmp/CH2522/bwa/st_vcf.bcf | lib/vcfutils.pl varFilter -d 0 > tmp/CH2522/bwa/st_variant.snp-vcf
        

[Tue Aug 21 14:25:32 2018]
rule for_tab_create_vcf:
    input: /net/metagenomics/data/from_moni/old.tzuhao/seq2geno/dev_versions/v4/data/reference/RefCln_UCBPP-PA14.fa, /net/metagenomics/data/from_moni/old.tzuhao/seq2geno/dev_versions/v4/data/reference/RefCln_UCBPP-PA14.fa.fai, tmp/F1659/bwa/st_sorted.bam, tmp/F1659/bwa/st_sorted.bam.bai
    output: tmp/F1659/bwa/st_vcf.bcf, tmp/F1659/bwa/st_variant.snp-vcf
    jobid: 17
    wildcards: TMP_D=tmp, strain=F1659, mapper=bwa


        samtools mpileup -uf /net/metagenomics/data/from_moni/old.tzuhao/seq2geno/dev_versions/v4/data/reference/RefCln_UCBPP-PA14.fa tmp/F1659/bwa/st_sorted.bam | bcftools view -bvcg - > tmp/F1659/bwa/st_vcf.bcf
        bcftools view tmp/F1659/bwa/st_vcf.bcf | lib/vcfutils.pl varFilter -d 0 > tmp/F1659/bwa/st_variant.snp-vcf
        

[Tue Aug 21 14:25:32 2018]
rule for_tab_create_vcf:
    input: /net/metagenomics/data/from_moni/old.tzuhao/seq2geno/dev_versions/v4/data/reference/RefCln_UCBPP-PA14.fa, /net/metagenomics/data/from_moni/old.tzuhao/seq2geno/dev_versions/v4/data/reference/RefCln_UCBPP-PA14.fa.fai, tmp/CH2502/bwa/st_sorted.bam, tmp/CH2502/bwa/st_sorted.bam.bai
    output: tmp/CH2502/bwa/st_vcf.bcf, tmp/CH2502/bwa/st_variant.snp-vcf
    jobid: 18
    wildcards: TMP_D=tmp, strain=CH2502, mapper=bwa


        samtools mpileup -uf /net/metagenomics/data/from_moni/old.tzuhao/seq2geno/dev_versions/v4/data/reference/RefCln_UCBPP-PA14.fa tmp/CH2502/bwa/st_sorted.bam | bcftools view -bvcg - > tmp/CH2502/bwa/st_vcf.bcf
        bcftools view tmp/CH2502/bwa/st_vcf.bcf | lib/vcfutils.pl varFilter -d 0 > tmp/CH2502/bwa/st_variant.snp-vcf
        

[Tue Aug 21 14:25:32 2018]
rule for_tab_create_vcf:
    input: /net/metagenomics/data/from_moni/old.tzuhao/seq2geno/dev_versions/v4/data/reference/RefCln_UCBPP-PA14.fa, /net/metagenomics/data/from_moni/old.tzuhao/seq2geno/dev_versions/v4/data/reference/RefCln_UCBPP-PA14.fa.fai, tmp/CH2500/bwa/st_sorted.bam, tmp/CH2500/bwa/st_sorted.bam.bai
    output: tmp/CH2500/bwa/st_vcf.bcf, tmp/CH2500/bwa/st_variant.snp-vcf
    jobid: 14
    wildcards: TMP_D=tmp, strain=CH2500, mapper=bwa


        samtools mpileup -uf /net/metagenomics/data/from_moni/old.tzuhao/seq2geno/dev_versions/v4/data/reference/RefCln_UCBPP-PA14.fa tmp/CH2500/bwa/st_sorted.bam | bcftools view -bvcg - > tmp/CH2500/bwa/st_vcf.bcf
        bcftools view tmp/CH2500/bwa/st_vcf.bcf | lib/vcfutils.pl varFilter -d 0 > tmp/CH2500/bwa/st_variant.snp-vcf
        

[Tue Aug 21 14:25:32 2018]
rule for_tab_copy_vcf:
    input: tmp/F1659/bwa/st_variant.snp-vcf
    output: F1659.flt.vcf
    jobid: 9
    wildcards: strain=F1659


        ln -s tmp/F1659/bwa/st_variant.snp-vcf F1659.flt.vcf
        

[Tue Aug 21 14:25:32 2018]
rule for_tab_copy_vcf:
    input: tmp/CH2502/bwa/st_variant.snp-vcf
    output: CH2502.flt.vcf
    jobid: 10
    wildcards: strain=CH2502


        ln -s tmp/CH2502/bwa/st_variant.snp-vcf CH2502.flt.vcf
        

[Tue Aug 21 14:25:32 2018]
rule for_tab_copy_vcf:
    input: tmp/CH2522/bwa/st_variant.snp-vcf
    output: CH2522.flt.vcf
    jobid: 11
    wildcards: strain=CH2522


        ln -s tmp/CH2522/bwa/st_variant.snp-vcf CH2522.flt.vcf
        

[Tue Aug 21 14:25:32 2018]
rule for_tab_copy_vcf:
    input: tmp/CH2500/bwa/st_variant.snp-vcf
    output: CH2500.flt.vcf
    jobid: 6
    wildcards: strain=CH2500


        ln -s tmp/CH2500/bwa/st_variant.snp-vcf CH2500.flt.vcf
        

[Tue Aug 21 14:25:32 2018]
rule create_dict_file:
    input: CH2500.flt.vcf, CH2502.flt.vcf, CH2522.flt.vcf, F1659.flt.vcf
    output: dict.txt
    jobid: 5


        echo CH2500 CH2502 CH2522 F1659 > dict.txt
        

[Tue Aug 21 14:25:32 2018]
rule all_snps_list:
    input: tmp/CH2500/bwa/st_variant.flatcount, tmp/CH2502/bwa/st_variant.flatcount, tmp/CH2522/bwa/st_variant.flatcount, tmp/F1659/bwa/st_variant.flatcount, CH2500.flt.vcf, CH2502.flt.vcf, CH2522.flt.vcf, F1659.flt.vcf, dict.txt, Pseudomonas_aeruginosa_PA14_annotation_with_ncRNAs_07_2011_12genes.tab
    output: /DNA_Pool1_final.tab
    jobid: 4

RuleException in line 97 of /net/sgi/metagenomics/data/from_moni/old.tzuhao/seq2geno/dev_versions/v5/CREATE_SNPS_TABLE.smk:
'Params' object has no attribute 'script_f]'
