Building DAG of jobs...
Using shell: /bin/bash
Provided cores: 1
Rules claiming more threads will be scaled down.
Job counts:
	count	jobs
	1	all
	1	create_and_make_expr_table
	2

[Fri Sep  7 15:43:34 2018]
rule create_and_make_expr_table:
    input: seq2geno_temp/CH2500/salmon, seq2geno_temp/CH2502/salmon, seq2geno_temp/CH2522/salmon, seq2geno_temp/F1659/salmon, seq2geno_temp/ESP088/salmon, seq2geno_temp/MHH15083/salmon, seq2geno_temp/F2167/salmon, seq2geno_temp/F2097/salmon, seq2geno_temp/MHH14911/salmon, seq2geno_temp/MHH15103/salmon
    output: /net/metagenomics/data/from_moni/old.tzuhao/seq2geno/dev_versions/v6/results/expr.tab
    jobid: 1

[Fri Sep  7 15:43:36 2018]
Finished job 1.
1 of 2 steps (50%) done

[Fri Sep  7 15:43:36 2018]
localrule all:
    input: /net/metagenomics/data/from_moni/old.tzuhao/seq2geno/dev_versions/v6/results/expr.tab
    jobid: 0

[Fri Sep  7 15:43:36 2018]
Finished job 0.
2 of 2 steps (100%) done
Complete log: /net/sgi/metagenomics/data/from_moni/old.tzuhao/seq2geno/dev_versions/v7/.snakemake/log/2018-09-07T154332.879725.snakemake.log
