Building DAG of jobs...
Using shell: /bin/bash
Provided cores: 1
Rules claiming more threads will be scaled down.
Job counts:
	count	jobs
	1	all
	1	create_coding_regions_aln
	1	find_best_tree
	1	postprocess_alignment
	4

rule create_coding_regions_aln:
    input: tmp/CH2500/bwa.cons.fa, tmp/CH2502/bwa.cons.fa, tmp/CH2522/bwa.cons.fa, tmp/F1659/bwa.cons.fa
    output: tmp/OneBig.aln
    jobid: 3
    wildcards: TMP_D=tmp

Finished job 3.
1 of 4 steps (25%) done

rule postprocess_alignment:
    input: tmp/OneBig.aln
    output: tmp/OneBig.var.aln
    jobid: 2
    wildcards: TMP_D=tmp

Finished job 2.
2 of 4 steps (50%) done

rule find_best_tree:
    input: tmp/OneBig.var.aln
    output: /net/metagenomics/data/from_moni/old.tzuhao/seq2geno/dev_versions/v3/results/Paeru.nwk
    jobid: 1

Waiting at most 5 seconds for missing files.
MissingOutputException in line 7 of /net/sgi/metagenomics/data/from_moni/old.tzuhao/seq2geno/dev_versions/v3/INFER_TREE.smk:
Missing files after 5 seconds:
/net/metagenomics/data/from_moni/old.tzuhao/seq2geno/dev_versions/v3/results/Paeru.nwk
This might be due to filesystem latency. If that is the case, consider to increase the wait time with --latency-wait.
Shutting down, this might take some time.
Exiting because a job execution failed. Look above for error message
Complete log: /net/sgi/metagenomics/data/from_moni/old.tzuhao/seq2geno/dev_versions/v3/.snakemake/log/2018-07-09T221827.591879.snakemake.log
