Building DAG of jobs...
Using shell: /bin/bash
Provided cores: 1
Rules claiming more threads will be scaled down.
Job counts:
	count	jobs
	1	all
	1	create_and_make_expr_table
	2

rule create_and_make_expr_table:
    input: tmp/rpg_dict
    output: /net/metagenomics/data/from_moni/old.tzuhao/seq2geno/dev_versions/v3/results/expr.tab
    jobid: 3

Finished job 3.
1 of 2 steps (50%) done

localrule all:
    input: /net/metagenomics/data/from_moni/old.tzuhao/seq2geno/dev_versions/v3/results/Paeru.nwk, /net/metagenomics/data/from_moni/old.tzuhao/seq2geno/dev_versions/v3/results/expr.tab, /net/metagenomics/data/from_moni/old.tzuhao/seq2geno/dev_versions/v3/results/gpa.tab
    jobid: 0

Finished job 0.
2 of 2 steps (100%) done
Complete log: /net/sgi/metagenomics/data/from_moni/old.tzuhao/seq2geno/dev_versions/v3/.snakemake/log/2018-07-11T140120.474036.snakemake.log
