Building DAG of jobs...
Job counts:
	count	jobs
	1	all
	1	ng_create_multi_sample_vcf
	7	ng_paired_read_bwa_mapping
	8	ng_sam2bam
	8	ng_sort_bam
	8	ng_stampy_remapping
	33

[Fri Sep 14 17:42:24 2018]
rule ng_stampy_remapping:
    input: /net/metagenomics/data/from_moni/old.tzuhao/seq2geno/dev_versions/v7/data/reference/RefCln_UCBPP-PA14.fa.stidx, /net/metagenomics/data/from_moni/old.tzuhao/seq2geno/dev_versions/v7/data/reference/RefCln_UCBPP-PA14.fa.sthash, seq2geno_temp/CH2500/stampy/pre_bwa.bam
    output: seq2geno_temp/CH2500/stampy/remap.sam
    jobid: 30
    wildcards: TMP_D=seq2geno_temp, strain=CH2500


[Fri Sep 14 17:42:24 2018]
rule ng_paired_read_bwa_mapping:
    input: data/strains/dna/CH2502_1.fq.gz, data/strains/dna/CH2502_2.fq.gz, /net/metagenomics/data/from_moni/old.tzuhao/seq2geno/dev_versions/v7/data/reference/RefCln_UCBPP-PA14.fa, /net/metagenomics/data/from_moni/old.tzuhao/seq2geno/dev_versions/v7/data/reference/RefCln_UCBPP-PA14.fa.fai, /net/metagenomics/data/from_moni/old.tzuhao/seq2geno/dev_versions/v7/data/reference/RefCln_UCBPP-PA14.fa.bwt
    output: seq2geno_temp/CH2502/stampy/bwa1.sai, seq2geno_temp/CH2502/stampy/bwa2.sai, seq2geno_temp/CH2502/stampy/pre_bwa.bam
    jobid: 32
    wildcards: TMP_D=seq2geno_temp, strain=CH2502


[Fri Sep 14 17:42:24 2018]
rule ng_paired_read_bwa_mapping:
    input: data/strains/dna/F2097_1.fq.gz, data/strains/dna/F2097_2.fq.gz, /net/metagenomics/data/from_moni/old.tzuhao/seq2geno/dev_versions/v7/data/reference/RefCln_UCBPP-PA14.fa, /net/metagenomics/data/from_moni/old.tzuhao/seq2geno/dev_versions/v7/data/reference/RefCln_UCBPP-PA14.fa.fai, /net/metagenomics/data/from_moni/old.tzuhao/seq2geno/dev_versions/v7/data/reference/RefCln_UCBPP-PA14.fa.bwt
    output: seq2geno_temp/F2097/stampy/bwa1.sai, seq2geno_temp/F2097/stampy/bwa2.sai, seq2geno_temp/F2097/stampy/pre_bwa.bam
    jobid: 33
    wildcards: TMP_D=seq2geno_temp, strain=F2097


[Fri Sep 14 17:42:24 2018]
rule ng_paired_read_bwa_mapping:
    input: data/strains/dna/CH2522_1.fq.gz, data/strains/dna/CH2522_2.fq.gz, /net/metagenomics/data/from_moni/old.tzuhao/seq2geno/dev_versions/v7/data/reference/RefCln_UCBPP-PA14.fa, /net/metagenomics/data/from_moni/old.tzuhao/seq2geno/dev_versions/v7/data/reference/RefCln_UCBPP-PA14.fa.fai, /net/metagenomics/data/from_moni/old.tzuhao/seq2geno/dev_versions/v7/data/reference/RefCln_UCBPP-PA14.fa.bwt
    output: seq2geno_temp/CH2522/stampy/bwa1.sai, seq2geno_temp/CH2522/stampy/bwa2.sai, seq2geno_temp/CH2522/stampy/pre_bwa.bam
    jobid: 37
    wildcards: TMP_D=seq2geno_temp, strain=CH2522


[Fri Sep 14 17:42:24 2018]
rule ng_paired_read_bwa_mapping:
    input: data/strains/dna/F2167_1.fq.gz, data/strains/dna/F2167_2.fq.gz, /net/metagenomics/data/from_moni/old.tzuhao/seq2geno/dev_versions/v7/data/reference/RefCln_UCBPP-PA14.fa, /net/metagenomics/data/from_moni/old.tzuhao/seq2geno/dev_versions/v7/data/reference/RefCln_UCBPP-PA14.fa.fai, /net/metagenomics/data/from_moni/old.tzuhao/seq2geno/dev_versions/v7/data/reference/RefCln_UCBPP-PA14.fa.bwt
    output: seq2geno_temp/F2167/stampy/bwa1.sai, seq2geno_temp/F2167/stampy/bwa2.sai, seq2geno_temp/F2167/stampy/pre_bwa.bam
    jobid: 35
    wildcards: TMP_D=seq2geno_temp, strain=F2167


[Fri Sep 14 17:42:24 2018]
rule ng_paired_read_bwa_mapping:
    input: data/strains/dna/MHH14911_1.fq.gz, data/strains/dna/MHH14911_2.fq.gz, /net/metagenomics/data/from_moni/old.tzuhao/seq2geno/dev_versions/v7/data/reference/RefCln_UCBPP-PA14.fa, /net/metagenomics/data/from_moni/old.tzuhao/seq2geno/dev_versions/v7/data/reference/RefCln_UCBPP-PA14.fa.fai, /net/metagenomics/data/from_moni/old.tzuhao/seq2geno/dev_versions/v7/data/reference/RefCln_UCBPP-PA14.fa.bwt
    output: seq2geno_temp/MHH14911/stampy/bwa1.sai, seq2geno_temp/MHH14911/stampy/bwa2.sai, seq2geno_temp/MHH14911/stampy/pre_bwa.bam
    jobid: 41
    wildcards: TMP_D=seq2geno_temp, strain=MHH14911


[Fri Sep 14 17:42:24 2018]
rule ng_paired_read_bwa_mapping:
    input: data/strains/dna/MHH15103_1.fq.gz, data/strains/dna/MHH15103_2.fq.gz, /net/metagenomics/data/from_moni/old.tzuhao/seq2geno/dev_versions/v7/data/reference/RefCln_UCBPP-PA14.fa, /net/metagenomics/data/from_moni/old.tzuhao/seq2geno/dev_versions/v7/data/reference/RefCln_UCBPP-PA14.fa.fai, /net/metagenomics/data/from_moni/old.tzuhao/seq2geno/dev_versions/v7/data/reference/RefCln_UCBPP-PA14.fa.bwt
    output: seq2geno_temp/MHH15103/stampy/bwa1.sai, seq2geno_temp/MHH15103/stampy/bwa2.sai, seq2geno_temp/MHH15103/stampy/pre_bwa.bam
    jobid: 36
    wildcards: TMP_D=seq2geno_temp, strain=MHH15103


[Fri Sep 14 17:42:24 2018]
rule ng_paired_read_bwa_mapping:
    input: data/strains/dna/MHH15083_1.fq.gz, data/strains/dna/MHH15083_2.fq.gz, /net/metagenomics/data/from_moni/old.tzuhao/seq2geno/dev_versions/v7/data/reference/RefCln_UCBPP-PA14.fa, /net/metagenomics/data/from_moni/old.tzuhao/seq2geno/dev_versions/v7/data/reference/RefCln_UCBPP-PA14.fa.fai, /net/metagenomics/data/from_moni/old.tzuhao/seq2geno/dev_versions/v7/data/reference/RefCln_UCBPP-PA14.fa.bwt
    output: seq2geno_temp/MHH15083/stampy/bwa1.sai, seq2geno_temp/MHH15083/stampy/bwa2.sai, seq2geno_temp/MHH15083/stampy/pre_bwa.bam
    jobid: 39
    wildcards: TMP_D=seq2geno_temp, strain=MHH15083


[Fri Sep 14 17:42:24 2018]
rule ng_stampy_remapping:
    input: /net/metagenomics/data/from_moni/old.tzuhao/seq2geno/dev_versions/v7/data/reference/RefCln_UCBPP-PA14.fa.stidx, /net/metagenomics/data/from_moni/old.tzuhao/seq2geno/dev_versions/v7/data/reference/RefCln_UCBPP-PA14.fa.sthash, seq2geno_temp/CH2502/stampy/pre_bwa.bam
    output: seq2geno_temp/CH2502/stampy/remap.sam
    jobid: 22
    wildcards: TMP_D=seq2geno_temp, strain=CH2502


[Fri Sep 14 17:42:24 2018]
rule ng_stampy_remapping:
    input: /net/metagenomics/data/from_moni/old.tzuhao/seq2geno/dev_versions/v7/data/reference/RefCln_UCBPP-PA14.fa.stidx, /net/metagenomics/data/from_moni/old.tzuhao/seq2geno/dev_versions/v7/data/reference/RefCln_UCBPP-PA14.fa.sthash, seq2geno_temp/F2167/stampy/pre_bwa.bam
    output: seq2geno_temp/F2167/stampy/remap.sam
    jobid: 25
    wildcards: TMP_D=seq2geno_temp, strain=F2167


[Fri Sep 14 17:42:24 2018]
rule ng_stampy_remapping:
    input: /net/metagenomics/data/from_moni/old.tzuhao/seq2geno/dev_versions/v7/data/reference/RefCln_UCBPP-PA14.fa.stidx, /net/metagenomics/data/from_moni/old.tzuhao/seq2geno/dev_versions/v7/data/reference/RefCln_UCBPP-PA14.fa.sthash, seq2geno_temp/CH2522/stampy/pre_bwa.bam
    output: seq2geno_temp/CH2522/stampy/remap.sam
    jobid: 27
    wildcards: TMP_D=seq2geno_temp, strain=CH2522


[Fri Sep 14 17:42:24 2018]
rule ng_stampy_remapping:
    input: /net/metagenomics/data/from_moni/old.tzuhao/seq2geno/dev_versions/v7/data/reference/RefCln_UCBPP-PA14.fa.stidx, /net/metagenomics/data/from_moni/old.tzuhao/seq2geno/dev_versions/v7/data/reference/RefCln_UCBPP-PA14.fa.sthash, seq2geno_temp/F2097/stampy/pre_bwa.bam
    output: seq2geno_temp/F2097/stampy/remap.sam
    jobid: 23
    wildcards: TMP_D=seq2geno_temp, strain=F2097


[Fri Sep 14 17:42:24 2018]
rule ng_stampy_remapping:
    input: /net/metagenomics/data/from_moni/old.tzuhao/seq2geno/dev_versions/v7/data/reference/RefCln_UCBPP-PA14.fa.stidx, /net/metagenomics/data/from_moni/old.tzuhao/seq2geno/dev_versions/v7/data/reference/RefCln_UCBPP-PA14.fa.sthash, seq2geno_temp/MHH15103/stampy/pre_bwa.bam
    output: seq2geno_temp/MHH15103/stampy/remap.sam
    jobid: 26
    wildcards: TMP_D=seq2geno_temp, strain=MHH15103


[Fri Sep 14 17:42:24 2018]
rule ng_stampy_remapping:
    input: /net/metagenomics/data/from_moni/old.tzuhao/seq2geno/dev_versions/v7/data/reference/RefCln_UCBPP-PA14.fa.stidx, /net/metagenomics/data/from_moni/old.tzuhao/seq2geno/dev_versions/v7/data/reference/RefCln_UCBPP-PA14.fa.sthash, seq2geno_temp/MHH14911/stampy/pre_bwa.bam
    output: seq2geno_temp/MHH14911/stampy/remap.sam
    jobid: 31
    wildcards: TMP_D=seq2geno_temp, strain=MHH14911


[Fri Sep 14 17:42:24 2018]
rule ng_stampy_remapping:
    input: /net/metagenomics/data/from_moni/old.tzuhao/seq2geno/dev_versions/v7/data/reference/RefCln_UCBPP-PA14.fa.stidx, /net/metagenomics/data/from_moni/old.tzuhao/seq2geno/dev_versions/v7/data/reference/RefCln_UCBPP-PA14.fa.sthash, seq2geno_temp/MHH15083/stampy/pre_bwa.bam
    output: seq2geno_temp/MHH15083/stampy/remap.sam
    jobid: 29
    wildcards: TMP_D=seq2geno_temp, strain=MHH15083


[Fri Sep 14 17:42:24 2018]
rule ng_sam2bam:
    input: seq2geno_temp/CH2500/stampy/remap.sam
    output: seq2geno_temp/CH2500/stampy/remap.bam
    jobid: 20
    wildcards: TMP_D=seq2geno_temp, strain=CH2500


[Fri Sep 14 17:42:24 2018]
rule ng_sam2bam:
    input: seq2geno_temp/MHH15083/stampy/remap.sam
    output: seq2geno_temp/MHH15083/stampy/remap.bam
    jobid: 19
    wildcards: TMP_D=seq2geno_temp, strain=MHH15083


[Fri Sep 14 17:42:24 2018]
rule ng_sam2bam:
    input: seq2geno_temp/MHH15103/stampy/remap.sam
    output: seq2geno_temp/MHH15103/stampy/remap.bam
    jobid: 16
    wildcards: TMP_D=seq2geno_temp, strain=MHH15103


[Fri Sep 14 17:42:24 2018]
rule ng_sam2bam:
    input: seq2geno_temp/MHH14911/stampy/remap.sam
    output: seq2geno_temp/MHH14911/stampy/remap.bam
    jobid: 21
    wildcards: TMP_D=seq2geno_temp, strain=MHH14911


[Fri Sep 14 17:42:24 2018]
rule ng_sam2bam:
    input: seq2geno_temp/CH2522/stampy/remap.sam
    output: seq2geno_temp/CH2522/stampy/remap.bam
    jobid: 17
    wildcards: TMP_D=seq2geno_temp, strain=CH2522


[Fri Sep 14 17:42:24 2018]
rule ng_sam2bam:
    input: seq2geno_temp/F2167/stampy/remap.sam
    output: seq2geno_temp/F2167/stampy/remap.bam
    jobid: 15
    wildcards: TMP_D=seq2geno_temp, strain=F2167


[Fri Sep 14 17:42:24 2018]
rule ng_sam2bam:
    input: seq2geno_temp/F2097/stampy/remap.sam
    output: seq2geno_temp/F2097/stampy/remap.bam
    jobid: 13
    wildcards: TMP_D=seq2geno_temp, strain=F2097


[Fri Sep 14 17:42:24 2018]
rule ng_sort_bam:
    input: seq2geno_temp/CH2500/stampy/remap.bam
    output: seq2geno_temp/CH2500/stampy/remap_sorted.bam, seq2geno_temp/CH2500/stampy/remap_sorted.bam.bai
    jobid: 10
    wildcards: TMP_D=seq2geno_temp, strain=CH2500


[Fri Sep 14 17:42:24 2018]
rule ng_sam2bam:
    input: seq2geno_temp/CH2502/stampy/remap.sam
    output: seq2geno_temp/CH2502/stampy/remap.bam
    jobid: 12
    wildcards: TMP_D=seq2geno_temp, strain=CH2502


[Fri Sep 14 17:42:24 2018]
rule ng_sort_bam:
    input: seq2geno_temp/MHH15083/stampy/remap.bam
    output: seq2geno_temp/MHH15083/stampy/remap_sorted.bam, seq2geno_temp/MHH15083/stampy/remap_sorted.bam.bai
    jobid: 9
    wildcards: TMP_D=seq2geno_temp, strain=MHH15083


[Fri Sep 14 17:42:24 2018]
rule ng_sort_bam:
    input: seq2geno_temp/MHH15103/stampy/remap.bam
    output: seq2geno_temp/MHH15103/stampy/remap_sorted.bam, seq2geno_temp/MHH15103/stampy/remap_sorted.bam.bai
    jobid: 6
    wildcards: TMP_D=seq2geno_temp, strain=MHH15103


[Fri Sep 14 17:42:24 2018]
rule ng_sort_bam:
    input: seq2geno_temp/MHH14911/stampy/remap.bam
    output: seq2geno_temp/MHH14911/stampy/remap_sorted.bam, seq2geno_temp/MHH14911/stampy/remap_sorted.bam.bai
    jobid: 11
    wildcards: TMP_D=seq2geno_temp, strain=MHH14911


[Fri Sep 14 17:42:24 2018]
rule ng_sort_bam:
    input: seq2geno_temp/F2167/stampy/remap.bam
    output: seq2geno_temp/F2167/stampy/remap_sorted.bam, seq2geno_temp/F2167/stampy/remap_sorted.bam.bai
    jobid: 5
    wildcards: TMP_D=seq2geno_temp, strain=F2167


[Fri Sep 14 17:42:24 2018]
rule ng_sort_bam:
    input: seq2geno_temp/F2097/stampy/remap.bam
    output: seq2geno_temp/F2097/stampy/remap_sorted.bam, seq2geno_temp/F2097/stampy/remap_sorted.bam.bai
    jobid: 3
    wildcards: TMP_D=seq2geno_temp, strain=F2097


[Fri Sep 14 17:42:24 2018]
rule ng_sort_bam:
    input: seq2geno_temp/CH2522/stampy/remap.bam
    output: seq2geno_temp/CH2522/stampy/remap_sorted.bam, seq2geno_temp/CH2522/stampy/remap_sorted.bam.bai
    jobid: 7
    wildcards: TMP_D=seq2geno_temp, strain=CH2522


[Fri Sep 14 17:42:24 2018]
rule ng_sort_bam:
    input: seq2geno_temp/CH2502/stampy/remap.bam
    output: seq2geno_temp/CH2502/stampy/remap_sorted.bam, seq2geno_temp/CH2502/stampy/remap_sorted.bam.bai
    jobid: 2
    wildcards: TMP_D=seq2geno_temp, strain=CH2502


[Fri Sep 14 17:42:24 2018]
rule ng_create_multi_sample_vcf:
    input: /net/metagenomics/data/from_moni/old.tzuhao/seq2geno/dev_versions/v7/data/reference/RefCln_UCBPP-PA14.fa, /net/metagenomics/data/from_moni/old.tzuhao/seq2geno/dev_versions/v7/data/reference/RefCln_UCBPP-PA14.fa.fai, seq2geno_temp/CH2500/stampy/remap_sorted.bam, seq2geno_temp/CH2502/stampy/remap_sorted.bam, seq2geno_temp/CH2522/stampy/remap_sorted.bam, seq2geno_temp/F1659/stampy/remap_sorted.bam, seq2geno_temp/ESP088/stampy/remap_sorted.bam, seq2geno_temp/MHH15083/stampy/remap_sorted.bam, seq2geno_temp/F2167/stampy/remap_sorted.bam, seq2geno_temp/F2097/stampy/remap_sorted.bam, seq2geno_temp/MHH14911/stampy/remap_sorted.bam, seq2geno_temp/MHH15103/stampy/remap_sorted.bam, seq2geno_temp/CH2500/stampy/remap_sorted.bam.bai, seq2geno_temp/CH2502/stampy/remap_sorted.bam.bai, seq2geno_temp/CH2522/stampy/remap_sorted.bam.bai, seq2geno_temp/F1659/stampy/remap_sorted.bam.bai, seq2geno_temp/ESP088/stampy/remap_sorted.bam.bai, seq2geno_temp/MHH15083/stampy/remap_sorted.bam.bai, seq2geno_temp/F2167/stampy/remap_sorted.bam.bai, seq2geno_temp/F2097/stampy/remap_sorted.bam.bai, seq2geno_temp/MHH14911/stampy/remap_sorted.bam.bai, seq2geno_temp/MHH15103/stampy/remap_sorted.bam.bai
    output: seq2geno_temp/stampy/multisample_vcf.gz, seq2geno_temp/stampy/multisample_vcf.gz.tbi
    jobid: 1
    wildcards: TMP_D=seq2geno_temp

RuleException in line 39 of /net/sgi/metagenomics/data/from_moni/old.tzuhao/seq2geno/dev_versions/v7/ng_DETECT_VARS.smk:
'OutputFiles' object has no attribute 'raw_vcf_gz'
