Building DAG of jobs...
Using shell: /bin/bash
Provided cores: 1
Rules claiming more threads will be scaled down.
Job counts:
	count	jobs
	1	all
	1	create_and_make_expr_table
	2

[Fri Aug 24 17:16:31 2018]
rule create_and_make_expr_table:
    input: tmp/rpg_dict
    output: /net/metagenomics/data/from_moni/old.tzuhao/seq2geno/dev_versions/v5/results/expr.tab
    jobid: 2

[Fri Aug 24 17:16:32 2018]
Finished job 2.
1 of 2 steps (50%) done

[Fri Aug 24 17:16:32 2018]
localrule all:
    input: /net/metagenomics/data/from_moni/old.tzuhao/seq2geno/dev_versions/v5/results/expr.tab, /net/metagenomics/data/from_moni/old.tzuhao/seq2geno/dev_versions/v5/results/syn_snps.tab, /net/metagenomics/data/from_moni/old.tzuhao/seq2geno/dev_versions/v5/results/nonsyn_snps.tab
    jobid: 0

[Fri Aug 24 17:16:32 2018]
Finished job 0.
2 of 2 steps (100%) done
Complete log: /net/sgi/metagenomics/data/from_moni/old.tzuhao/seq2geno/dev_versions/v5/.snakemake/log/2018-08-24T171623.595624.snakemake.log
