Building DAG of jobs...
Using shell: /bin/bash
Provided cores: 1
Rules claiming more threads will be scaled down.
Job counts:
	count	jobs
	1	all
	5	aln_to_vcf_per_fam
	1	create_indel_table
	1	expand_by_family
	5	vcf_to_indels_per_fam
	13

[Tue Aug 14 15:23:59 2018]
rule aln_to_vcf_per_fam:
    input: tmp/extracted_proteins_nt/fhuA_3.aln
    output: tmp/extracted_proteins_nt/fhuA_3.vcf
    jobid: 28
    wildcards: fam=fhuA_3

[Tue Aug 14 15:24:01 2018]
Finished job 28.
1 of 13 steps (8%) done

[Tue Aug 14 15:24:01 2018]
rule aln_to_vcf_per_fam:
    input: tmp/extracted_proteins_nt/aaeA_1.aln
    output: tmp/extracted_proteins_nt/aaeA_1.vcf
    jobid: 30
    wildcards: fam=aaeA_1

[Tue Aug 14 15:24:01 2018]
Finished job 30.
2 of 13 steps (15%) done

[Tue Aug 14 15:24:01 2018]
rule aln_to_vcf_per_fam:
    input: tmp/extracted_proteins_nt/aaeA_2.aln
    output: tmp/extracted_proteins_nt/aaeA_2.vcf
    jobid: 26
    wildcards: fam=aaeA_2

[Tue Aug 14 15:24:02 2018]
Finished job 26.
3 of 13 steps (23%) done

[Tue Aug 14 15:24:02 2018]
rule aln_to_vcf_per_fam:
    input: tmp/extracted_proteins_nt/xcpW.aln
    output: tmp/extracted_proteins_nt/xcpW.vcf
    jobid: 27
    wildcards: fam=xcpW

[Tue Aug 14 15:24:02 2018]
Finished job 27.
4 of 13 steps (31%) done

[Tue Aug 14 15:24:02 2018]
rule aln_to_vcf_per_fam:
    input: tmp/extracted_proteins_nt/aaaT.aln
    output: tmp/extracted_proteins_nt/aaaT.vcf
    jobid: 29
    wildcards: fam=aaaT

[Tue Aug 14 15:24:03 2018]
Finished job 29.
5 of 13 steps (38%) done

[Tue Aug 14 15:24:03 2018]
rule vcf_to_indels_per_fam:
    input: tmp/extracted_proteins_nt/fhuA_3.vcf
    output: tmp/extracted_proteins_nt/fhuA_3_indels.txt, tmp/extracted_proteins_nt/fhuA_3_indels.gff, tmp/extracted_proteins_nt/fhuA_3_indel_stats.txt
    jobid: 23
    wildcards: fam=fhuA_3

    [Tue Aug 14 15:24:03 2018]
    Error in rule vcf_to_indels_per_fam:
        jobid: 23
        output: tmp/extracted_proteins_nt/fhuA_3_indels.txt, tmp/extracted_proteins_nt/fhuA_3_indels.gff, tmp/extracted_proteins_nt/fhuA_3_indel_stats.txt

RuleException:
WorkflowError in line 48 of /net/sgi/metagenomics/data/from_moni/old.tzuhao/seq2geno/dev_versions/v4/CREATE_INDEL_TABLE.smk:
URLError: <urlopen error [Errno 2] No such file or directory: '/net/sgi/metagenomics/data/from_moni/old.tzuhao/seq2geno/dev_versions/v4/lib/indel_detection/vcf2indel.py'>
  File "/net/sgi/metagenomics/data/from_moni/old.tzuhao/seq2geno/dev_versions/v4/CREATE_INDEL_TABLE.smk", line 48, in __rule_vcf_to_indels_per_fam
  File "/home/thkuo/miniconda3/envs/seq2geno/lib/python3.6/concurrent/futures/thread.py", line 56, in run
Shutting down, this might take some time.
Exiting because a job execution failed. Look above for error message
Complete log: /net/sgi/metagenomics/data/from_moni/old.tzuhao/seq2geno/dev_versions/v4/.snakemake/log/2018-08-14T152357.559022.snakemake.log
