Building DAG of jobs...
Using shell: /bin/bash
Provided cores: 1
Rules claiming more threads will be scaled down.
Job counts:
	count	jobs
	1	all
	1	aln_to_vcf
	1	create_and_make_expr_table
	1	create_indel_table
	1	filter_genes
	1	vcf_to_indels
	6

rule filter_genes:
    input: tmp/roary/gene_presence_absence.csv
    output: core_genes_50.txt
    jobid: 11

Waiting at most 5 seconds for missing files.
MissingOutputException in line 1 of /net/sgi/metagenomics/data/from_moni/old.tzuhao/seq2geno/dev_versions/v3/CREATE_INDEL_TABLE.smk:
Missing files after 5 seconds:
core_genes_50.txt
This might be due to filesystem latency. If that is the case, consider to increase the wait time with --latency-wait.
Shutting down, this might take some time.
Exiting because a job execution failed. Look above for error message
Complete log: /net/sgi/metagenomics/data/from_moni/old.tzuhao/seq2geno/dev_versions/v3/.snakemake/log/2018-07-12T161013.611831.snakemake.log
