Building DAG of jobs...
Using shell: /bin/bash
Provided cores: 1
Rules claiming more threads will be scaled down.
Job counts:
	count	jobs
	1	all
	1	compute_gpa_raw_table
	1	compute_gpa_table
	4	create_gff
	7

rule create_gff:
    input: tmp/CH2500/spades.assem.fa
    output: tmp/prokka/CH2500.spades.gff
    jobid: 7
    wildcards: TMP_D=tmp, strain=CH2500, assembler=spades

Waiting at most 5 seconds for missing files.
MissingOutputException in line 25 of /net/sgi/metagenomics/data/from_moni/old.tzuhao/seq2geno/dev_versions/v3/COUNT_GPA.smk:
Missing files after 5 seconds:
tmp/prokka/CH2500.spades.gff
This might be due to filesystem latency. If that is the case, consider to increase the wait time with --latency-wait.
Shutting down, this might take some time.
Exiting because a job execution failed. Look above for error message
Complete log: /net/sgi/metagenomics/data/from_moni/old.tzuhao/seq2geno/dev_versions/v3/.snakemake/log/2018-07-10T155509.725144.snakemake.log
