Building DAG of jobs...
Using shell: /bin/bash
Provided cores: 1
Rules claiming more threads will be scaled down.
Job counts:
	count	jobs
	1	all
	1	ng_create_coding_region_bed
	1	ng_detect_var_for_pop
	1	ng_mask_coding_regions
	1	ng_mask_intergenic_regions
	1	split_multi_allelic_sites
	6

[Sat Sep 15 11:55:50 2018]
rule ng_detect_var_for_pop:
    input: /net/metagenomics/data/from_moni/old.tzuhao/seq2geno/dev_versions/v7/data/reference/RefCln_UCBPP-PA14.fa, /net/metagenomics/data/from_moni/old.tzuhao/seq2geno/dev_versions/v7/data/reference/RefCln_UCBPP-PA14.fa.fai, seq2geno_temp/CH2500/stampy/remap_sorted.bam, seq2geno_temp/ESP088/stampy/remap_sorted.bam, seq2geno_temp/MHH15083/stampy/remap_sorted.bam, seq2geno_temp/CH2500/stampy/remap_sorted.bam.bai, seq2geno_temp/ESP088/stampy/remap_sorted.bam.bai, seq2geno_temp/MHH15083/stampy/remap_sorted.bam.bai
    output: seq2geno_temp/freebayes/multisample_raw.vcf.gz, seq2geno_temp/freebayes/multisample_raw.vcf.gz.tbi
    jobid: 5
    wildcards: TMP_D=seq2geno_temp

[Sat Sep 15 12:07:13 2018]
Finished job 5.
1 of 6 steps (17%) done

[Sat Sep 15 12:07:13 2018]
rule ng_create_coding_region_bed:
    input: /net/metagenomics/data/from_moni/old.tzuhao/seq2geno/dev_versions/v7/data/reference/RefCln_UCBPP-PA14.gbk
    output: seq2geno_temp/freebayes/ref.coding.bed
    jobid: 3
    wildcards: TMP_D=seq2geno_temp

[Sat Sep 15 12:07:16 2018]
Finished job 3.
2 of 6 steps (33%) done

[Sat Sep 15 12:07:16 2018]
rule split_multi_allelic_sites:
    input: seq2geno_temp/freebayes/multisample_raw.vcf.gz, seq2geno_temp/freebayes/multisample_raw.vcf.gz.tbi
    output: seq2geno_temp/freebayes/multisample.vcf.gz, seq2geno_temp/freebayes/multisample.vcf.gz.tbi
    jobid: 4
    wildcards: TMP_D=seq2geno_temp

[Sat Sep 15 12:07:22 2018]
Finished job 4.
3 of 6 steps (50%) done

[Sat Sep 15 12:07:22 2018]
rule ng_mask_intergenic_regions:
    input: seq2geno_temp/freebayes/multisample.vcf.gz, seq2geno_temp/freebayes/ref.coding.bed
    output: seq2geno_temp/freebayes/multisample.vcf.igr.gz, seq2geno_temp/freebayes/multisample.vcf.igr.gz.tbi
    jobid: 2
    wildcards: TMP_D=seq2geno_temp

[Sat Sep 15 12:07:24 2018]
Finished job 2.
4 of 6 steps (67%) done

[Sat Sep 15 12:07:24 2018]
rule ng_mask_coding_regions:
    input: seq2geno_temp/freebayes/multisample.vcf.gz, seq2geno_temp/freebayes/ref.coding.bed
    output: seq2geno_temp/freebayes/multisample.vcf.coding.gz, seq2geno_temp/freebayes/multisample.vcf.coding.gz.tbi
    jobid: 1
    wildcards: TMP_D=seq2geno_temp

[Sat Sep 15 12:07:28 2018]
Finished job 1.
5 of 6 steps (83%) done

[Sat Sep 15 12:07:28 2018]
localrule all:
    input: seq2geno_temp/freebayes/multisample.vcf.igr.gz, seq2geno_temp/freebayes/multisample.vcf.coding.gz
    jobid: 0

[Sat Sep 15 12:07:28 2018]
Finished job 0.
6 of 6 steps (100%) done
Complete log: /net/sgi/metagenomics/data/from_moni/old.tzuhao/seq2geno/dev_versions/v7/.snakemake/log/2018-09-15T115546.082793.snakemake.log
