Building DAG of jobs...
Using shell: /bin/bash
Provided cores: 1
Rules claiming more threads will be scaled down.
Job counts:
	count	jobs
	1	all
	1	create_and_make_expr_table
	1	create_indel_table
	1	vcf_to_indels
	4

rule vcf_to_indels:
    input: tmp/indels/vcf.list, core_genes_50.txt
    output: tmp/indels/indel.list
    jobid: 8
    wildcards: TMP_D=tmp

    Error in rule vcf_to_indels:
        jobid: 8
        output: tmp/indels/indel.list

RuleException:
CalledProcessError in line 103 of /net/sgi/metagenomics/data/from_moni/old.tzuhao/seq2geno/dev_versions/v3/CREATE_INDEL_TABLE.smk:
Command ' set -euo pipefail;  cd tmp/indels;cat ../../core_genes_50.txt | while read i;do echo "java -jar indel_detection/vcf2indel.py < ../extracted_protein_nt/${i}.aln.fasta> ${i}.vcf";done;cd ../../;ls tmp/indels|grep indels.txt$ > tmp/indels/indel.list ' returned non-zero exit status 1.
  File "/net/sgi/metagenomics/data/from_moni/old.tzuhao/seq2geno/dev_versions/v3/CREATE_INDEL_TABLE.smk", line 103, in __rule_vcf_to_indels
  File "/home/thkuo/miniconda3/envs/phypal/lib/python3.6/concurrent/futures/thread.py", line 55, in run
Shutting down, this might take some time.
Exiting because a job execution failed. Look above for error message
Complete log: /net/sgi/metagenomics/data/from_moni/old.tzuhao/seq2geno/dev_versions/v3/.snakemake/log/2018-07-12T161608.401293.snakemake.log
