Building DAG of jobs...
Using shell: /bin/bash
Provided cores: 1
Rules claiming more threads will be scaled down.
Job counts:
	count	jobs
	1	all
	1	ng_create_coding_region_bed
	1	ng_mask_coding_regions
	3

[Thu Sep 13 22:33:27 2018]
rule ng_create_coding_region_bed:
    input: /net/metagenomics/data/from_moni/old.tzuhao/seq2geno/dev_versions/v7/data/reference/RefCln_UCBPP-PA14.gbk
    output: seq2geno_temp/ref.coding.bed
    jobid: 3
    wildcards: TMP_D=seq2geno_temp

[Thu Sep 13 22:33:31 2018]
Finished job 3.
1 of 3 steps (33%) done

[Thu Sep 13 22:33:31 2018]
rule ng_mask_coding_regions:
    input: seq2geno_temp/multi_sample_vcf.gz, seq2geno_temp/ref.coding.bed
    output: seq2geno_temp/multi_sample_vcf.coding.gz, seq2geno_temp/multi_sample_vcf.coding.gz.tbi
    jobid: 1
    wildcards: TMP_D=seq2geno_temp

Removing temporary output file seq2geno_temp/ref.coding.bed.
[Thu Sep 13 22:33:39 2018]
Finished job 1.
2 of 3 steps (67%) done

[Thu Sep 13 22:33:39 2018]
localrule all:
    input: seq2geno_temp/multi_sample_vcf.coding.gz
    jobid: 0

[Thu Sep 13 22:33:39 2018]
Finished job 0.
3 of 3 steps (100%) done
Complete log: /net/sgi/metagenomics/data/from_moni/old.tzuhao/seq2geno/dev_versions/v7/.snakemake/log/2018-09-13T223325.240024.snakemake.log
