Building DAG of jobs...
Using shell: /bin/bash
Provided cores: 1
Rules claiming more threads will be scaled down.
Job counts:
	count	jobs
	1	all
	1	ng_create_coding_region_bed
	1	ng_mask_by_coding_regions
	1	ng_multi_sample_vcf
	4

[Thu Sep 13 16:27:15 2018]
rule ng_multi_sample_vcf:
    input: seq2geno_temp/CH2500/stampy/vcf.gz, seq2geno_temp/CH2502/stampy/vcf.gz, seq2geno_temp/CH2522/stampy/vcf.gz, seq2geno_temp/F1659/stampy/vcf.gz, seq2geno_temp/ESP088/stampy/vcf.gz, seq2geno_temp/MHH15083/stampy/vcf.gz, seq2geno_temp/F2167/stampy/vcf.gz, seq2geno_temp/F2097/stampy/vcf.gz, seq2geno_temp/MHH14911/stampy/vcf.gz, seq2geno_temp/MHH15103/stampy/vcf.gz
    output: seq2geno_temp/multi_sample_vcf.gz, seq2geno_temp/multi_sample_vcf.gz.tbi
    jobid: 2
    wildcards: TMP_D=seq2geno_temp

[Thu Sep 13 16:27:32 2018]
Finished job 2.
1 of 4 steps (25%) done

[Thu Sep 13 16:27:32 2018]
rule ng_create_coding_region_bed:
    input: /net/metagenomics/data/from_moni/old.tzuhao/seq2geno/dev_versions/v7/data/reference/RefCln_UCBPP-PA14.gbk
    output: seq2geno_temp/ref.coding.bed
    jobid: 3
    wildcards: TMP_D=seq2geno_temp

Shutting down, this might take some time.
Exiting because a job execution failed. Look above for error message
Complete log: /net/sgi/metagenomics/data/from_moni/old.tzuhao/seq2geno/dev_versions/v7/.snakemake/log/2018-09-13T162712.305398.snakemake.log
