Building DAG of jobs...
Using shell: /bin/bash
Provided cores: 1
Rules claiming more threads will be scaled down.
Job counts:
	count	jobs
	1	all
	1	all_snps_list
	1	aln_to_vcf_per_fam
	4	compress_feat_table
	6	compute_flatcounts
	1	compute_gpa_raw_table
	1	compute_gpa_table
	6	convert_to_sin
	1	covert_snps_table
	1	create_and_make_expr_table
	6	create_assembly
	1	create_coding_regions_aln
	6	create_consensus_sequence
	1	create_dict_file
	6	create_gff
	1	create_indel_table
	1	create_ref_target_seqs
	6	create_vcf
	6	duplicate_gffs
	1	expand_by_family
	1	find_best_tree
	6	for_expr_stampy_remapping
	6	for_tab_copy_files
	6	for_tab_create_vcf
	6	for_tab_paired_read_bwa_mapping
	6	for_tab_sam2bam
	6	for_tab_sort_bam
	6	for_tab_stampy_remapping
	6	gene_counts
	6	index_vcf
	1	load_reference
	1	nonsyn_snps_table
	6	paired_mapping
	1	postprocess_alignment
	6	rna_mapping_bwa
	6	rna_sam2bam
	6	sort_bam
	1	sort_gene_family
	1	syn_snps_table
	1	vcf_to_indels_per_fam
	1	write_dict_file
	144

[Fri Aug 31 09:41:12 2018]
rule create_assembly:
    input: data/strains/dna/F1659_1.fq.gz, data/strains/dna/F1659_2.fq.gz
    output: .seq2geno_temp/F1659/spades/scaffolds.fasta
    jobid: 107
    wildcards: TMP_D=.seq2geno_temp, strain=F1659, assembler=spades

[Fri Aug 31 09:58:44 2018]
Finished job 107.
1 of 144 steps (0.69%) done

[Fri Aug 31 09:58:44 2018]
rule create_assembly:
    input: data/strains/dna/MHH15083_1.fq.gz, data/strains/dna/MHH15083_2.fq.gz
    output: .seq2geno_temp/MHH15083/spades/scaffolds.fasta
    jobid: 103
    wildcards: TMP_D=.seq2geno_temp, strain=MHH15083, assembler=spades

[Fri Aug 31 10:14:49 2018]
Finished job 103.
2 of 144 steps (1%) done

[Fri Aug 31 10:14:49 2018]
rule create_assembly:
    input: data/strains/dna/ESP088_1.fq.gz, data/strains/dna/ESP088_2.fq.gz
    output: .seq2geno_temp/ESP088/spades/scaffolds.fasta
    jobid: 104
    wildcards: TMP_D=.seq2geno_temp, strain=ESP088, assembler=spades

[Fri Aug 31 10:29:03 2018]
Finished job 104.
3 of 144 steps (2%) done

[Fri Aug 31 10:29:03 2018]
rule create_assembly:
    input: data/strains/dna/CH2500_1.fq.gz, data/strains/dna/CH2500_2.fq.gz
    output: .seq2geno_temp/CH2500/spades/scaffolds.fasta
    jobid: 106
    wildcards: TMP_D=.seq2geno_temp, strain=CH2500, assembler=spades

[Fri Aug 31 10:44:13 2018]
Finished job 106.
4 of 144 steps (3%) done

[Fri Aug 31 10:44:13 2018]
rule create_assembly:
    input: data/strains/dna/CH2522_1.fq.gz, data/strains/dna/CH2522_2.fq.gz
    output: .seq2geno_temp/CH2522/spades/scaffolds.fasta
    jobid: 105
    wildcards: TMP_D=.seq2geno_temp, strain=CH2522, assembler=spades

[Fri Aug 31 10:59:18 2018]
Finished job 105.
5 of 144 steps (3%) done

[Fri Aug 31 10:59:18 2018]
rule create_assembly:
    input: data/strains/dna/CH2502_1.fq.gz, data/strains/dna/CH2502_2.fq.gz
    output: .seq2geno_temp/CH2502/spades/scaffolds.fasta
    jobid: 102
    wildcards: TMP_D=.seq2geno_temp, strain=CH2502, assembler=spades

[Fri Aug 31 11:12:54 2018]
Finished job 102.
6 of 144 steps (4%) done

[Fri Aug 31 11:12:54 2018]
rule create_ref_target_seqs:
    input: /net/metagenomics/data/from_moni/old.tzuhao/seq2geno/dev_versions/v5/data/reference/RefCln_UCBPP-PA14.gbk
    output: .seq2geno_temp/reference.target_regions.fa
    jobid: 83
    wildcards: TMP_D=.seq2geno_temp

[Fri Aug 31 11:12:59 2018]
Finished job 83.
7 of 144 steps (5%) done

[Fri Aug 31 11:12:59 2018]
rule create_gff:
    input: .seq2geno_temp/ESP088/spades/scaffolds.fasta
    output: .seq2geno_temp/ESP088/spades/prokka/de_novo.ffn, .seq2geno_temp/ESP088/spades/prokka/de_novo.gff
    jobid: 65
    wildcards: TMP_D=.seq2geno_temp, strain=ESP088, assembler=spades, annotator=prokka

[Fri Aug 31 11:15:50 2018]
Finished job 65.
8 of 144 steps (6%) done

[Fri Aug 31 11:15:50 2018]
rule duplicate_gffs:
    input: .seq2geno_temp/ESP088/spades/prokka/de_novo.gff
    output: .seq2geno_temp/ESP088/spades/prokka/ESP088.gff
    jobid: 27
    wildcards: TMP_D=.seq2geno_temp, strain=ESP088, assembler=spades, annotator=prokka

[Fri Aug 31 11:15:50 2018]
Finished job 27.
9 of 144 steps (6%) done

[Fri Aug 31 11:15:50 2018]
rule create_gff:
    input: .seq2geno_temp/CH2500/spades/scaffolds.fasta
    output: .seq2geno_temp/CH2500/spades/prokka/de_novo.ffn, .seq2geno_temp/CH2500/spades/prokka/de_novo.gff
    jobid: 67
    wildcards: TMP_D=.seq2geno_temp, strain=CH2500, assembler=spades, annotator=prokka

[Fri Aug 31 11:18:31 2018]
Finished job 67.
10 of 144 steps (7%) done

[Fri Aug 31 11:18:31 2018]
rule duplicate_gffs:
    input: .seq2geno_temp/CH2500/spades/prokka/de_novo.gff
    output: .seq2geno_temp/CH2500/spades/prokka/CH2500.gff
    jobid: 29
    wildcards: TMP_D=.seq2geno_temp, strain=CH2500, assembler=spades, annotator=prokka

[Fri Aug 31 11:18:32 2018]
Finished job 29.
11 of 144 steps (8%) done

[Fri Aug 31 11:18:32 2018]
rule create_gff:
    input: .seq2geno_temp/MHH15083/spades/scaffolds.fasta
    output: .seq2geno_temp/MHH15083/spades/prokka/de_novo.ffn, .seq2geno_temp/MHH15083/spades/prokka/de_novo.gff
    jobid: 64
    wildcards: TMP_D=.seq2geno_temp, strain=MHH15083, assembler=spades, annotator=prokka

[Fri Aug 31 11:21:09 2018]
Finished job 64.
12 of 144 steps (8%) done

[Fri Aug 31 11:21:09 2018]
rule duplicate_gffs:
    input: .seq2geno_temp/MHH15083/spades/prokka/de_novo.gff
    output: .seq2geno_temp/MHH15083/spades/prokka/MHH15083.gff
    jobid: 26
    wildcards: TMP_D=.seq2geno_temp, strain=MHH15083, assembler=spades, annotator=prokka

[Fri Aug 31 11:21:09 2018]
Finished job 26.
13 of 144 steps (9%) done

[Fri Aug 31 11:21:09 2018]
rule create_gff:
    input: .seq2geno_temp/F1659/spades/scaffolds.fasta
    output: .seq2geno_temp/F1659/spades/prokka/de_novo.ffn, .seq2geno_temp/F1659/spades/prokka/de_novo.gff
    jobid: 68
    wildcards: TMP_D=.seq2geno_temp, strain=F1659, assembler=spades, annotator=prokka

[Fri Aug 31 11:23:43 2018]
Finished job 68.
14 of 144 steps (10%) done

[Fri Aug 31 11:23:43 2018]
rule duplicate_gffs:
    input: .seq2geno_temp/F1659/spades/prokka/de_novo.gff
    output: .seq2geno_temp/F1659/spades/prokka/F1659.gff
    jobid: 30
    wildcards: TMP_D=.seq2geno_temp, strain=F1659, assembler=spades, annotator=prokka

[Fri Aug 31 11:23:43 2018]
Finished job 30.
15 of 144 steps (10%) done

[Fri Aug 31 11:23:43 2018]
rule create_gff:
    input: .seq2geno_temp/CH2522/spades/scaffolds.fasta
    output: .seq2geno_temp/CH2522/spades/prokka/de_novo.ffn, .seq2geno_temp/CH2522/spades/prokka/de_novo.gff
    jobid: 66
    wildcards: TMP_D=.seq2geno_temp, strain=CH2522, assembler=spades, annotator=prokka

[Fri Aug 31 11:26:15 2018]
Finished job 66.
16 of 144 steps (11%) done

[Fri Aug 31 11:26:15 2018]
rule duplicate_gffs:
    input: .seq2geno_temp/CH2522/spades/prokka/de_novo.gff
    output: .seq2geno_temp/CH2522/spades/prokka/CH2522.gff
    jobid: 28
    wildcards: TMP_D=.seq2geno_temp, strain=CH2522, assembler=spades, annotator=prokka

[Fri Aug 31 11:26:15 2018]
Finished job 28.
17 of 144 steps (12%) done

[Fri Aug 31 11:26:15 2018]
rule create_gff:
    input: .seq2geno_temp/CH2502/spades/scaffolds.fasta
    output: .seq2geno_temp/CH2502/spades/prokka/de_novo.ffn, .seq2geno_temp/CH2502/spades/prokka/de_novo.gff
    jobid: 63
    wildcards: TMP_D=.seq2geno_temp, strain=CH2502, assembler=spades, annotator=prokka

[Fri Aug 31 11:28:44 2018]
Finished job 63.
18 of 144 steps (12%) done

[Fri Aug 31 11:28:44 2018]
rule duplicate_gffs:
    input: .seq2geno_temp/CH2502/spades/prokka/de_novo.gff
    output: .seq2geno_temp/CH2502/spades/prokka/CH2502.gff
    jobid: 25
    wildcards: TMP_D=.seq2geno_temp, strain=CH2502, assembler=spades, annotator=prokka

[Fri Aug 31 11:28:44 2018]
Finished job 25.
19 of 144 steps (13%) done

[Fri Aug 31 11:28:44 2018]
rule compute_gpa_raw_table:
    input: .seq2geno_temp/CH2500/spades/prokka/CH2500.gff, .seq2geno_temp/CH2502/spades/prokka/CH2502.gff, .seq2geno_temp/CH2522/spades/prokka/CH2522.gff, .seq2geno_temp/F1659/spades/prokka/F1659.gff, .seq2geno_temp/ESP088/spades/prokka/ESP088.gff, .seq2geno_temp/MHH15083/spades/prokka/MHH15083.gff
    output: .seq2geno_temp/roary/gene_presence_absence.csv, .seq2geno_temp/roary/gene_presence_absence.Rtab
    jobid: 15
    wildcards: TMP_D=.seq2geno_temp, gene_sorter=roary

[Fri Aug 31 11:30:25 2018]
Finished job 15.
20 of 144 steps (14%) done

[Fri Aug 31 11:30:25 2018]
rule sort_gene_family:
    input: .seq2geno_temp/roary/gene_presence_absence.csv, .seq2geno_temp/CH2500/spades/prokka/de_novo.ffn, .seq2geno_temp/CH2502/spades/prokka/de_novo.ffn, .seq2geno_temp/CH2522/spades/prokka/de_novo.ffn, .seq2geno_temp/F1659/spades/prokka/de_novo.ffn, .seq2geno_temp/ESP088/spades/prokka/de_novo.ffn, .seq2geno_temp/MHH15083/spades/prokka/de_novo.ffn
    output: .seq2geno_temp/extracted_proteins_nt/{*}.aln (dynamic)
    jobid: 101

Subsequent jobs will be added dynamically depending on the output of this job
Dynamically updating jobs
[Fri Aug 31 16:01:08 2018]
Finished job 101.
21 of 12109 steps (0.17%) done

[Fri Aug 31 16:01:10 2018]
rule load_reference:
    input: /net/metagenomics/data/from_moni/old.tzuhao/seq2geno/dev_versions/v5/data/reference/RefCln_UCBPP-PA14.fa
    output: /net/metagenomics/data/from_moni/old.tzuhao/seq2geno/dev_versions/v5/data/reference/RefCln_UCBPP-PA14.fa.fai, /net/metagenomics/data/from_moni/old.tzuhao/seq2geno/dev_versions/v5/data/reference/RefCln_UCBPP-PA14.fa.bwt, /net/metagenomics/data/from_moni/old.tzuhao/seq2geno/dev_versions/v5/data/reference/RefCln_UCBPP-PA14.fa.stidx, /net/metagenomics/data/from_moni/old.tzuhao/seq2geno/dev_versions/v5/data/reference/RefCln_UCBPP-PA14.fa.sthash
    jobid: 70

[Fri Aug 31 16:01:22 2018]
Finished job 70.
22 of 12109 steps (0.18%) done

[Fri Aug 31 16:01:23 2018]
rule rna_mapping_bwa:
    input: data/strains/rna/F1659.fastq.gz, /net/metagenomics/data/from_moni/old.tzuhao/seq2geno/dev_versions/v5/data/reference/RefCln_UCBPP-PA14.fa, /net/metagenomics/data/from_moni/old.tzuhao/seq2geno/dev_versions/v5/data/reference/RefCln_UCBPP-PA14.fa.stidx, /net/metagenomics/data/from_moni/old.tzuhao/seq2geno/dev_versions/v5/data/reference/RefCln_UCBPP-PA14.fa.sthash, /net/metagenomics/data/from_moni/old.tzuhao/seq2geno/dev_versions/v5/data/reference/RefCln_UCBPP-PA14.fa.bwt, /net/metagenomics/data/from_moni/old.tzuhao/seq2geno/dev_versions/v5/data/reference/RefCln_UCBPP-PA14.fa.fai
    output: .seq2geno_temp/F1659/bwa/rna.sai, .seq2geno_temp/F1659/bwa/rna.bam
    jobid: 139
    wildcards: TMP_D=.seq2geno_temp, strain=F1659

[Fri Aug 31 16:04:24 2018]
Finished job 139.
23 of 12109 steps (0.19%) done

[Fri Aug 31 16:04:25 2018]
rule for_expr_stampy_remapping:
    input: /net/metagenomics/data/from_moni/old.tzuhao/seq2geno/dev_versions/v5/data/reference/RefCln_UCBPP-PA14.fa.stidx, /net/metagenomics/data/from_moni/old.tzuhao/seq2geno/dev_versions/v5/data/reference/RefCln_UCBPP-PA14.fa.sthash, .seq2geno_temp/F1659/bwa/rna.bam
    output: .seq2geno_temp/F1659/stampy/rna.sam
    jobid: 127
    wildcards: TMP_D=.seq2geno_temp, strain=F1659

[Fri Aug 31 16:37:43 2018]
Finished job 127.
24 of 12109 steps (0.20%) done

[Fri Aug 31 16:37:44 2018]
rule rna_sam2bam:
    input: .seq2geno_temp/F1659/stampy/rna.sam
    output: .seq2geno_temp/F1659/stampy/rna.bam, .seq2geno_temp/F1659/rna_sorted.bam, .seq2geno_temp/F1659/rna_sorted.rmdup.sam, .seq2geno_temp/F1659/rna_sorted.rmdup.bam
    jobid: 96
    wildcards: TMP_D=.seq2geno_temp, strain=F1659

[Fri Aug 31 16:44:07 2018]
Finished job 96.
25 of 12109 steps (0.21%) done

[Fri Aug 31 16:44:07 2018]
rule convert_to_sin:
    input: .seq2geno_temp/F1659/rna_sorted.rmdup.sam
    output: .seq2geno_temp/F1659/rna_sorted.rmdup.sin
    jobid: 57
    wildcards: TMP_D=.seq2geno_temp, strain=F1659

[Fri Aug 31 16:44:30 2018]
Finished job 57.
26 of 12109 steps (0.21%) done

[Fri Aug 31 16:44:30 2018]
rule gene_counts:
    input: .seq2geno_temp/F1659/rna_sorted.rmdup.sin
    output: .seq2geno_temp/F1659/rna_sorted.rmdup.rpg
    jobid: 19
    wildcards: TMP_D=.seq2geno_temp, strain=F1659

[Fri Aug 31 16:44:38 2018]
Finished job 19.
27 of 12109 steps (0.22%) done

[Fri Aug 31 16:44:39 2018]
rule rna_mapping_bwa:
    input: data/strains/rna/CH2522.fastq.gz, /net/metagenomics/data/from_moni/old.tzuhao/seq2geno/dev_versions/v5/data/reference/RefCln_UCBPP-PA14.fa, /net/metagenomics/data/from_moni/old.tzuhao/seq2geno/dev_versions/v5/data/reference/RefCln_UCBPP-PA14.fa.stidx, /net/metagenomics/data/from_moni/old.tzuhao/seq2geno/dev_versions/v5/data/reference/RefCln_UCBPP-PA14.fa.sthash, /net/metagenomics/data/from_moni/old.tzuhao/seq2geno/dev_versions/v5/data/reference/RefCln_UCBPP-PA14.fa.bwt, /net/metagenomics/data/from_moni/old.tzuhao/seq2geno/dev_versions/v5/data/reference/RefCln_UCBPP-PA14.fa.fai
    output: .seq2geno_temp/CH2522/bwa/rna.sai, .seq2geno_temp/CH2522/bwa/rna.bam
    jobid: 140
    wildcards: TMP_D=.seq2geno_temp, strain=CH2522

[Fri Aug 31 16:47:20 2018]
Finished job 140.
28 of 12109 steps (0.23%) done

[Fri Aug 31 16:47:20 2018]
rule for_expr_stampy_remapping:
    input: /net/metagenomics/data/from_moni/old.tzuhao/seq2geno/dev_versions/v5/data/reference/RefCln_UCBPP-PA14.fa.stidx, /net/metagenomics/data/from_moni/old.tzuhao/seq2geno/dev_versions/v5/data/reference/RefCln_UCBPP-PA14.fa.sthash, .seq2geno_temp/CH2522/bwa/rna.bam
    output: .seq2geno_temp/CH2522/stampy/rna.sam
    jobid: 128
    wildcards: TMP_D=.seq2geno_temp, strain=CH2522

[Fri Aug 31 17:15:47 2018]
Finished job 128.
29 of 12109 steps (0.24%) done

[Fri Aug 31 17:15:48 2018]
rule rna_sam2bam:
    input: .seq2geno_temp/CH2522/stampy/rna.sam
    output: .seq2geno_temp/CH2522/stampy/rna.bam, .seq2geno_temp/CH2522/rna_sorted.bam, .seq2geno_temp/CH2522/rna_sorted.rmdup.sam, .seq2geno_temp/CH2522/rna_sorted.rmdup.bam
    jobid: 97
    wildcards: TMP_D=.seq2geno_temp, strain=CH2522

[Fri Aug 31 17:20:51 2018]
Finished job 97.
30 of 12109 steps (0.25%) done

[Fri Aug 31 17:20:51 2018]
rule convert_to_sin:
    input: .seq2geno_temp/CH2522/rna_sorted.rmdup.sam
    output: .seq2geno_temp/CH2522/rna_sorted.rmdup.sin
    jobid: 58
    wildcards: TMP_D=.seq2geno_temp, strain=CH2522

[Fri Aug 31 17:21:06 2018]
Finished job 58.
31 of 12109 steps (0.26%) done

[Fri Aug 31 17:21:06 2018]
rule rna_mapping_bwa:
    input: data/strains/rna/CH2502.fastq.gz, /net/metagenomics/data/from_moni/old.tzuhao/seq2geno/dev_versions/v5/data/reference/RefCln_UCBPP-PA14.fa, /net/metagenomics/data/from_moni/old.tzuhao/seq2geno/dev_versions/v5/data/reference/RefCln_UCBPP-PA14.fa.stidx, /net/metagenomics/data/from_moni/old.tzuhao/seq2geno/dev_versions/v5/data/reference/RefCln_UCBPP-PA14.fa.sthash, /net/metagenomics/data/from_moni/old.tzuhao/seq2geno/dev_versions/v5/data/reference/RefCln_UCBPP-PA14.fa.bwt, /net/metagenomics/data/from_moni/old.tzuhao/seq2geno/dev_versions/v5/data/reference/RefCln_UCBPP-PA14.fa.fai
    output: .seq2geno_temp/CH2502/bwa/rna.sai, .seq2geno_temp/CH2502/bwa/rna.bam
    jobid: 143
    wildcards: TMP_D=.seq2geno_temp, strain=CH2502

[Fri Aug 31 17:23:18 2018]
Finished job 143.
32 of 12109 steps (0.26%) done

[Fri Aug 31 17:23:19 2018]
rule for_expr_stampy_remapping:
    input: /net/metagenomics/data/from_moni/old.tzuhao/seq2geno/dev_versions/v5/data/reference/RefCln_UCBPP-PA14.fa.stidx, /net/metagenomics/data/from_moni/old.tzuhao/seq2geno/dev_versions/v5/data/reference/RefCln_UCBPP-PA14.fa.sthash, .seq2geno_temp/CH2502/bwa/rna.bam
    output: .seq2geno_temp/CH2502/stampy/rna.sam
    jobid: 131
    wildcards: TMP_D=.seq2geno_temp, strain=CH2502

[Fri Aug 31 17:45:40 2018]
Finished job 131.
33 of 12109 steps (0.27%) done

[Fri Aug 31 17:45:41 2018]
rule rna_sam2bam:
    input: .seq2geno_temp/CH2502/stampy/rna.sam
    output: .seq2geno_temp/CH2502/stampy/rna.bam, .seq2geno_temp/CH2502/rna_sorted.bam, .seq2geno_temp/CH2502/rna_sorted.rmdup.sam, .seq2geno_temp/CH2502/rna_sorted.rmdup.bam
    jobid: 100
    wildcards: TMP_D=.seq2geno_temp, strain=CH2502

[Fri Aug 31 17:49:52 2018]
Finished job 100.
34 of 12109 steps (0.28%) done

[Fri Aug 31 17:49:52 2018]
rule convert_to_sin:
    input: .seq2geno_temp/CH2502/rna_sorted.rmdup.sam
    output: .seq2geno_temp/CH2502/rna_sorted.rmdup.sin
    jobid: 61
    wildcards: TMP_D=.seq2geno_temp, strain=CH2502

[Fri Aug 31 17:50:05 2018]
Finished job 61.
35 of 12109 steps (0.29%) done

[Fri Aug 31 17:50:06 2018]
rule rna_mapping_bwa:
    input: data/strains/rna/MHH15083.fastq.gz, /net/metagenomics/data/from_moni/old.tzuhao/seq2geno/dev_versions/v5/data/reference/RefCln_UCBPP-PA14.fa, /net/metagenomics/data/from_moni/old.tzuhao/seq2geno/dev_versions/v5/data/reference/RefCln_UCBPP-PA14.fa.stidx, /net/metagenomics/data/from_moni/old.tzuhao/seq2geno/dev_versions/v5/data/reference/RefCln_UCBPP-PA14.fa.sthash, /net/metagenomics/data/from_moni/old.tzuhao/seq2geno/dev_versions/v5/data/reference/RefCln_UCBPP-PA14.fa.bwt, /net/metagenomics/data/from_moni/old.tzuhao/seq2geno/dev_versions/v5/data/reference/RefCln_UCBPP-PA14.fa.fai
    output: .seq2geno_temp/MHH15083/bwa/rna.sai, .seq2geno_temp/MHH15083/bwa/rna.bam
    jobid: 142
    wildcards: TMP_D=.seq2geno_temp, strain=MHH15083

[Fri Aug 31 17:52:12 2018]
Finished job 142.
36 of 12109 steps (0.30%) done

[Fri Aug 31 17:52:12 2018]
rule for_expr_stampy_remapping:
    input: /net/metagenomics/data/from_moni/old.tzuhao/seq2geno/dev_versions/v5/data/reference/RefCln_UCBPP-PA14.fa.stidx, /net/metagenomics/data/from_moni/old.tzuhao/seq2geno/dev_versions/v5/data/reference/RefCln_UCBPP-PA14.fa.sthash, .seq2geno_temp/MHH15083/bwa/rna.bam
    output: .seq2geno_temp/MHH15083/stampy/rna.sam
    jobid: 130
    wildcards: TMP_D=.seq2geno_temp, strain=MHH15083

[Fri Aug 31 18:14:42 2018]
Finished job 130.
37 of 12109 steps (0.31%) done

[Fri Aug 31 18:14:42 2018]
rule rna_sam2bam:
    input: .seq2geno_temp/MHH15083/stampy/rna.sam
    output: .seq2geno_temp/MHH15083/stampy/rna.bam, .seq2geno_temp/MHH15083/rna_sorted.bam, .seq2geno_temp/MHH15083/rna_sorted.rmdup.sam, .seq2geno_temp/MHH15083/rna_sorted.rmdup.bam
    jobid: 99
    wildcards: TMP_D=.seq2geno_temp, strain=MHH15083

[Fri Aug 31 18:18:52 2018]
Finished job 99.
38 of 12109 steps (0.31%) done

[Fri Aug 31 18:18:53 2018]
rule convert_to_sin:
    input: .seq2geno_temp/MHH15083/rna_sorted.rmdup.sam
    output: .seq2geno_temp/MHH15083/rna_sorted.rmdup.sin
    jobid: 60
    wildcards: TMP_D=.seq2geno_temp, strain=MHH15083

[Fri Aug 31 18:19:07 2018]
Finished job 60.
39 of 12109 steps (0.32%) done

[Fri Aug 31 18:19:07 2018]
rule rna_mapping_bwa:
    input: data/strains/rna/CH2500.fastq.gz, /net/metagenomics/data/from_moni/old.tzuhao/seq2geno/dev_versions/v5/data/reference/RefCln_UCBPP-PA14.fa, /net/metagenomics/data/from_moni/old.tzuhao/seq2geno/dev_versions/v5/data/reference/RefCln_UCBPP-PA14.fa.stidx, /net/metagenomics/data/from_moni/old.tzuhao/seq2geno/dev_versions/v5/data/reference/RefCln_UCBPP-PA14.fa.sthash, /net/metagenomics/data/from_moni/old.tzuhao/seq2geno/dev_versions/v5/data/reference/RefCln_UCBPP-PA14.fa.bwt, /net/metagenomics/data/from_moni/old.tzuhao/seq2geno/dev_versions/v5/data/reference/RefCln_UCBPP-PA14.fa.fai
    output: .seq2geno_temp/CH2500/bwa/rna.sai, .seq2geno_temp/CH2500/bwa/rna.bam
    jobid: 141
    wildcards: TMP_D=.seq2geno_temp, strain=CH2500

[Fri Aug 31 18:20:34 2018]
Finished job 141.
40 of 12109 steps (0.33%) done

[Fri Aug 31 18:20:35 2018]
rule for_expr_stampy_remapping:
    input: /net/metagenomics/data/from_moni/old.tzuhao/seq2geno/dev_versions/v5/data/reference/RefCln_UCBPP-PA14.fa.stidx, /net/metagenomics/data/from_moni/old.tzuhao/seq2geno/dev_versions/v5/data/reference/RefCln_UCBPP-PA14.fa.sthash, .seq2geno_temp/CH2500/bwa/rna.bam
    output: .seq2geno_temp/CH2500/stampy/rna.sam
    jobid: 129
    wildcards: TMP_D=.seq2geno_temp, strain=CH2500

[Fri Aug 31 18:35:19 2018]
Finished job 129.
41 of 12109 steps (0.34%) done

[Fri Aug 31 18:35:19 2018]
rule rna_sam2bam:
    input: .seq2geno_temp/CH2500/stampy/rna.sam
    output: .seq2geno_temp/CH2500/stampy/rna.bam, .seq2geno_temp/CH2500/rna_sorted.bam, .seq2geno_temp/CH2500/rna_sorted.rmdup.sam, .seq2geno_temp/CH2500/rna_sorted.rmdup.bam
    jobid: 98
    wildcards: TMP_D=.seq2geno_temp, strain=CH2500

[Fri Aug 31 18:38:09 2018]
Finished job 98.
42 of 12109 steps (0.35%) done

[Fri Aug 31 18:38:09 2018]
rule convert_to_sin:
    input: .seq2geno_temp/CH2500/rna_sorted.rmdup.sam
    output: .seq2geno_temp/CH2500/rna_sorted.rmdup.sin
    jobid: 59
    wildcards: TMP_D=.seq2geno_temp, strain=CH2500

[Fri Aug 31 18:38:20 2018]
Finished job 59.
43 of 12109 steps (0.36%) done

[Fri Aug 31 18:38:21 2018]
rule rna_mapping_bwa:
    input: data/strains/rna/ESP088.fastq.gz, /net/metagenomics/data/from_moni/old.tzuhao/seq2geno/dev_versions/v5/data/reference/RefCln_UCBPP-PA14.fa, /net/metagenomics/data/from_moni/old.tzuhao/seq2geno/dev_versions/v5/data/reference/RefCln_UCBPP-PA14.fa.stidx, /net/metagenomics/data/from_moni/old.tzuhao/seq2geno/dev_versions/v5/data/reference/RefCln_UCBPP-PA14.fa.sthash, /net/metagenomics/data/from_moni/old.tzuhao/seq2geno/dev_versions/v5/data/reference/RefCln_UCBPP-PA14.fa.bwt, /net/metagenomics/data/from_moni/old.tzuhao/seq2geno/dev_versions/v5/data/reference/RefCln_UCBPP-PA14.fa.fai
    output: .seq2geno_temp/ESP088/bwa/rna.sai, .seq2geno_temp/ESP088/bwa/rna.bam
    jobid: 138
    wildcards: TMP_D=.seq2geno_temp, strain=ESP088

[Fri Aug 31 18:39:35 2018]
Finished job 138.
44 of 12109 steps (0.36%) done

[Fri Aug 31 18:39:35 2018]
rule for_expr_stampy_remapping:
    input: /net/metagenomics/data/from_moni/old.tzuhao/seq2geno/dev_versions/v5/data/reference/RefCln_UCBPP-PA14.fa.stidx, /net/metagenomics/data/from_moni/old.tzuhao/seq2geno/dev_versions/v5/data/reference/RefCln_UCBPP-PA14.fa.sthash, .seq2geno_temp/ESP088/bwa/rna.bam
    output: .seq2geno_temp/ESP088/stampy/rna.sam
    jobid: 126
    wildcards: TMP_D=.seq2geno_temp, strain=ESP088

[Fri Aug 31 18:53:16 2018]
Finished job 126.
45 of 12109 steps (0.37%) done

[Fri Aug 31 18:53:16 2018]
rule rna_sam2bam:
    input: .seq2geno_temp/ESP088/stampy/rna.sam
    output: .seq2geno_temp/ESP088/stampy/rna.bam, .seq2geno_temp/ESP088/rna_sorted.bam, .seq2geno_temp/ESP088/rna_sorted.rmdup.sam, .seq2geno_temp/ESP088/rna_sorted.rmdup.bam
    jobid: 95
    wildcards: TMP_D=.seq2geno_temp, strain=ESP088

[Fri Aug 31 18:55:50 2018]
Finished job 95.
46 of 12109 steps (0.38%) done

[Fri Aug 31 18:55:50 2018]
rule convert_to_sin:
    input: .seq2geno_temp/ESP088/rna_sorted.rmdup.sam
    output: .seq2geno_temp/ESP088/rna_sorted.rmdup.sin
    jobid: 56
    wildcards: TMP_D=.seq2geno_temp, strain=ESP088

[Fri Aug 31 18:56:01 2018]
Finished job 56.
47 of 12109 steps (0.39%) done

[Fri Aug 31 18:56:01 2018]
rule gene_counts:
    input: .seq2geno_temp/CH2522/rna_sorted.rmdup.sin
    output: .seq2geno_temp/CH2522/rna_sorted.rmdup.rpg
    jobid: 20
    wildcards: TMP_D=.seq2geno_temp, strain=CH2522

[Fri Aug 31 18:56:09 2018]
Finished job 20.
48 of 12109 steps (0.40%) done

[Fri Aug 31 18:56:10 2018]
rule gene_counts:
    input: .seq2geno_temp/MHH15083/rna_sorted.rmdup.sin
    output: .seq2geno_temp/MHH15083/rna_sorted.rmdup.rpg
    jobid: 22
    wildcards: TMP_D=.seq2geno_temp, strain=MHH15083

[Fri Aug 31 18:56:17 2018]
Finished job 22.
49 of 12109 steps (0.40%) done

[Fri Aug 31 18:56:18 2018]
rule gene_counts:
    input: .seq2geno_temp/CH2502/rna_sorted.rmdup.sin
    output: .seq2geno_temp/CH2502/rna_sorted.rmdup.rpg
    jobid: 23
    wildcards: TMP_D=.seq2geno_temp, strain=CH2502

[Fri Aug 31 18:56:25 2018]
Finished job 23.
50 of 12109 steps (0.41%) done

[Fri Aug 31 18:56:26 2018]
rule gene_counts:
    input: .seq2geno_temp/CH2500/rna_sorted.rmdup.sin
    output: .seq2geno_temp/CH2500/rna_sorted.rmdup.rpg
    jobid: 21
    wildcards: TMP_D=.seq2geno_temp, strain=CH2500

[Fri Aug 31 18:56:33 2018]
Finished job 21.
51 of 12109 steps (0.42%) done

[Fri Aug 31 18:56:33 2018]
rule gene_counts:
    input: .seq2geno_temp/ESP088/rna_sorted.rmdup.sin
    output: .seq2geno_temp/ESP088/rna_sorted.rmdup.rpg
    jobid: 18
    wildcards: TMP_D=.seq2geno_temp, strain=ESP088

[Fri Aug 31 18:56:40 2018]
Finished job 18.
52 of 12109 steps (0.43%) done

[Fri Aug 31 18:56:40 2018]
rule for_tab_paired_read_bwa_mapping:
    input: data/strains/dna/F1659_1.fq.gz, data/strains/dna/F1659_2.fq.gz, /net/metagenomics/data/from_moni/old.tzuhao/seq2geno/dev_versions/v5/data/reference/RefCln_UCBPP-PA14.fa, /net/metagenomics/data/from_moni/old.tzuhao/seq2geno/dev_versions/v5/data/reference/RefCln_UCBPP-PA14.fa.fai, /net/metagenomics/data/from_moni/old.tzuhao/seq2geno/dev_versions/v5/data/reference/RefCln_UCBPP-PA14.fa.bwt
    output: .seq2geno_temp/F1659/bwa/dna1.bwa.sai, .seq2geno_temp/F1659/bwa/dna2.bwa.sai, .seq2geno_temp/F1659/bwa/dna.bwa.bam
    jobid: 111
    wildcards: TMP_D=.seq2geno_temp, strain=F1659, mapper=bwa

[Fri Aug 31 18:57:44 2018]
Finished job 111.
53 of 12109 steps (0.44%) done

[Fri Aug 31 18:57:45 2018]
rule for_tab_stampy_remapping:
    input: /net/metagenomics/data/from_moni/old.tzuhao/seq2geno/dev_versions/v5/data/reference/RefCln_UCBPP-PA14.fa.stidx, /net/metagenomics/data/from_moni/old.tzuhao/seq2geno/dev_versions/v5/data/reference/RefCln_UCBPP-PA14.fa.sthash, .seq2geno_temp/F1659/bwa/dna.bwa.bam
    output: .seq2geno_temp/F1659/bwa/st_paired.sam
    jobid: 73
    wildcards: TMP_D=.seq2geno_temp, strain=F1659, mapper=bwa

[Fri Aug 31 19:03:50 2018]
Finished job 73.
54 of 12109 steps (0.45%) done

[Fri Aug 31 19:03:50 2018]
rule compute_flatcounts:
    input: .seq2geno_temp/F1659/bwa/st_paired.sam
    output: .seq2geno_temp/F1659/bwa/st_variant.fltcnt, .seq2geno_temp/F1659/bwa/st_variant.sin, .seq2geno_temp/F1659/bwa/st_variant.art
    jobid: 38
    wildcards: TMP_D=.seq2geno_temp, strain=F1659, mapper=bwa

[Fri Aug 31 19:05:29 2018]
Finished job 38.
55 of 12109 steps (0.45%) done

[Fri Aug 31 19:05:30 2018]
rule for_tab_sam2bam:
    input: .seq2geno_temp/F1659/bwa/st_paired.sam
    output: .seq2geno_temp/F1659/bwa/st_paired.bam
    jobid: 118
    wildcards: TMP_D=.seq2geno_temp, strain=F1659, mapper=bwa

[Fri Aug 31 19:05:47 2018]
Finished job 118.
56 of 12109 steps (0.46%) done

[Fri Aug 31 19:05:47 2018]
rule for_tab_sort_bam:
    input: .seq2geno_temp/F1659/bwa/st_paired.bam
    output: .seq2geno_temp/F1659/bwa/st_sorted.bam, .seq2geno_temp/F1659/bwa/st_sorted.bam.bai
    jobid: 80
    wildcards: TMP_D=.seq2geno_temp, strain=F1659, mapper=bwa

[Fri Aug 31 19:08:16 2018]
Finished job 80.
57 of 12109 steps (0.47%) done

[Fri Aug 31 19:08:16 2018]
rule for_tab_create_vcf:
    input: /net/metagenomics/data/from_moni/old.tzuhao/seq2geno/dev_versions/v5/data/reference/RefCln_UCBPP-PA14.fa, /net/metagenomics/data/from_moni/old.tzuhao/seq2geno/dev_versions/v5/data/reference/RefCln_UCBPP-PA14.fa.fai, .seq2geno_temp/F1659/bwa/st_sorted.bam, .seq2geno_temp/F1659/bwa/st_sorted.bam.bai
    output: .seq2geno_temp/F1659/bwa/st_vcf.bcf, .seq2geno_temp/F1659/bwa/st_variant.snp-vcf
    jobid: 47
    wildcards: TMP_D=.seq2geno_temp, strain=F1659, mapper=bwa

[Fri Aug 31 19:20:48 2018]
Finished job 47.
58 of 12109 steps (0.48%) done

[Fri Aug 31 19:20:49 2018]
rule for_tab_paired_read_bwa_mapping:
    input: data/strains/dna/MHH15083_1.fq.gz, data/strains/dna/MHH15083_2.fq.gz, /net/metagenomics/data/from_moni/old.tzuhao/seq2geno/dev_versions/v5/data/reference/RefCln_UCBPP-PA14.fa, /net/metagenomics/data/from_moni/old.tzuhao/seq2geno/dev_versions/v5/data/reference/RefCln_UCBPP-PA14.fa.fai, /net/metagenomics/data/from_moni/old.tzuhao/seq2geno/dev_versions/v5/data/reference/RefCln_UCBPP-PA14.fa.bwt
    output: .seq2geno_temp/MHH15083/bwa/dna1.bwa.sai, .seq2geno_temp/MHH15083/bwa/dna2.bwa.sai, .seq2geno_temp/MHH15083/bwa/dna.bwa.bam
    jobid: 119
    wildcards: TMP_D=.seq2geno_temp, strain=MHH15083, mapper=bwa

[Fri Aug 31 19:21:49 2018]
Finished job 119.
59 of 12109 steps (0.49%) done

[Fri Aug 31 19:21:49 2018]
rule for_tab_stampy_remapping:
    input: /net/metagenomics/data/from_moni/old.tzuhao/seq2geno/dev_versions/v5/data/reference/RefCln_UCBPP-PA14.fa.stidx, /net/metagenomics/data/from_moni/old.tzuhao/seq2geno/dev_versions/v5/data/reference/RefCln_UCBPP-PA14.fa.sthash, .seq2geno_temp/MHH15083/bwa/dna.bwa.bam
    output: .seq2geno_temp/MHH15083/bwa/st_paired.sam
    jobid: 81
    wildcards: TMP_D=.seq2geno_temp, strain=MHH15083, mapper=bwa

[Fri Aug 31 19:26:43 2018]
Finished job 81.
60 of 12109 steps (0.50%) done

[Fri Aug 31 19:26:43 2018]
rule compute_flatcounts:
    input: .seq2geno_temp/MHH15083/bwa/st_paired.sam
    output: .seq2geno_temp/MHH15083/bwa/st_variant.fltcnt, .seq2geno_temp/MHH15083/bwa/st_variant.sin, .seq2geno_temp/MHH15083/bwa/st_variant.art
    jobid: 49
    wildcards: TMP_D=.seq2geno_temp, strain=MHH15083, mapper=bwa

[Fri Aug 31 19:28:26 2018]
Finished job 49.
61 of 12109 steps (0.50%) done

[Fri Aug 31 19:28:26 2018]
rule for_tab_sam2bam:
    input: .seq2geno_temp/MHH15083/bwa/st_paired.sam
    output: .seq2geno_temp/MHH15083/bwa/st_paired.bam
    jobid: 116
    wildcards: TMP_D=.seq2geno_temp, strain=MHH15083, mapper=bwa

[Fri Aug 31 19:28:43 2018]
Finished job 116.
62 of 12109 steps (0.51%) done

[Fri Aug 31 19:28:43 2018]
rule for_tab_sort_bam:
    input: .seq2geno_temp/MHH15083/bwa/st_paired.bam
    output: .seq2geno_temp/MHH15083/bwa/st_sorted.bam, .seq2geno_temp/MHH15083/bwa/st_sorted.bam.bai
    jobid: 78
    wildcards: TMP_D=.seq2geno_temp, strain=MHH15083, mapper=bwa

[Fri Aug 31 19:31:04 2018]
Finished job 78.
63 of 12109 steps (0.52%) done

[Fri Aug 31 19:31:04 2018]
rule for_tab_create_vcf:
    input: /net/metagenomics/data/from_moni/old.tzuhao/seq2geno/dev_versions/v5/data/reference/RefCln_UCBPP-PA14.fa, /net/metagenomics/data/from_moni/old.tzuhao/seq2geno/dev_versions/v5/data/reference/RefCln_UCBPP-PA14.fa.fai, .seq2geno_temp/MHH15083/bwa/st_sorted.bam, .seq2geno_temp/MHH15083/bwa/st_sorted.bam.bai
    output: .seq2geno_temp/MHH15083/bwa/st_vcf.bcf, .seq2geno_temp/MHH15083/bwa/st_variant.snp-vcf
    jobid: 45
    wildcards: TMP_D=.seq2geno_temp, strain=MHH15083, mapper=bwa

[Fri Aug 31 19:41:58 2018]
Finished job 45.
64 of 12109 steps (0.53%) done

[Fri Aug 31 19:41:59 2018]
rule for_tab_copy_files:
    input: .seq2geno_temp/MHH15083/bwa/st_variant.fltcnt, .seq2geno_temp/MHH15083/bwa/st_variant.snp-vcf
    output: MHH15083.flatcount, MHH15083.flt.vcf
    jobid: 42
    wildcards: strain=MHH15083

Warning: the following output files of rule for_tab_copy_files were not present when the DAG was created:
{'MHH15083.flt.vcf'}
[Fri Aug 31 19:41:59 2018]
Finished job 42.
65 of 12109 steps (0.54%) done

[Fri Aug 31 19:41:59 2018]
rule for_tab_paired_read_bwa_mapping:
    input: data/strains/dna/ESP088_1.fq.gz, data/strains/dna/ESP088_2.fq.gz, /net/metagenomics/data/from_moni/old.tzuhao/seq2geno/dev_versions/v5/data/reference/RefCln_UCBPP-PA14.fa, /net/metagenomics/data/from_moni/old.tzuhao/seq2geno/dev_versions/v5/data/reference/RefCln_UCBPP-PA14.fa.fai, /net/metagenomics/data/from_moni/old.tzuhao/seq2geno/dev_versions/v5/data/reference/RefCln_UCBPP-PA14.fa.bwt
    output: .seq2geno_temp/ESP088/bwa/dna1.bwa.sai, .seq2geno_temp/ESP088/bwa/dna2.bwa.sai, .seq2geno_temp/ESP088/bwa/dna.bwa.bam
    jobid: 113
    wildcards: TMP_D=.seq2geno_temp, strain=ESP088, mapper=bwa

[Fri Aug 31 19:42:41 2018]
Finished job 113.
66 of 12109 steps (0.55%) done

[Fri Aug 31 19:42:42 2018]
rule for_tab_stampy_remapping:
    input: /net/metagenomics/data/from_moni/old.tzuhao/seq2geno/dev_versions/v5/data/reference/RefCln_UCBPP-PA14.fa.stidx, /net/metagenomics/data/from_moni/old.tzuhao/seq2geno/dev_versions/v5/data/reference/RefCln_UCBPP-PA14.fa.sthash, .seq2geno_temp/ESP088/bwa/dna.bwa.bam
    output: .seq2geno_temp/ESP088/bwa/st_paired.sam
    jobid: 75
    wildcards: TMP_D=.seq2geno_temp, strain=ESP088, mapper=bwa

[Fri Aug 31 19:46:28 2018]
Finished job 75.
67 of 12109 steps (0.55%) done

[Fri Aug 31 19:46:28 2018]
rule for_tab_sam2bam:
    input: .seq2geno_temp/ESP088/bwa/st_paired.sam
    output: .seq2geno_temp/ESP088/bwa/st_paired.bam
    jobid: 114
    wildcards: TMP_D=.seq2geno_temp, strain=ESP088, mapper=bwa

[Fri Aug 31 19:46:39 2018]
Finished job 114.
68 of 12109 steps (0.56%) done

[Fri Aug 31 19:46:39 2018]
rule compute_flatcounts:
    input: .seq2geno_temp/ESP088/bwa/st_paired.sam
    output: .seq2geno_temp/ESP088/bwa/st_variant.fltcnt, .seq2geno_temp/ESP088/bwa/st_variant.sin, .seq2geno_temp/ESP088/bwa/st_variant.art
    jobid: 41
    wildcards: TMP_D=.seq2geno_temp, strain=ESP088, mapper=bwa

[Fri Aug 31 19:47:55 2018]
Finished job 41.
69 of 12109 steps (0.57%) done

[Fri Aug 31 19:47:56 2018]
rule for_tab_sort_bam:
    input: .seq2geno_temp/ESP088/bwa/st_paired.bam
    output: .seq2geno_temp/ESP088/bwa/st_sorted.bam, .seq2geno_temp/ESP088/bwa/st_sorted.bam.bai
    jobid: 76
    wildcards: TMP_D=.seq2geno_temp, strain=ESP088, mapper=bwa

[Fri Aug 31 19:49:30 2018]
Finished job 76.
70 of 12109 steps (0.58%) done

[Fri Aug 31 19:49:30 2018]
rule for_tab_create_vcf:
    input: /net/metagenomics/data/from_moni/old.tzuhao/seq2geno/dev_versions/v5/data/reference/RefCln_UCBPP-PA14.fa, /net/metagenomics/data/from_moni/old.tzuhao/seq2geno/dev_versions/v5/data/reference/RefCln_UCBPP-PA14.fa.fai, .seq2geno_temp/ESP088/bwa/st_sorted.bam, .seq2geno_temp/ESP088/bwa/st_sorted.bam.bai
    output: .seq2geno_temp/ESP088/bwa/st_vcf.bcf, .seq2geno_temp/ESP088/bwa/st_variant.snp-vcf
    jobid: 43
    wildcards: TMP_D=.seq2geno_temp, strain=ESP088, mapper=bwa

[Fri Aug 31 19:55:31 2018]
Finished job 43.
71 of 12109 steps (0.59%) done

[Fri Aug 31 19:55:31 2018]
rule for_tab_copy_files:
    input: .seq2geno_temp/ESP088/bwa/st_variant.fltcnt, .seq2geno_temp/ESP088/bwa/st_variant.snp-vcf
    output: ESP088.flatcount, ESP088.flt.vcf
    jobid: 39
    wildcards: strain=ESP088

Warning: the following output files of rule for_tab_copy_files were not present when the DAG was created:
{'ESP088.flt.vcf'}
[Fri Aug 31 19:55:31 2018]
Finished job 39.
72 of 12109 steps (0.59%) done

[Fri Aug 31 19:55:32 2018]
rule for_tab_paired_read_bwa_mapping:
    input: data/strains/dna/CH2500_1.fq.gz, data/strains/dna/CH2500_2.fq.gz, /net/metagenomics/data/from_moni/old.tzuhao/seq2geno/dev_versions/v5/data/reference/RefCln_UCBPP-PA14.fa, /net/metagenomics/data/from_moni/old.tzuhao/seq2geno/dev_versions/v5/data/reference/RefCln_UCBPP-PA14.fa.fai, /net/metagenomics/data/from_moni/old.tzuhao/seq2geno/dev_versions/v5/data/reference/RefCln_UCBPP-PA14.fa.bwt
    output: .seq2geno_temp/CH2500/bwa/dna1.bwa.sai, .seq2geno_temp/CH2500/bwa/dna2.bwa.sai, .seq2geno_temp/CH2500/bwa/dna.bwa.bam
    jobid: 117
    wildcards: TMP_D=.seq2geno_temp, strain=CH2500, mapper=bwa

[Fri Aug 31 19:56:12 2018]
Finished job 117.
73 of 12109 steps (0.60%) done

[Fri Aug 31 19:56:12 2018]
rule for_tab_stampy_remapping:
    input: /net/metagenomics/data/from_moni/old.tzuhao/seq2geno/dev_versions/v5/data/reference/RefCln_UCBPP-PA14.fa.stidx, /net/metagenomics/data/from_moni/old.tzuhao/seq2geno/dev_versions/v5/data/reference/RefCln_UCBPP-PA14.fa.sthash, .seq2geno_temp/CH2500/bwa/dna.bwa.bam
    output: .seq2geno_temp/CH2500/bwa/st_paired.sam
    jobid: 79
    wildcards: TMP_D=.seq2geno_temp, strain=CH2500, mapper=bwa

[Fri Aug 31 19:59:34 2018]
Finished job 79.
74 of 12109 steps (0.61%) done

[Fri Aug 31 19:59:34 2018]
rule for_tab_sam2bam:
    input: .seq2geno_temp/CH2500/bwa/st_paired.sam
    output: .seq2geno_temp/CH2500/bwa/st_paired.bam
    jobid: 110
    wildcards: TMP_D=.seq2geno_temp, strain=CH2500, mapper=bwa

[Fri Aug 31 19:59:43 2018]
Finished job 110.
75 of 12109 steps (0.62%) done

[Fri Aug 31 19:59:43 2018]
rule compute_flatcounts:
    input: .seq2geno_temp/CH2500/bwa/st_paired.sam
    output: .seq2geno_temp/CH2500/bwa/st_variant.fltcnt, .seq2geno_temp/CH2500/bwa/st_variant.sin, .seq2geno_temp/CH2500/bwa/st_variant.art
    jobid: 46
    wildcards: TMP_D=.seq2geno_temp, strain=CH2500, mapper=bwa

[Fri Aug 31 20:00:51 2018]
Finished job 46.
76 of 12109 steps (0.63%) done

[Fri Aug 31 20:00:51 2018]
rule for_tab_sort_bam:
    input: .seq2geno_temp/CH2500/bwa/st_paired.bam
    output: .seq2geno_temp/CH2500/bwa/st_sorted.bam, .seq2geno_temp/CH2500/bwa/st_sorted.bam.bai
    jobid: 72
    wildcards: TMP_D=.seq2geno_temp, strain=CH2500, mapper=bwa

[Fri Aug 31 20:01:57 2018]
Finished job 72.
77 of 12109 steps (0.64%) done

[Fri Aug 31 20:01:57 2018]
rule for_tab_create_vcf:
    input: /net/metagenomics/data/from_moni/old.tzuhao/seq2geno/dev_versions/v5/data/reference/RefCln_UCBPP-PA14.fa, /net/metagenomics/data/from_moni/old.tzuhao/seq2geno/dev_versions/v5/data/reference/RefCln_UCBPP-PA14.fa.fai, .seq2geno_temp/CH2500/bwa/st_sorted.bam, .seq2geno_temp/CH2500/bwa/st_sorted.bam.bai
    output: .seq2geno_temp/CH2500/bwa/st_vcf.bcf, .seq2geno_temp/CH2500/bwa/st_variant.snp-vcf
    jobid: 37
    wildcards: TMP_D=.seq2geno_temp, strain=CH2500, mapper=bwa

[Fri Aug 31 20:07:53 2018]
Finished job 37.
78 of 12109 steps (0.64%) done

[Fri Aug 31 20:07:54 2018]
rule for_tab_paired_read_bwa_mapping:
    input: data/strains/dna/CH2522_1.fq.gz, data/strains/dna/CH2522_2.fq.gz, /net/metagenomics/data/from_moni/old.tzuhao/seq2geno/dev_versions/v5/data/reference/RefCln_UCBPP-PA14.fa, /net/metagenomics/data/from_moni/old.tzuhao/seq2geno/dev_versions/v5/data/reference/RefCln_UCBPP-PA14.fa.fai, /net/metagenomics/data/from_moni/old.tzuhao/seq2geno/dev_versions/v5/data/reference/RefCln_UCBPP-PA14.fa.bwt
    output: .seq2geno_temp/CH2522/bwa/dna1.bwa.sai, .seq2geno_temp/CH2522/bwa/dna2.bwa.sai, .seq2geno_temp/CH2522/bwa/dna.bwa.bam
    jobid: 112
    wildcards: TMP_D=.seq2geno_temp, strain=CH2522, mapper=bwa

[Fri Aug 31 20:08:37 2018]
Finished job 112.
79 of 12109 steps (0.65%) done

[Fri Aug 31 20:08:38 2018]
rule for_tab_stampy_remapping:
    input: /net/metagenomics/data/from_moni/old.tzuhao/seq2geno/dev_versions/v5/data/reference/RefCln_UCBPP-PA14.fa.stidx, /net/metagenomics/data/from_moni/old.tzuhao/seq2geno/dev_versions/v5/data/reference/RefCln_UCBPP-PA14.fa.sthash, .seq2geno_temp/CH2522/bwa/dna.bwa.bam
    output: .seq2geno_temp/CH2522/bwa/st_paired.sam
    jobid: 74
    wildcards: TMP_D=.seq2geno_temp, strain=CH2522, mapper=bwa

[Fri Aug 31 20:11:40 2018]
Finished job 74.
80 of 12109 steps (0.66%) done

[Fri Aug 31 20:11:40 2018]
rule for_tab_sam2bam:
    input: .seq2geno_temp/CH2522/bwa/st_paired.sam
    output: .seq2geno_temp/CH2522/bwa/st_paired.bam
    jobid: 108
    wildcards: TMP_D=.seq2geno_temp, strain=CH2522, mapper=bwa

[Fri Aug 31 20:11:49 2018]
Finished job 108.
81 of 12109 steps (0.67%) done

[Fri Aug 31 20:11:49 2018]
rule compute_flatcounts:
    input: .seq2geno_temp/CH2522/bwa/st_paired.sam
    output: .seq2geno_temp/CH2522/bwa/st_variant.fltcnt, .seq2geno_temp/CH2522/bwa/st_variant.sin, .seq2geno_temp/CH2522/bwa/st_variant.art
    jobid: 40
    wildcards: TMP_D=.seq2geno_temp, strain=CH2522, mapper=bwa

[Fri Aug 31 20:12:55 2018]
Finished job 40.
82 of 12109 steps (0.68%) done

[Fri Aug 31 20:12:56 2018]
rule for_tab_sort_bam:
    input: .seq2geno_temp/CH2522/bwa/st_paired.bam
    output: .seq2geno_temp/CH2522/bwa/st_sorted.bam, .seq2geno_temp/CH2522/bwa/st_sorted.bam.bai
    jobid: 69
    wildcards: TMP_D=.seq2geno_temp, strain=CH2522, mapper=bwa

[Fri Aug 31 20:14:01 2018]
Finished job 69.
83 of 12109 steps (0.69%) done

[Fri Aug 31 20:14:01 2018]
rule for_tab_create_vcf:
    input: /net/metagenomics/data/from_moni/old.tzuhao/seq2geno/dev_versions/v5/data/reference/RefCln_UCBPP-PA14.fa, /net/metagenomics/data/from_moni/old.tzuhao/seq2geno/dev_versions/v5/data/reference/RefCln_UCBPP-PA14.fa.fai, .seq2geno_temp/CH2522/bwa/st_sorted.bam, .seq2geno_temp/CH2522/bwa/st_sorted.bam.bai
    output: .seq2geno_temp/CH2522/bwa/st_vcf.bcf, .seq2geno_temp/CH2522/bwa/st_variant.snp-vcf
    jobid: 33
    wildcards: TMP_D=.seq2geno_temp, strain=CH2522, mapper=bwa

[Fri Aug 31 20:19:54 2018]
Finished job 33.
84 of 12109 steps (0.69%) done

[Fri Aug 31 20:19:54 2018]
rule for_tab_copy_files:
    input: .seq2geno_temp/CH2522/bwa/st_variant.fltcnt, .seq2geno_temp/CH2522/bwa/st_variant.snp-vcf
    output: CH2522.flatcount, CH2522.flt.vcf
    jobid: 35
    wildcards: strain=CH2522

Warning: the following output files of rule for_tab_copy_files were not present when the DAG was created:
{'CH2522.flt.vcf'}
[Fri Aug 31 20:19:54 2018]
Finished job 35.
85 of 12109 steps (0.70%) done

[Fri Aug 31 20:19:55 2018]
rule for_tab_paired_read_bwa_mapping:
    input: data/strains/dna/CH2502_1.fq.gz, data/strains/dna/CH2502_2.fq.gz, /net/metagenomics/data/from_moni/old.tzuhao/seq2geno/dev_versions/v5/data/reference/RefCln_UCBPP-PA14.fa, /net/metagenomics/data/from_moni/old.tzuhao/seq2geno/dev_versions/v5/data/reference/RefCln_UCBPP-PA14.fa.fai, /net/metagenomics/data/from_moni/old.tzuhao/seq2geno/dev_versions/v5/data/reference/RefCln_UCBPP-PA14.fa.bwt
    output: .seq2geno_temp/CH2502/bwa/dna1.bwa.sai, .seq2geno_temp/CH2502/bwa/dna2.bwa.sai, .seq2geno_temp/CH2502/bwa/dna.bwa.bam
    jobid: 109
    wildcards: TMP_D=.seq2geno_temp, strain=CH2502, mapper=bwa

[Fri Aug 31 20:20:30 2018]
Finished job 109.
86 of 12109 steps (0.71%) done

[Fri Aug 31 20:20:31 2018]
rule for_tab_stampy_remapping:
    input: /net/metagenomics/data/from_moni/old.tzuhao/seq2geno/dev_versions/v5/data/reference/RefCln_UCBPP-PA14.fa.stidx, /net/metagenomics/data/from_moni/old.tzuhao/seq2geno/dev_versions/v5/data/reference/RefCln_UCBPP-PA14.fa.sthash, .seq2geno_temp/CH2502/bwa/dna.bwa.bam
    output: .seq2geno_temp/CH2502/bwa/st_paired.sam
    jobid: 71
    wildcards: TMP_D=.seq2geno_temp, strain=CH2502, mapper=bwa

[Fri Aug 31 20:23:06 2018]
Finished job 71.
87 of 12109 steps (0.72%) done

[Fri Aug 31 20:23:06 2018]
rule for_tab_sam2bam:
    input: .seq2geno_temp/CH2502/bwa/st_paired.sam
    output: .seq2geno_temp/CH2502/bwa/st_paired.bam
    jobid: 115
    wildcards: TMP_D=.seq2geno_temp, strain=CH2502, mapper=bwa

[Fri Aug 31 20:23:15 2018]
Finished job 115.
88 of 12109 steps (0.73%) done

[Fri Aug 31 20:23:15 2018]
rule compute_flatcounts:
    input: .seq2geno_temp/CH2502/bwa/st_paired.sam
    output: .seq2geno_temp/CH2502/bwa/st_variant.fltcnt, .seq2geno_temp/CH2502/bwa/st_variant.sin, .seq2geno_temp/CH2502/bwa/st_variant.art
    jobid: 36
    wildcards: TMP_D=.seq2geno_temp, strain=CH2502, mapper=bwa

[Fri Aug 31 20:24:22 2018]
Finished job 36.
89 of 12109 steps (0.73%) done

[Fri Aug 31 20:24:22 2018]
rule for_tab_sort_bam:
    input: .seq2geno_temp/CH2502/bwa/st_paired.bam
    output: .seq2geno_temp/CH2502/bwa/st_sorted.bam, .seq2geno_temp/CH2502/bwa/st_sorted.bam.bai
    jobid: 77
    wildcards: TMP_D=.seq2geno_temp, strain=CH2502, mapper=bwa

[Fri Aug 31 20:25:22 2018]
Finished job 77.
90 of 12109 steps (0.74%) done

[Fri Aug 31 20:25:23 2018]
rule for_tab_create_vcf:
    input: /net/metagenomics/data/from_moni/old.tzuhao/seq2geno/dev_versions/v5/data/reference/RefCln_UCBPP-PA14.fa, /net/metagenomics/data/from_moni/old.tzuhao/seq2geno/dev_versions/v5/data/reference/RefCln_UCBPP-PA14.fa.fai, .seq2geno_temp/CH2502/bwa/st_sorted.bam, .seq2geno_temp/CH2502/bwa/st_sorted.bam.bai
    output: .seq2geno_temp/CH2502/bwa/st_vcf.bcf, .seq2geno_temp/CH2502/bwa/st_variant.snp-vcf
    jobid: 44
    wildcards: TMP_D=.seq2geno_temp, strain=CH2502, mapper=bwa

[Fri Aug 31 20:31:21 2018]
Finished job 44.
91 of 12109 steps (0.75%) done

[Fri Aug 31 20:31:21 2018]
rule for_tab_copy_files:
    input: .seq2geno_temp/CH2502/bwa/st_variant.fltcnt, .seq2geno_temp/CH2502/bwa/st_variant.snp-vcf
    output: CH2502.flatcount, CH2502.flt.vcf
    jobid: 48
    wildcards: strain=CH2502

Warning: the following output files of rule for_tab_copy_files were not present when the DAG was created:
{'CH2502.flt.vcf'}
[Fri Aug 31 20:31:22 2018]
Finished job 48.
92 of 12109 steps (0.76%) done

[Fri Aug 31 20:31:22 2018]
rule paired_mapping:
    input: /net/metagenomics/data/from_moni/old.tzuhao/seq2geno/dev_versions/v5/data/reference/RefCln_UCBPP-PA14.fa, data/strains/dna/F1659_1.fq.gz, data/strains/dna/F1659_2.fq.gz, /net/metagenomics/data/from_moni/old.tzuhao/seq2geno/dev_versions/v5/data/reference/RefCln_UCBPP-PA14.fa.bwt
    output: .seq2geno_temp/F1659/bwa/paired.bam
    jobid: 132
    wildcards: TMP_D=.seq2geno_temp, strain=F1659, mapper=bwa

[Fri Aug 31 20:31:51 2018]
Finished job 132.
93 of 12109 steps (0.77%) done

[Fri Aug 31 20:31:51 2018]
rule sort_bam:
    input: .seq2geno_temp/F1659/bwa/paired.bam
    output: .seq2geno_temp/F1659/bwa/sorted.bam, .seq2geno_temp/F1659/bwa/sorted.bam.bai
    jobid: 120
    wildcards: TMP_D=.seq2geno_temp, strain=F1659, mapper=bwa

[Fri Aug 31 20:34:19 2018]
Finished job 120.
94 of 12109 steps (0.78%) done

[Fri Aug 31 20:34:19 2018]
rule create_vcf:
    input: /net/metagenomics/data/from_moni/old.tzuhao/seq2geno/dev_versions/v5/data/reference/RefCln_UCBPP-PA14.fa, /net/metagenomics/data/from_moni/old.tzuhao/seq2geno/dev_versions/v5/data/reference/RefCln_UCBPP-PA14.fa.fai, .seq2geno_temp/F1659/bwa/sorted.bam, .seq2geno_temp/F1659/bwa/sorted.bam.bai
    output: .seq2geno_temp/F1659/bwa/vcf.gz
    jobid: 84
    wildcards: TMP_D=.seq2geno_temp, strain=F1659, mapper=bwa

[Fri Aug 31 20:35:08 2018]
Finished job 84.
95 of 12109 steps (0.78%) done

[Fri Aug 31 20:35:08 2018]
rule paired_mapping:
    input: /net/metagenomics/data/from_moni/old.tzuhao/seq2geno/dev_versions/v5/data/reference/RefCln_UCBPP-PA14.fa, data/strains/dna/MHH15083_1.fq.gz, data/strains/dna/MHH15083_2.fq.gz, /net/metagenomics/data/from_moni/old.tzuhao/seq2geno/dev_versions/v5/data/reference/RefCln_UCBPP-PA14.fa.bwt
    output: .seq2geno_temp/MHH15083/bwa/paired.bam
    jobid: 133
    wildcards: TMP_D=.seq2geno_temp, strain=MHH15083, mapper=bwa

[Fri Aug 31 20:35:38 2018]
Finished job 133.
96 of 12109 steps (0.79%) done

[Fri Aug 31 20:35:39 2018]
rule sort_bam:
    input: .seq2geno_temp/MHH15083/bwa/paired.bam
    output: .seq2geno_temp/MHH15083/bwa/sorted.bam, .seq2geno_temp/MHH15083/bwa/sorted.bam.bai
    jobid: 121
    wildcards: TMP_D=.seq2geno_temp, strain=MHH15083, mapper=bwa

[Fri Aug 31 20:37:57 2018]
Finished job 121.
97 of 12109 steps (0.80%) done

[Fri Aug 31 20:37:58 2018]
rule create_vcf:
    input: /net/metagenomics/data/from_moni/old.tzuhao/seq2geno/dev_versions/v5/data/reference/RefCln_UCBPP-PA14.fa, /net/metagenomics/data/from_moni/old.tzuhao/seq2geno/dev_versions/v5/data/reference/RefCln_UCBPP-PA14.fa.fai, .seq2geno_temp/MHH15083/bwa/sorted.bam, .seq2geno_temp/MHH15083/bwa/sorted.bam.bai
    output: .seq2geno_temp/MHH15083/bwa/vcf.gz
    jobid: 85
    wildcards: TMP_D=.seq2geno_temp, strain=MHH15083, mapper=bwa

[Fri Aug 31 20:38:54 2018]
Finished job 85.
98 of 12109 steps (0.81%) done

[Fri Aug 31 20:38:54 2018]
rule paired_mapping:
    input: /net/metagenomics/data/from_moni/old.tzuhao/seq2geno/dev_versions/v5/data/reference/RefCln_UCBPP-PA14.fa, data/strains/dna/ESP088_1.fq.gz, data/strains/dna/ESP088_2.fq.gz, /net/metagenomics/data/from_moni/old.tzuhao/seq2geno/dev_versions/v5/data/reference/RefCln_UCBPP-PA14.fa.bwt
    output: .seq2geno_temp/ESP088/bwa/paired.bam
    jobid: 134
    wildcards: TMP_D=.seq2geno_temp, strain=ESP088, mapper=bwa

[Fri Aug 31 20:39:17 2018]
Finished job 134.
99 of 12109 steps (0.82%) done

[Fri Aug 31 20:39:17 2018]
rule sort_bam:
    input: .seq2geno_temp/ESP088/bwa/paired.bam
    output: .seq2geno_temp/ESP088/bwa/sorted.bam, .seq2geno_temp/ESP088/bwa/sorted.bam.bai
    jobid: 122
    wildcards: TMP_D=.seq2geno_temp, strain=ESP088, mapper=bwa

[Fri Aug 31 20:40:47 2018]
Finished job 122.
100 of 12109 steps (0.83%) done

[Fri Aug 31 20:40:48 2018]
rule create_vcf:
    input: /net/metagenomics/data/from_moni/old.tzuhao/seq2geno/dev_versions/v5/data/reference/RefCln_UCBPP-PA14.fa, /net/metagenomics/data/from_moni/old.tzuhao/seq2geno/dev_versions/v5/data/reference/RefCln_UCBPP-PA14.fa.fai, .seq2geno_temp/ESP088/bwa/sorted.bam, .seq2geno_temp/ESP088/bwa/sorted.bam.bai
    output: .seq2geno_temp/ESP088/bwa/vcf.gz
    jobid: 87
    wildcards: TMP_D=.seq2geno_temp, strain=ESP088, mapper=bwa

[Fri Aug 31 20:41:29 2018]
Finished job 87.
101 of 12109 steps (0.83%) done

[Fri Aug 31 20:41:29 2018]
rule paired_mapping:
    input: /net/metagenomics/data/from_moni/old.tzuhao/seq2geno/dev_versions/v5/data/reference/RefCln_UCBPP-PA14.fa, data/strains/dna/CH2500_1.fq.gz, data/strains/dna/CH2500_2.fq.gz, /net/metagenomics/data/from_moni/old.tzuhao/seq2geno/dev_versions/v5/data/reference/RefCln_UCBPP-PA14.fa.bwt
    output: .seq2geno_temp/CH2500/bwa/paired.bam
    jobid: 135
    wildcards: TMP_D=.seq2geno_temp, strain=CH2500, mapper=bwa

[Fri Aug 31 20:41:47 2018]
Finished job 135.
102 of 12109 steps (0.84%) done

[Fri Aug 31 20:41:47 2018]
rule sort_bam:
    input: .seq2geno_temp/CH2500/bwa/paired.bam
    output: .seq2geno_temp/CH2500/bwa/sorted.bam, .seq2geno_temp/CH2500/bwa/sorted.bam.bai
    jobid: 123
    wildcards: TMP_D=.seq2geno_temp, strain=CH2500, mapper=bwa

[Fri Aug 31 20:42:50 2018]
Finished job 123.
103 of 12109 steps (0.85%) done

[Fri Aug 31 20:42:51 2018]
rule create_vcf:
    input: /net/metagenomics/data/from_moni/old.tzuhao/seq2geno/dev_versions/v5/data/reference/RefCln_UCBPP-PA14.fa, /net/metagenomics/data/from_moni/old.tzuhao/seq2geno/dev_versions/v5/data/reference/RefCln_UCBPP-PA14.fa.fai, .seq2geno_temp/CH2500/bwa/sorted.bam, .seq2geno_temp/CH2500/bwa/sorted.bam.bai
    output: .seq2geno_temp/CH2500/bwa/vcf.gz
    jobid: 90
    wildcards: TMP_D=.seq2geno_temp, strain=CH2500, mapper=bwa

[Fri Aug 31 20:43:15 2018]
Finished job 90.
104 of 12109 steps (0.86%) done

[Fri Aug 31 20:43:15 2018]
rule paired_mapping:
    input: /net/metagenomics/data/from_moni/old.tzuhao/seq2geno/dev_versions/v5/data/reference/RefCln_UCBPP-PA14.fa, data/strains/dna/CH2522_1.fq.gz, data/strains/dna/CH2522_2.fq.gz, /net/metagenomics/data/from_moni/old.tzuhao/seq2geno/dev_versions/v5/data/reference/RefCln_UCBPP-PA14.fa.bwt
    output: .seq2geno_temp/CH2522/bwa/paired.bam
    jobid: 137
    wildcards: TMP_D=.seq2geno_temp, strain=CH2522, mapper=bwa

[Fri Aug 31 20:43:37 2018]
Finished job 137.
105 of 12109 steps (0.87%) done

[Fri Aug 31 20:43:37 2018]
rule sort_bam:
    input: .seq2geno_temp/CH2522/bwa/paired.bam
    output: .seq2geno_temp/CH2522/bwa/sorted.bam, .seq2geno_temp/CH2522/bwa/sorted.bam.bai
    jobid: 125
    wildcards: TMP_D=.seq2geno_temp, strain=CH2522, mapper=bwa

[Fri Aug 31 20:44:39 2018]
Finished job 125.
106 of 12109 steps (0.88%) done

[Fri Aug 31 20:44:40 2018]
rule create_vcf:
    input: /net/metagenomics/data/from_moni/old.tzuhao/seq2geno/dev_versions/v5/data/reference/RefCln_UCBPP-PA14.fa, /net/metagenomics/data/from_moni/old.tzuhao/seq2geno/dev_versions/v5/data/reference/RefCln_UCBPP-PA14.fa.fai, .seq2geno_temp/CH2522/bwa/sorted.bam, .seq2geno_temp/CH2522/bwa/sorted.bam.bai
    output: .seq2geno_temp/CH2522/bwa/vcf.gz
    jobid: 93
    wildcards: TMP_D=.seq2geno_temp, strain=CH2522, mapper=bwa

[Fri Aug 31 20:45:27 2018]
Finished job 93.
107 of 12109 steps (0.88%) done

[Fri Aug 31 20:45:27 2018]
rule paired_mapping:
    input: /net/metagenomics/data/from_moni/old.tzuhao/seq2geno/dev_versions/v5/data/reference/RefCln_UCBPP-PA14.fa, data/strains/dna/CH2502_1.fq.gz, data/strains/dna/CH2502_2.fq.gz, /net/metagenomics/data/from_moni/old.tzuhao/seq2geno/dev_versions/v5/data/reference/RefCln_UCBPP-PA14.fa.bwt
    output: .seq2geno_temp/CH2502/bwa/paired.bam
    jobid: 136
    wildcards: TMP_D=.seq2geno_temp, strain=CH2502, mapper=bwa

[Fri Aug 31 20:45:46 2018]
Finished job 136.
108 of 12109 steps (0.89%) done

[Fri Aug 31 20:45:47 2018]
rule sort_bam:
    input: .seq2geno_temp/CH2502/bwa/paired.bam
    output: .seq2geno_temp/CH2502/bwa/sorted.bam, .seq2geno_temp/CH2502/bwa/sorted.bam.bai
    jobid: 124
    wildcards: TMP_D=.seq2geno_temp, strain=CH2502, mapper=bwa

[Fri Aug 31 20:46:44 2018]
Finished job 124.
109 of 12109 steps (0.90%) done

[Fri Aug 31 20:46:45 2018]
rule create_vcf:
    input: /net/metagenomics/data/from_moni/old.tzuhao/seq2geno/dev_versions/v5/data/reference/RefCln_UCBPP-PA14.fa, /net/metagenomics/data/from_moni/old.tzuhao/seq2geno/dev_versions/v5/data/reference/RefCln_UCBPP-PA14.fa.fai, .seq2geno_temp/CH2502/bwa/sorted.bam, .seq2geno_temp/CH2502/bwa/sorted.bam.bai
    output: .seq2geno_temp/CH2502/bwa/vcf.gz
    jobid: 92
    wildcards: TMP_D=.seq2geno_temp, strain=CH2502, mapper=bwa

[Fri Aug 31 20:47:24 2018]
Finished job 92.
110 of 12109 steps (0.91%) done

[Fri Aug 31 20:47:24 2018]
rule for_tab_copy_files:
    input: .seq2geno_temp/F1659/bwa/st_variant.fltcnt, .seq2geno_temp/F1659/bwa/st_variant.snp-vcf
    output: F1659.flatcount, F1659.flt.vcf
    jobid: 34
    wildcards: strain=F1659

Warning: the following output files of rule for_tab_copy_files were not present when the DAG was created:
{'F1659.flt.vcf'}
[Fri Aug 31 20:47:24 2018]
Finished job 34.
111 of 12109 steps (0.92%) done

[Fri Aug 31 20:47:25 2018]
rule for_tab_copy_files:
    input: .seq2geno_temp/CH2500/bwa/st_variant.fltcnt, .seq2geno_temp/CH2500/bwa/st_variant.snp-vcf
    output: CH2500.flatcount, CH2500.flt.vcf
    jobid: 31
    wildcards: strain=CH2500

Warning: the following output files of rule for_tab_copy_files were not present when the DAG was created:
{'CH2500.flt.vcf'}
[Fri Aug 31 20:47:25 2018]
Finished job 31.
112 of 12109 steps (0.92%) done

[Fri Aug 31 20:47:25 2018]
rule create_dict_file:
    input: CH2500.flt.vcf, CH2502.flt.vcf, CH2522.flt.vcf, F1659.flt.vcf, ESP088.flt.vcf, MHH15083.flt.vcf, CH2500.flatcount, CH2502.flatcount, CH2522.flatcount, F1659.flatcount, ESP088.flatcount, MHH15083.flatcount
    output: dict.txt
    jobid: 32

[Fri Aug 31 20:47:26 2018]
Finished job 32.
113 of 12109 steps (0.93%) done

[Fri Aug 31 20:47:26 2018]
rule all_snps_list:
    input: .seq2geno_temp/CH2500/bwa/st_variant.fltcnt, .seq2geno_temp/CH2502/bwa/st_variant.fltcnt, .seq2geno_temp/CH2522/bwa/st_variant.fltcnt, .seq2geno_temp/F1659/bwa/st_variant.fltcnt, .seq2geno_temp/ESP088/bwa/st_variant.fltcnt, .seq2geno_temp/MHH15083/bwa/st_variant.fltcnt, .seq2geno_temp/CH2500/bwa/st_variant.snp-vcf, .seq2geno_temp/CH2502/bwa/st_variant.snp-vcf, .seq2geno_temp/CH2522/bwa/st_variant.snp-vcf, .seq2geno_temp/F1659/bwa/st_variant.snp-vcf, .seq2geno_temp/ESP088/bwa/st_variant.snp-vcf, .seq2geno_temp/MHH15083/bwa/st_variant.snp-vcf, CH2500.flatcount, CH2502.flatcount, CH2522.flatcount, F1659.flatcount, ESP088.flatcount, MHH15083.flatcount, CH2500.flt.vcf, CH2502.flt.vcf, CH2522.flt.vcf, F1659.flt.vcf, ESP088.flt.vcf, MHH15083.flt.vcf, dict.txt, Pseudomonas_aeruginosa_PA14_annotation_with_ncRNAs_07_2011_12genes.tab
    output: .seq2geno_temp/DNA_Pool1_final.tab
    jobid: 16

[Fri Aug 31 20:55:26 2018]
Finished job 16.
114 of 12109 steps (0.94%) done

[Fri Aug 31 20:55:26 2018]
rule nonsyn_snps_table:
    input: .seq2geno_temp/DNA_Pool1_final.tab, /net/metagenomics/data/from_moni/old.tzuhao/seq2geno/dev_versions/v5/data/reference/RefCln_UCBPP-PA14.gbk
    output: .seq2geno_temp/non-syn_SNPs.tab
    jobid: 11

    [Fri Aug 31 20:55:29 2018]
    Error in rule nonsyn_snps_table:
        jobid: 11
        output: .seq2geno_temp/non-syn_SNPs.tab

RuleException:
CalledProcessError in line 46 of /net/sgi/metagenomics/data/from_moni/old.tzuhao/seq2geno/dev_versions/v5/CREATE_SNPS_TABLE.smk:
Command ' set -euo pipefail;  
        source activate py27
        python snps_original_methods/Snp2Amino.edit.py -f .seq2geno_temp/DNA_Pool1_final.tab -g /net/metagenomics/data/from_moni/old.tzuhao/seq2geno/dev_versions/v5/data/reference/RefCln_UCBPP-PA14.gbk         -n non-syn         -o .seq2geno_temp/non-syn_SNPs.tab 
        source deactivate ' returned non-zero exit status 1.
  File "/net/sgi/metagenomics/data/from_moni/old.tzuhao/seq2geno/dev_versions/v5/CREATE_SNPS_TABLE.smk", line 46, in __rule_nonsyn_snps_table
  File "/home/thkuo/miniconda3/envs/seq2geno/lib/python3.6/concurrent/futures/thread.py", line 56, in run
Shutting down, this might take some time.
Exiting because a job execution failed. Look above for error message
Complete log: /net/sgi/metagenomics/data/from_moni/old.tzuhao/seq2geno/dev_versions/v5/.snakemake/log/2018-08-31T094108.531995.snakemake.log
