Building DAG of jobs...
Using shell: /bin/bash
Provided cores: 1
Rules claiming more threads will be scaled down.
Job counts:
	count	jobs
	1	all
	1	aln_to_vcf
	1	create_and_make_expr_table
	1	create_indel_table
	1	make_gene_family_alignment
	1	vcf_to_indels
	1	write_dict_file
	7

rule write_dict_file:
    input: tmp/CH2500/rna_sorted.rmdup.rpg, tmp/CH2502/rna_sorted.rmdup.rpg, tmp/CH2522/rna_sorted.rmdup.rpg, tmp/F1659/rna_sorted.rmdup.rpg
    output: tmp/rpg_dict
    jobid: 9

Finished job 9.
1 of 7 steps (14%) done

rule create_and_make_expr_table:
    input: tmp/rpg_dict
    output: /net/metagenomics/data/from_moni/old.tzuhao/seq2geno/dev_versions/v3/results/expr.tab
    jobid: 5

Finished job 5.
2 of 7 steps (29%) done

rule make_gene_family_alignment:
    input: tmp/extracted_protein_nt/families.list
    output: tmp/extracted_protein_nt/families_aln.list
    jobid: 40
    wildcards: TMP_D=tmp

