Building DAG of jobs...
Using shell: /bin/bash
Provided cores: 1
Rules claiming more threads will be scaled down.
Job counts:
	count	jobs
	1	all
	1	compute_gpa_raw_table
	4	create_gff
	6

rule create_gff:
    input: tmp/CH2500/spades.assem.fa
    output: tmp/CH2500/spades.prokka.gff
    jobid: 10
    wildcards: TMP_D=tmp, strain=CH2500, assembler=spades

Finished job 10.
1 of 6 steps (17%) done

rule create_gff:
    input: tmp/F1659/spades.assem.fa
    output: tmp/F1659/spades.prokka.gff
    jobid: 8
    wildcards: TMP_D=tmp, strain=F1659, assembler=spades

Finished job 8.
2 of 6 steps (33%) done

rule create_gff:
    input: tmp/CH2522/spades.assem.fa
    output: tmp/CH2522/spades.prokka.gff
    jobid: 9
    wildcards: TMP_D=tmp, strain=CH2522, assembler=spades

Finished job 9.
3 of 6 steps (50%) done

rule create_gff:
    input: tmp/CH2502/spades.assem.fa
    output: tmp/CH2502/spades.prokka.gff
    jobid: 7
    wildcards: TMP_D=tmp, strain=CH2502, assembler=spades

Finished job 7.
4 of 6 steps (67%) done

rule compute_gpa_raw_table:
    input: tmp/CH2500/spades.prokka.gff, tmp/CH2502/spades.prokka.gff, tmp/CH2522/spades.prokka.gff, tmp/F1659/spades.prokka.gff
    output: tmp/roary/gene_presence_absence.csv
    jobid: 4
    wildcards: TMP_D=tmp

Finished job 4.
5 of 6 steps (83%) done

localrule all:
    input: /net/metagenomics/data/from_moni/old.tzuhao/seq2geno/dev_versions/v3/results/Paeru.nwk, tmp/CH2500/spades.assem.fa, tmp/CH2502/spades.assem.fa, tmp/CH2522/spades.assem.fa, tmp/F1659/spades.assem.fa, tmp/roary/gene_presence_absence.csv
    jobid: 0

Finished job 0.
6 of 6 steps (100%) done
Complete log: /net/sgi/metagenomics/data/from_moni/old.tzuhao/seq2geno/dev_versions/v3/.snakemake/log/2018-07-10T134901.406315.snakemake.log
