Building DAG of jobs...
Using shell: /bin/bash
Provided cores: 1
Rules claiming more threads will be scaled down.
Job counts:
	count	jobs
	1	all
	1	all_snps_list
	4	compute_flatcounts
	1	covert_snps_table
	1	create_dict_file
	4	for_tab_copy_vcf
	4	for_tab_create_vcf
	4	for_tab_paired_read_bwa_mapping
	4	for_tab_sam2bam
	4	for_tab_sort_bam
	4	for_tab_stampy_remapping
	1	nonsyn_snps_table
	1	syn_snps_table
	34

[Tue Aug 21 14:36:01 2018]
rule for_tab_paired_read_bwa_mapping:
    input: data/strains/dna/F1659_1.fq.gz, data/strains/dna/F1659_2.fq.gz, /net/metagenomics/data/from_moni/old.tzuhao/seq2geno/dev_versions/v4/data/reference/RefCln_UCBPP-PA14.fa, /net/metagenomics/data/from_moni/old.tzuhao/seq2geno/dev_versions/v4/data/reference/RefCln_UCBPP-PA14.fa.fai, /net/metagenomics/data/from_moni/old.tzuhao/seq2geno/dev_versions/v4/data/reference/RefCln_UCBPP-PA14.fa.bwt
    output: tmp/F1659/bwa/dna1.bwa.sai, tmp/F1659/bwa/dna2.bwa.sai, tmp/F1659/bwa/dna.bwa.bam
    jobid: 24
    wildcards: TMP_D=tmp, strain=F1659, mapper=bwa

[Tue Aug 21 14:36:57 2018]
Finished job 24.
1 of 34 steps (3%) done

[Tue Aug 21 14:36:57 2018]
rule for_tab_stampy_remapping:
    input: /net/metagenomics/data/from_moni/old.tzuhao/seq2geno/dev_versions/v4/data/reference/RefCln_UCBPP-PA14.fa.stidx, /net/metagenomics/data/from_moni/old.tzuhao/seq2geno/dev_versions/v4/data/reference/RefCln_UCBPP-PA14.fa.sthash, tmp/F1659/bwa/dna.bwa.bam
    output: tmp/F1659/bwa/st_paired.sam
    jobid: 15
    wildcards: TMP_D=tmp, strain=F1659, mapper=bwa

[Tue Aug 21 14:41:39 2018]
Finished job 15.
2 of 34 steps (6%) done

[Tue Aug 21 14:41:39 2018]
rule compute_flatcounts:
    input: tmp/F1659/bwa/st_paired.sam
    output: tmp/F1659/bwa/st_variant.flatcount, tmp/F1659/bwa/st_variant.sin, tmp/F1659/bwa/st_variant.art
    jobid: 6
    wildcards: TMP_D=tmp, strain=F1659, mapper=bwa

    [Tue Aug 21 14:41:40 2018]
    Error in rule compute_flatcounts:
        jobid: 6
        output: tmp/F1659/bwa/st_variant.flatcount, tmp/F1659/bwa/st_variant.sin, tmp/F1659/bwa/st_variant.art

RuleException:
CalledProcessError in line 133 of /net/sgi/metagenomics/data/from_moni/old.tzuhao/seq2geno/dev_versions/v5/CREATE_SNPS_TABLE.smk:
Command ' set -euo pipefail;  
        sam2art.pl -s 2 -p -4 tmp/F1659/bwa/st_paired.sam > tmp/F1659/bwa/st_variant.art 
        sam2art.pl -s 2 -l -p -4 tmp/F1659/bwa/st_paired.sam > tmp/F1659/bwa/st_variant.sin
        sam2art.pl -f -s 2 -p tmp/F1659/bwa/st_paired.sam > tmp/F1659/bwa/st_variant.flatcount ' returned non-zero exit status 127.
  File "/net/sgi/metagenomics/data/from_moni/old.tzuhao/seq2geno/dev_versions/v5/CREATE_SNPS_TABLE.smk", line 133, in __rule_compute_flatcounts
  File "/home/thkuo/miniconda3/envs/seq2geno/lib/python3.6/concurrent/futures/thread.py", line 56, in run
Removing output files of failed job compute_flatcounts since they might be corrupted:
tmp/F1659/bwa/st_variant.art
Shutting down, this might take some time.
Exiting because a job execution failed. Look above for error message
Complete log: /net/sgi/metagenomics/data/from_moni/old.tzuhao/seq2geno/dev_versions/v5/.snakemake/log/2018-08-21T143554.459817.snakemake.log
