Building DAG of jobs...
Using shell: /bin/bash
Provided cores: 1
Rules claiming more threads will be scaled down.
Job counts:
	count	jobs
	1	all
	2	aln_to_vcf_per_fam
	1	create_indel_table
	1	expand_by_family
	2	vcf_to_indels_per_fam
	7

[Mon Aug 13 11:29:17 2018]
rule aln_to_vcf_per_fam:
    input: tmp/extracted_proteins_nt/fhuA_3.aln
    output: tmp/extracted_proteins_nt/fhuA_3.vcf
    jobid: 29
    wildcards: fam=fhuA_3

[Mon Aug 13 11:29:18 2018]
Finished job 29.
1 of 7 steps (14%) done

[Mon Aug 13 11:29:18 2018]
rule aln_to_vcf_per_fam:
    input: tmp/extracted_proteins_nt/xcpW.aln
    output: tmp/extracted_proteins_nt/xcpW.vcf
    jobid: 27
    wildcards: fam=xcpW

[Mon Aug 13 11:29:19 2018]
Finished job 27.
2 of 7 steps (29%) done

[Mon Aug 13 11:29:19 2018]
rule vcf_to_indels_per_fam:
    input: tmp/extracted_proteins_nt/fhuA_3.vcf
    output: tmp/extracted_proteins_nt/fhuA_3_indels.txt, tmp/extracted_proteins_nt/fhuA_3_indels.gff, tmp/extracted_proteins_nt/fhuA_3_indel_stats.txt
    jobid: 24
    wildcards: fam=fhuA_3

[Mon Aug 13 11:29:20 2018]
Finished job 24.
3 of 7 steps (43%) done

[Mon Aug 13 11:29:20 2018]
rule vcf_to_indels_per_fam:
    input: tmp/extracted_proteins_nt/xcpW.vcf
    output: tmp/extracted_proteins_nt/xcpW_indels.txt, tmp/extracted_proteins_nt/xcpW_indels.gff, tmp/extracted_proteins_nt/xcpW_indel_stats.txt
    jobid: 22
    wildcards: fam=xcpW

[Mon Aug 13 11:29:22 2018]
Finished job 22.
4 of 7 steps (57%) done

[Mon Aug 13 11:29:22 2018]
rule expand_by_family:
    input: tmp/extracted_proteins_nt/aaeA_2_indels.txt, tmp/extracted_proteins_nt/fhuA_3_indels.txt, tmp/extracted_proteins_nt/xcpW_indels.txt, tmp/extracted_proteins_nt/aaeA_1_indels.txt, tmp/extracted_proteins_nt/aaaT_indels.txt
    output: tmp/indel.list
    jobid: 19

[Mon Aug 13 11:29:23 2018]
Finished job 19.
5 of 7 steps (71%) done

[Mon Aug 13 11:29:23 2018]
rule create_indel_table:
    input: tmp/roary/gene_presence_absence.Rtab, tmp/indel.list
    output: /net/metagenomics/data/from_moni/old.tzuhao/seq2geno/dev_versions/v4/results/annot.tab, indel_annot.txt, indels_stats.txt, roary_PA14_abricate.txt
    jobid: 1

    [Mon Aug 13 11:29:24 2018]
    Error in rule create_indel_table:
        jobid: 1
        output: /net/metagenomics/data/from_moni/old.tzuhao/seq2geno/dev_versions/v4/results/annot.tab, indel_annot.txt, indels_stats.txt, roary_PA14_abricate.txt

RuleException:
CalledProcessError in line 78 of /net/sgi/metagenomics/data/from_moni/old.tzuhao/seq2geno/dev_versions/v4/CREATE_INDEL_TABLE.smk:
Command ' set -euo pipefail;  
        source activate py27
        python indel_detection/generate_indel_features.py         <(cut -f1 tmp/roary/gene_presence_absence.Rtab| tail -n+2 )         /net/metagenomics/data/from_moni/old.tzuhao/seq2geno/dev_versions/v4/results/annot.tab indel_annot.txt         indels_stats.txt roary_PA14_abricate.txt 
        source deactivate ' returned non-zero exit status 1.
  File "/net/sgi/metagenomics/data/from_moni/old.tzuhao/seq2geno/dev_versions/v4/CREATE_INDEL_TABLE.smk", line 78, in __rule_create_indel_table
  File "/home/thkuo/miniconda3/envs/phypal/lib/python3.6/concurrent/futures/thread.py", line 55, in run
Shutting down, this might take some time.
Exiting because a job execution failed. Look above for error message
Complete log: /net/sgi/metagenomics/data/from_moni/old.tzuhao/seq2geno/dev_versions/v4/.snakemake/log/2018-08-13T112914.750025.snakemake.log
